[Thu Apr 30 15:06:38 UTC 2026] === C=512 M='1024 2048 8192' patience=500 ===
[aiter] import [module_aiter_core] under /home/anguyenh/aiter/aiter/jit/module_aiter_core.so
Tuning kernel: fused_mhc
M values: [1024, 2048, 8192]
n: 4
C values: [512]
Sinkhorn iterations: 20
Data type: bf16
Loaded tuning space from 'tuning_results/tuning_space_mhc.json'
Total configurations to tune: 9792 (shuffled randomly)
Using 4 worker(s) on GPU(s): [4, 5, 6, 7]

################################################################################
# TUNING C=512
################################################################################

================================================================================
Starting tuning for fused_mhc: M=1024, n=4, C=512, sinkhorn_iters=20
================================================================================
[Main] Testing 9792/9792 configs (skipping 0 already tested)
[aiter] import [module_aiter_core] under /home/anguyenh/aiter/aiter/jit/module_aiter_core.so
[aiter] import [module_aiter_core] under /home/anguyenh/aiter/aiter/jit/module_aiter_core.so

[Monitor] Started monitoring results for fused_mhc: M=1024, n=4, C=512, sinkhorn_iters=20
[Monitor] Waiting for 9792 benchmark results...
[Monitor] Will stop early if no improvement after 500 configs
[Monitor] ✓ New best! Config 15/9792: 0.052 ms (Progress: 1/9792)
[Monitor] ✓ New best! Config 4251/9792: 0.051 ms (Progress: 2/9792)
[Monitor] ✓ New best! Config 3383/9792: 0.048 ms (Progress: 3/9792)
[Monitor] ✓ New best! Config 4061/9792: 0.041 ms (Progress: 5/9792)
[Monitor] ✓ New best! Config 4084/9792: 0.028 ms (Progress: 8/9792)
[aiter] import [module_aiter_core] under /home/anguyenh/aiter/aiter/jit/module_aiter_core.so
[aiter] import [module_aiter_core] under /home/anguyenh/aiter/aiter/jit/module_aiter_core.so
[Monitor] Progress: 58/9792 (Valid: 58, Failed: 0, Best: 0.028 ms, No improvement: 50/500)
[Monitor] ✓ New best! Config 2328/9792: 0.028 ms (Progress: 67/9792)
[aiter] import [module_aiter_core] under /home/anguyenh/aiter/aiter/jit/module_aiter_core.so
[Monitor] ✓ New best! Config 2381/9792: 0.027 ms (Progress: 115/9792)
[Monitor] Progress: 165/9792 (Valid: 165, Failed: 0, Best: 0.027 ms, No improvement: 50/500)
[Monitor] Progress: 215/9792 (Valid: 215, Failed: 0, Best: 0.027 ms, No improvement: 100/500)
[Monitor] ✓ New best! Config 114/9792: 0.022 ms (Progress: 236/9792)
[Monitor] Progress: 286/9792 (Valid: 286, Failed: 0, Best: 0.022 ms, No improvement: 50/500)
[Monitor] Progress: 336/9792 (Valid: 336, Failed: 0, Best: 0.022 ms, No improvement: 100/500)
[Monitor] Progress: 386/9792 (Valid: 386, Failed: 0, Best: 0.022 ms, No improvement: 150/500)
[Monitor] Progress: 436/9792 (Valid: 436, Failed: 0, Best: 0.022 ms, No improvement: 200/500)
[Monitor] Progress: 486/9792 (Valid: 486, Failed: 0, Best: 0.022 ms, No improvement: 250/500)
[Monitor] Progress: 536/9792 (Valid: 536, Failed: 0, Best: 0.022 ms, No improvement: 300/500)
[Monitor] Progress: 586/9792 (Valid: 586, Failed: 0, Best: 0.022 ms, No improvement: 350/500)
[Monitor] Progress: 636/9792 (Valid: 636, Failed: 0, Best: 0.022 ms, No improvement: 400/500)
[Monitor] Progress: 686/9792 (Valid: 686, Failed: 0, Best: 0.022 ms, No improvement: 450/500)

[Monitor] ⚠️  Early stopping: No improvement for 500 configs
[Monitor] Best config found: 0.022 ms at index 114

[Monitor] ================================================================================
[Monitor] RESULTS SUMMARY for fused_mhc: M=1024, n=4, C=512, sinkhorn_iters=20
[Monitor] ================================================================================
[Monitor] Total configs tested: 736/9792
[Monitor] Valid results: 736
[Monitor] Failed configs: 0
[Monitor] Best time: 0.022 ms
[Monitor] Best config index: 114
[Monitor] Best config: {'BLOCK_M': 32, 'BLOCK_N': 16, 'BLOCK_K': 256, 'NUM_KSPLIT': 1, 'num_warps': 4, 'num_stages': 1, 'waves_per_eu': 2, 'USE_REDUCE_SPLITC': False}
[Monitor] Results saved to: best_configs_mhc_fused_mhc_sk20_M1024_2048_8192_n4_C512_20260430_150641.json
[Monitor] ================================================================================

[Worker GPU 7] Received stop signal, terminating...
[Worker GPU 4] Received stop signal, terminating...
[Worker GPU 5] Received stop signal, terminating...
[Worker GPU 6] Received stop signal, terminating...
[Main] Completed tuning for fused_mhc: M=1024, n=4, C=512, sinkhorn_iters=20


================================================================================
Starting tuning for fused_mhc: M=2048, n=4, C=512, sinkhorn_iters=20
================================================================================
[Main] Testing 9792/9792 configs (skipping 0 already tested)
[aiter] import [module_aiter_core] under /home/anguyenh/aiter/aiter/jit/module_aiter_core.so
[aiter] import [module_aiter_core] under /home/anguyenh/aiter/aiter/jit/module_aiter_core.so

[Monitor] Started monitoring results for fused_mhc: M=2048, n=4, C=512, sinkhorn_iters=20
[Monitor] Waiting for 9792 benchmark results...
[Monitor] Will stop early if no improvement after 500 configs
[Monitor] ✓ New best! Config 15/9792: 0.053 ms (Progress: 1/9792)
[Monitor] ✓ New best! Config 4251/9792: 0.050 ms (Progress: 2/9792)
[Monitor] ✓ New best! Config 3383/9792: 0.048 ms (Progress: 3/9792)
[Monitor] ✓ New best! Config 4061/9792: 0.044 ms (Progress: 5/9792)
[Monitor] ✓ New best! Config 4084/9792: 0.030 ms (Progress: 8/9792)
[aiter] import [module_aiter_core] under /home/anguyenh/aiter/aiter/jit/module_aiter_core.so
[aiter] import [module_aiter_core] under /home/anguyenh/aiter/aiter/jit/module_aiter_core.so
[Monitor] Progress: 58/9792 (Valid: 58, Failed: 0, Best: 0.030 ms, No improvement: 50/500)
[Monitor] ✓ New best! Config 2328/9792: 0.028 ms (Progress: 67/9792)
[aiter] import [module_aiter_core] under /home/anguyenh/aiter/aiter/jit/module_aiter_core.so
[Monitor] ✓ New best! Config 2381/9792: 0.028 ms (Progress: 115/9792)
[Monitor] Progress: 165/9792 (Valid: 165, Failed: 0, Best: 0.028 ms, No improvement: 50/500)
[Monitor] Progress: 215/9792 (Valid: 215, Failed: 0, Best: 0.028 ms, No improvement: 100/500)
[Monitor] ✓ New best! Config 114/9792: 0.023 ms (Progress: 241/9792)
[Monitor] Progress: 291/9792 (Valid: 291, Failed: 0, Best: 0.023 ms, No improvement: 50/500)
[Monitor] Progress: 341/9792 (Valid: 341, Failed: 0, Best: 0.023 ms, No improvement: 100/500)
[Monitor] Progress: 391/9792 (Valid: 391, Failed: 0, Best: 0.023 ms, No improvement: 150/500)
[Monitor] Progress: 441/9792 (Valid: 441, Failed: 0, Best: 0.023 ms, No improvement: 200/500)
[Monitor] Progress: 491/9792 (Valid: 491, Failed: 0, Best: 0.023 ms, No improvement: 250/500)
[Monitor] Progress: 541/9792 (Valid: 541, Failed: 0, Best: 0.023 ms, No improvement: 300/500)
[Monitor] Progress: 591/9792 (Valid: 591, Failed: 0, Best: 0.023 ms, No improvement: 350/500)
[Monitor] Progress: 641/9792 (Valid: 641, Failed: 0, Best: 0.023 ms, No improvement: 400/500)
[Monitor] Progress: 691/9792 (Valid: 691, Failed: 0, Best: 0.023 ms, No improvement: 450/500)

[Monitor] ⚠️  Early stopping: No improvement for 500 configs
[Monitor] Best config found: 0.023 ms at index 114

[Monitor] ================================================================================
[Monitor] RESULTS SUMMARY for fused_mhc: M=2048, n=4, C=512, sinkhorn_iters=20
[Monitor] ================================================================================
[Monitor] Total configs tested: 741/9792
[Monitor] Valid results: 741
[Monitor] Failed configs: 0
[Monitor] Best time: 0.023 ms
[Monitor] Best config index: 114
[Monitor] Best config: {'BLOCK_M': 32, 'BLOCK_N': 16, 'BLOCK_K': 256, 'NUM_KSPLIT': 1, 'num_warps': 4, 'num_stages': 1, 'waves_per_eu': 2, 'USE_REDUCE_SPLITC': False}
[Monitor] Results saved to: best_configs_mhc_fused_mhc_sk20_M1024_2048_8192_n4_C512_20260430_150641.json
[Monitor] ================================================================================

[Worker GPU 5] Received stop signal, terminating...
[Worker GPU 4] Received stop signal, terminating...
[Worker GPU 6] Received stop signal, terminating...
[Worker GPU 7] Received stop signal, terminating...
[Main] Completed tuning for fused_mhc: M=2048, n=4, C=512, sinkhorn_iters=20


================================================================================
Starting tuning for fused_mhc: M=8192, n=4, C=512, sinkhorn_iters=20
================================================================================
[Main] Found 446 previously tested configs, will skip them
[Main] Testing 9346/9792 configs (skipping 446 already tested)
[aiter] import [module_aiter_core] under /home/anguyenh/aiter/aiter/jit/module_aiter_core.so
[aiter] import [module_aiter_core] under /home/anguyenh/aiter/aiter/jit/module_aiter_core.so

[Monitor] Started monitoring results for fused_mhc: M=8192, n=4, C=512, sinkhorn_iters=20
[Monitor] Waiting for 9346 benchmark results...
[Monitor] Will stop early if no improvement after 500 configs
[Monitor] ✓ New best! Config 15/9346: 0.088 ms (Progress: 1/9346)
[Monitor] ✓ New best! Config 4251/9346: 0.047 ms (Progress: 2/9346)
[Monitor] ✓ New best! Config 4084/9346: 0.036 ms (Progress: 7/9346)
[aiter] import [module_aiter_core] under /home/anguyenh/aiter/aiter/jit/module_aiter_core.so
[aiter] import [module_aiter_core] under /home/anguyenh/aiter/aiter/jit/module_aiter_core.so
[Monitor] Progress: 57/9346 (Valid: 57, Failed: 0, Best: 0.036 ms, No improvement: 50/500)
[Monitor] ✓ New best! Config 125/9346: 0.035 ms (Progress: 65/9346)
[aiter] import [module_aiter_core] under /home/anguyenh/aiter/aiter/jit/module_aiter_core.so
[Monitor] Progress: 115/9346 (Valid: 115, Failed: 0, Best: 0.035 ms, No improvement: 50/500)
[Monitor] Progress: 165/9346 (Valid: 165, Failed: 0, Best: 0.035 ms, No improvement: 100/500)
[Monitor] Progress: 215/9346 (Valid: 215, Failed: 0, Best: 0.035 ms, No improvement: 150/500)
[Monitor] Progress: 265/9346 (Valid: 265, Failed: 0, Best: 0.035 ms, No improvement: 200/500)
[Monitor] Progress: 315/9346 (Valid: 315, Failed: 0, Best: 0.035 ms, No improvement: 250/500)
[Monitor] Progress: 365/9346 (Valid: 365, Failed: 0, Best: 0.035 ms, No improvement: 300/500)
[Monitor] ✓ New best! Config 4124/9346: 0.034 ms (Progress: 389/9346)
[Monitor] ✓ New best! Config 94/9346: 0.028 ms (Progress: 391/9346)
[Monitor] Progress: 441/9346 (Valid: 441, Failed: 0, Best: 0.028 ms, No improvement: 50/500)
[Monitor] Progress: 491/9346 (Valid: 491, Failed: 0, Best: 0.028 ms, No improvement: 100/500)
[Monitor] Progress: 541/9346 (Valid: 541, Failed: 0, Best: 0.028 ms, No improvement: 150/500)
[Monitor] Progress: 591/9346 (Valid: 591, Failed: 0, Best: 0.028 ms, No improvement: 200/500)
[Monitor] Progress: 641/9346 (Valid: 641, Failed: 0, Best: 0.028 ms, No improvement: 250/500)
[Monitor] Progress: 691/9346 (Valid: 691, Failed: 0, Best: 0.028 ms, No improvement: 300/500)
[Monitor] Progress: 741/9346 (Valid: 741, Failed: 0, Best: 0.028 ms, No improvement: 350/500)
[Monitor] Progress: 791/9346 (Valid: 791, Failed: 0, Best: 0.028 ms, No improvement: 400/500)
[Monitor] Progress: 841/9346 (Valid: 841, Failed: 0, Best: 0.028 ms, No improvement: 450/500)

[Monitor] ⚠️  Early stopping: No improvement for 500 configs
[Monitor] Best config found: 0.028 ms at index 94

[Monitor] ================================================================================
[Monitor] RESULTS SUMMARY for fused_mhc: M=8192, n=4, C=512, sinkhorn_iters=20
[Monitor] ================================================================================
[Monitor] Total configs tested: 891/9346
[Monitor] Valid results: 891
[Monitor] Failed configs: 0
[Monitor] Best time: 0.028 ms
[Monitor] Best config index: 94
[Monitor] Best config: {'BLOCK_M': 32, 'BLOCK_N': 16, 'BLOCK_K': 128, 'NUM_KSPLIT': 4, 'num_warps': 4, 'num_stages': 1, 'waves_per_eu': 0, 'USE_REDUCE_SPLITC': False}
[Monitor] Results saved to: best_configs_mhc_fused_mhc_sk20_M1024_2048_8192_n4_C512_20260430_150641.json
[Monitor] ================================================================================

[Worker GPU 7] Received stop signal, terminating...
[Worker GPU 4] Received stop signal, terminating...
[Worker GPU 5] Received stop signal, terminating...
[Worker GPU 6] Received stop signal, terminating...
[Main] Completed tuning for fused_mhc: M=8192, n=4, C=512, sinkhorn_iters=20


--------------------------------------------------------------------------------
COMPLETED C=512
  Time: 0:01:39.320101
  M values tuned: 3
  Results saved to: best_configs_mhc_fused_mhc_sk20_M1024_2048_8192_n4_C512_20260430_150641.json
--------------------------------------------------------------------------------

================================================================================
TUNING COMPLETE
  Kernel: fused_mhc
  Sinkhorn iterations: 20
  C values tuned: [512]
  Total time: 0:01:39.323753
  M values per C: 3
  Configs per M value: 9792
  Total benchmarks: 29376
  Output files:
    - best_configs_mhc_fused_mhc_sk20_M1024_2048_8192_n4_C512_20260430_150641.json
================================================================================
[Thu Apr 30 15:08:21 UTC 2026] === C=4096 M='1024 2048 16384' patience=500 ===
[aiter] import [module_aiter_core] under /home/anguyenh/aiter/aiter/jit/module_aiter_core.so
Tuning kernel: fused_mhc
M values: [1024, 2048, 16384]
n: 4
C values: [4096]
Sinkhorn iterations: 20
Data type: bf16
Loaded tuning space from 'tuning_results/tuning_space_mhc.json'
Total configurations to tune: 9792 (shuffled randomly)
Using 4 worker(s) on GPU(s): [4, 5, 6, 7]

################################################################################
# TUNING C=4096
################################################################################

================================================================================
Starting tuning for fused_mhc: M=1024, n=4, C=4096, sinkhorn_iters=20
================================================================================
[Main] Testing 9792/9792 configs (skipping 0 already tested)
[aiter] import [module_aiter_core] under /home/anguyenh/aiter/aiter/jit/module_aiter_core.so
[aiter] import [module_aiter_core] under /home/anguyenh/aiter/aiter/jit/module_aiter_core.so

[Monitor] Started monitoring results for fused_mhc: M=1024, n=4, C=4096, sinkhorn_iters=20
[Monitor] Waiting for 9792 benchmark results...
[Monitor] Will stop early if no improvement after 500 configs
[Monitor] ✓ New best! Config 4776/9792: 0.099 ms (Progress: 1/9792)
[Monitor] ✓ New best! Config 5060/9792: 0.055 ms (Progress: 5/9792)
[aiter] import [module_aiter_core] under /home/anguyenh/aiter/aiter/jit/module_aiter_core.so
[Monitor] ✓ New best! Config 3999/9792: 0.049 ms (Progress: 6/9792)
[Monitor] ✓ New best! Config 2713/9792: 0.044 ms (Progress: 15/9792)
[aiter] import [module_aiter_core] under /home/anguyenh/aiter/aiter/jit/module_aiter_core.so
[Monitor] ✓ New best! Config 132/9792: 0.044 ms (Progress: 28/9792)
[aiter] import [module_aiter_core] under /home/anguyenh/aiter/aiter/jit/module_aiter_core.so
[Monitor] ✓ New best! Config 2787/9792: 0.040 ms (Progress: 60/9792)
[Monitor] Progress: 110/9792 (Valid: 110, Failed: 0, Best: 0.040 ms, No improvement: 50/500)
[Monitor] Progress: 160/9792 (Valid: 160, Failed: 0, Best: 0.040 ms, No improvement: 100/500)
[Monitor] Progress: 210/9792 (Valid: 210, Failed: 0, Best: 0.040 ms, No improvement: 150/500)
[Monitor] Progress: 260/9792 (Valid: 260, Failed: 0, Best: 0.040 ms, No improvement: 200/500)
[Monitor] ✓ New best! Config 2264/9792: 0.038 ms (Progress: 277/9792)
[Monitor] Progress: 327/9792 (Valid: 327, Failed: 0, Best: 0.038 ms, No improvement: 50/500)
[Monitor] Progress: 377/9792 (Valid: 377, Failed: 0, Best: 0.038 ms, No improvement: 100/500)
[Monitor] Progress: 427/9792 (Valid: 427, Failed: 0, Best: 0.038 ms, No improvement: 150/500)
[Monitor] Progress: 477/9792 (Valid: 477, Failed: 0, Best: 0.038 ms, No improvement: 200/500)
[Monitor] Progress: 527/9792 (Valid: 527, Failed: 0, Best: 0.038 ms, No improvement: 250/500)
[Monitor] Progress: 577/9792 (Valid: 577, Failed: 0, Best: 0.038 ms, No improvement: 300/500)
[Monitor] Progress: 627/9792 (Valid: 627, Failed: 0, Best: 0.038 ms, No improvement: 350/500)
[Monitor] Progress: 677/9792 (Valid: 677, Failed: 0, Best: 0.038 ms, No improvement: 400/500)
[Monitor] Progress: 727/9792 (Valid: 727, Failed: 0, Best: 0.038 ms, No improvement: 450/500)

[Monitor] ⚠️  Early stopping: No improvement for 500 configs
[Monitor] Best config found: 0.038 ms at index 2264

[Monitor] ================================================================================
[Monitor] RESULTS SUMMARY for fused_mhc: M=1024, n=4, C=4096, sinkhorn_iters=20
[Monitor] ================================================================================
[Monitor] Total configs tested: 777/9792
[Monitor] Valid results: 777
[Monitor] Failed configs: 0
[Monitor] Best time: 0.038 ms
[Monitor] Best config index: 2264
[Monitor] Best config: {'BLOCK_M': 32, 'BLOCK_N': 16, 'BLOCK_K': 128, 'NUM_KSPLIT': 8, 'num_warps': 8, 'num_stages': 1, 'waves_per_eu': 0, 'USE_REDUCE_SPLITC': True, 'BLOCK_M_SPLITC': 32, 'BLOCK_C_SPLITC': 256}
[Monitor] Results saved to: best_configs_mhc_fused_mhc_sk20_M1024_2048_16384_n4_C4096_20260430_150824.json
[Monitor] ================================================================================

[Worker GPU 4] Received stop signal, terminating...
[Worker GPU 6] Received stop signal, terminating...
[Worker GPU 7] Received stop signal, terminating...
[Worker GPU 5] Received stop signal, terminating...
[Main] Completed tuning for fused_mhc: M=1024, n=4, C=4096, sinkhorn_iters=20


================================================================================
Starting tuning for fused_mhc: M=2048, n=4, C=4096, sinkhorn_iters=20
================================================================================
[Main] Testing 9792/9792 configs (skipping 0 already tested)
[aiter] import [module_aiter_core] under /home/anguyenh/aiter/aiter/jit/module_aiter_core.so
[aiter] import [module_aiter_core] under /home/anguyenh/aiter/aiter/jit/module_aiter_core.so

[Monitor] Started monitoring results for fused_mhc: M=2048, n=4, C=4096, sinkhorn_iters=20
[Monitor] Waiting for 9792 benchmark results...
[Monitor] Will stop early if no improvement after 500 configs
[Monitor] ✓ New best! Config 4776/9792: 0.107 ms (Progress: 1/9792)
[aiter] import [module_aiter_core] under /home/anguyenh/aiter/aiter/jit/module_aiter_core.so
[Monitor] ✓ New best! Config 5060/9792: 0.074 ms (Progress: 5/9792)
[Monitor] ✓ New best! Config 3999/9792: 0.061 ms (Progress: 6/9792)
[aiter] import [module_aiter_core] under /home/anguyenh/aiter/aiter/jit/module_aiter_core.so
[aiter] import [module_aiter_core] under /home/anguyenh/aiter/aiter/jit/module_aiter_core.so
[Monitor] Progress: 56/9792 (Valid: 56, Failed: 0, Best: 0.061 ms, No improvement: 50/500)
[Monitor] ✓ New best! Config 2787/9792: 0.055 ms (Progress: 61/9792)
[Monitor] Progress: 111/9792 (Valid: 111, Failed: 0, Best: 0.055 ms, No improvement: 50/500)
[Monitor] Progress: 161/9792 (Valid: 161, Failed: 0, Best: 0.055 ms, No improvement: 100/500)
[Monitor] Progress: 211/9792 (Valid: 211, Failed: 0, Best: 0.055 ms, No improvement: 150/500)
[Monitor] Progress: 261/9792 (Valid: 261, Failed: 0, Best: 0.055 ms, No improvement: 200/500)
[Monitor] Progress: 311/9792 (Valid: 311, Failed: 0, Best: 0.055 ms, No improvement: 250/500)
[Monitor] Progress: 361/9792 (Valid: 361, Failed: 0, Best: 0.055 ms, No improvement: 300/500)
[Monitor] Progress: 411/9792 (Valid: 411, Failed: 0, Best: 0.055 ms, No improvement: 350/500)
[Monitor] ✓ New best! Config 5091/9792: 0.053 ms (Progress: 441/9792)
[Monitor] Progress: 491/9792 (Valid: 491, Failed: 0, Best: 0.053 ms, No improvement: 50/500)
[Monitor] Progress: 541/9792 (Valid: 541, Failed: 0, Best: 0.053 ms, No improvement: 100/500)
[Monitor] Progress: 591/9792 (Valid: 591, Failed: 0, Best: 0.053 ms, No improvement: 150/500)
[Monitor] Progress: 641/9792 (Valid: 641, Failed: 0, Best: 0.053 ms, No improvement: 200/500)
[Monitor] Progress: 691/9792 (Valid: 691, Failed: 0, Best: 0.053 ms, No improvement: 250/500)
[Monitor] Progress: 741/9792 (Valid: 741, Failed: 0, Best: 0.053 ms, No improvement: 300/500)
[Monitor] Progress: 791/9792 (Valid: 791, Failed: 0, Best: 0.053 ms, No improvement: 350/500)
[Monitor] Progress: 841/9792 (Valid: 841, Failed: 0, Best: 0.053 ms, No improvement: 400/500)
[Monitor] Progress: 891/9792 (Valid: 891, Failed: 0, Best: 0.053 ms, No improvement: 450/500)

[Monitor] ⚠️  Early stopping: No improvement for 500 configs
[Monitor] Best config found: 0.053 ms at index 5091

[Monitor] ================================================================================
[Monitor] RESULTS SUMMARY for fused_mhc: M=2048, n=4, C=4096, sinkhorn_iters=20
[Monitor] ================================================================================
[Monitor] Total configs tested: 941/9792
[Monitor] Valid results: 941
[Monitor] Failed configs: 0
[Monitor] Best time: 0.053 ms
[Monitor] Best config index: 5091
[Monitor] Best config: {'BLOCK_M': 64, 'BLOCK_N': 16, 'BLOCK_K': 256, 'NUM_KSPLIT': 8, 'num_warps': 4, 'num_stages': 1, 'waves_per_eu': 0, 'USE_REDUCE_SPLITC': True, 'BLOCK_M_SPLITC': 16, 'BLOCK_C_SPLITC': 128}
[Monitor] Results saved to: best_configs_mhc_fused_mhc_sk20_M1024_2048_16384_n4_C4096_20260430_150824.json
[Monitor] ================================================================================

[Worker GPU 7] Received stop signal, terminating...
[Worker GPU 6] Received stop signal, terminating...
[Worker GPU 4] Received stop signal, terminating...
[Worker GPU 5] Received stop signal, terminating...
[Main] Completed tuning for fused_mhc: M=2048, n=4, C=4096, sinkhorn_iters=20


================================================================================
Starting tuning for fused_mhc: M=16384, n=4, C=4096, sinkhorn_iters=20
================================================================================
[Main] Testing 9792/9792 configs (skipping 0 already tested)
[aiter] import [module_aiter_core] under /home/anguyenh/aiter/aiter/jit/module_aiter_core.so
[aiter] import [module_aiter_core] under /home/anguyenh/aiter/aiter/jit/module_aiter_core.so

[Monitor] Started monitoring results for fused_mhc: M=16384, n=4, C=4096, sinkhorn_iters=20
[Monitor] Waiting for 9792 benchmark results...
[Monitor] Will stop early if no improvement after 500 configs
[Monitor] ✓ New best! Config 4776/9792: 0.407 ms (Progress: 1/9792)
[Monitor] ✓ New best! Config 3662/9792: 0.350 ms (Progress: 3/9792)
[aiter] import [module_aiter_core] under /home/anguyenh/aiter/aiter/jit/module_aiter_core.so
[aiter] import [module_aiter_core] under /home/anguyenh/aiter/aiter/jit/module_aiter_core.so
[aiter] import [module_aiter_core] under /home/anguyenh/aiter/aiter/jit/module_aiter_core.so
[Monitor] Progress: 53/9792 (Valid: 53, Failed: 0, Best: 0.350 ms, No improvement: 50/500)
[Monitor] ✓ New best! Config 6892/9792: 0.332 ms (Progress: 58/9792)
[Monitor] ✓ New best! Config 6744/9792: 0.330 ms (Progress: 73/9792)
[Monitor] Progress: 123/9792 (Valid: 123, Failed: 0, Best: 0.330 ms, No improvement: 50/500)
[Monitor] Progress: 173/9792 (Valid: 173, Failed: 0, Best: 0.330 ms, No improvement: 100/500)
[Monitor] Progress: 223/9792 (Valid: 223, Failed: 0, Best: 0.330 ms, No improvement: 150/500)
[Monitor] Progress: 273/9792 (Valid: 273, Failed: 0, Best: 0.330 ms, No improvement: 200/500)
[Monitor] Progress: 323/9792 (Valid: 323, Failed: 0, Best: 0.330 ms, No improvement: 250/500)
[Monitor] Progress: 373/9792 (Valid: 373, Failed: 0, Best: 0.330 ms, No improvement: 300/500)
[Monitor] Progress: 423/9792 (Valid: 423, Failed: 0, Best: 0.330 ms, No improvement: 350/500)
[Monitor] Progress: 473/9792 (Valid: 473, Failed: 0, Best: 0.330 ms, No improvement: 400/500)
[Monitor] ✓ New best! Config 4808/9792: 0.317 ms (Progress: 495/9792)
[Monitor] Progress: 545/9792 (Valid: 545, Failed: 0, Best: 0.317 ms, No improvement: 50/500)
[Monitor] ✓ New best! Config 283/9792: 0.317 ms (Progress: 551/9792)
[Monitor] Progress: 601/9792 (Valid: 601, Failed: 0, Best: 0.317 ms, No improvement: 50/500)
[Monitor] Progress: 651/9792 (Valid: 651, Failed: 0, Best: 0.317 ms, No improvement: 100/500)
[Monitor] ✓ New best! Config 4952/9792: 0.316 ms (Progress: 663/9792)
[Monitor] Progress: 713/9792 (Valid: 713, Failed: 0, Best: 0.316 ms, No improvement: 50/500)
[Monitor] Progress: 763/9792 (Valid: 763, Failed: 0, Best: 0.316 ms, No improvement: 100/500)
[Monitor] Progress: 813/9792 (Valid: 813, Failed: 0, Best: 0.316 ms, No improvement: 150/500)
[Monitor] Progress: 863/9792 (Valid: 863, Failed: 0, Best: 0.316 ms, No improvement: 200/500)
[Monitor] Progress: 913/9792 (Valid: 913, Failed: 0, Best: 0.316 ms, No improvement: 250/500)
[Monitor] Progress: 963/9792 (Valid: 963, Failed: 0, Best: 0.316 ms, No improvement: 300/500)
[Monitor] Progress: 1013/9792 (Valid: 1013, Failed: 0, Best: 0.316 ms, No improvement: 350/500)
[Monitor] Progress: 1063/9792 (Valid: 1063, Failed: 0, Best: 0.316 ms, No improvement: 400/500)
[Monitor] Progress: 1113/9792 (Valid: 1113, Failed: 0, Best: 0.316 ms, No improvement: 450/500)

[Monitor] ⚠️  Early stopping: No improvement for 500 configs
[Monitor] Best config found: 0.316 ms at index 4952

[Monitor] ================================================================================
[Monitor] RESULTS SUMMARY for fused_mhc: M=16384, n=4, C=4096, sinkhorn_iters=20
[Monitor] ================================================================================
[Monitor] Total configs tested: 1163/9792
[Monitor] Valid results: 1163
[Monitor] Failed configs: 0
[Monitor] Best time: 0.316 ms
[Monitor] Best config index: 4952
[Monitor] Best config: {'BLOCK_M': 64, 'BLOCK_N': 16, 'BLOCK_K': 256, 'NUM_KSPLIT': 4, 'num_warps': 4, 'num_stages': 1, 'waves_per_eu': 0, 'USE_REDUCE_SPLITC': True, 'BLOCK_M_SPLITC': 32, 'BLOCK_C_SPLITC': 256}
[Monitor] Results saved to: best_configs_mhc_fused_mhc_sk20_M1024_2048_16384_n4_C4096_20260430_150824.json
[Monitor] ================================================================================

[Worker GPU 5] Received stop signal, terminating...
[Worker GPU 7] Received stop signal, terminating...
[Worker GPU 6] Received stop signal, terminating...
[Worker GPU 4] Received stop signal, terminating...
[Main] Completed tuning for fused_mhc: M=16384, n=4, C=4096, sinkhorn_iters=20


--------------------------------------------------------------------------------
COMPLETED C=4096
  Time: 0:03:02.663449
  M values tuned: 3
  Results saved to: best_configs_mhc_fused_mhc_sk20_M1024_2048_16384_n4_C4096_20260430_150824.json
--------------------------------------------------------------------------------

================================================================================
TUNING COMPLETE
  Kernel: fused_mhc
  Sinkhorn iterations: 20
  C values tuned: [4096]
  Total time: 0:03:02.666985
  M values per C: 3
  Configs per M value: 9792
  Total benchmarks: 29376
  Output files:
    - best_configs_mhc_fused_mhc_sk20_M1024_2048_16384_n4_C4096_20260430_150824.json
================================================================================
[Thu Apr 30 15:11:27 UTC 2026] === C=32768 M='1024 2048' patience=500 ===
[aiter] import [module_aiter_core] under /home/anguyenh/aiter/aiter/jit/module_aiter_core.so
Tuning kernel: fused_mhc
M values: [1024, 2048]
n: 4
C values: [32768]
Sinkhorn iterations: 20
Data type: bf16
Loaded tuning space from 'tuning_results/tuning_space_mhc.json'
Total configurations to tune: 9792 (shuffled randomly)
Using 4 worker(s) on GPU(s): [4, 5, 6, 7]

################################################################################
# TUNING C=32768
################################################################################

================================================================================
Starting tuning for fused_mhc: M=1024, n=4, C=32768, sinkhorn_iters=20
================================================================================
[Main] Testing 9792/9792 configs (skipping 0 already tested)
[aiter] import [module_aiter_core] under /home/anguyenh/aiter/aiter/jit/module_aiter_core.so
[aiter] import [module_aiter_core] under /home/anguyenh/aiter/aiter/jit/module_aiter_core.so

[Monitor] Started monitoring results for fused_mhc: M=1024, n=4, C=32768, sinkhorn_iters=20
[Monitor] Waiting for 9792 benchmark results...
[Monitor] Will stop early if no improvement after 500 configs
[Monitor] ✓ New best! Config 2447/9792: 0.795 ms (Progress: 1/9792)
[aiter] import [module_aiter_core] under /home/anguyenh/aiter/aiter/jit/module_aiter_core.so
[Monitor] ✓ New best! Config 7110/9792: 0.697 ms (Progress: 6/9792)
[Monitor] ✓ New best! Config 9783/9792: 0.349 ms (Progress: 10/9792)
[aiter] import [module_aiter_core] under /home/anguyenh/aiter/aiter/jit/module_aiter_core.so
[aiter] import [module_aiter_core] under /home/anguyenh/aiter/aiter/jit/module_aiter_core.so
[Monitor] ✓ New best! Config 4519/9792: 0.233 ms (Progress: 50/9792)
[Monitor] ✓ New best! Config 2788/9792: 0.204 ms (Progress: 54/9792)
[Monitor] Progress: 104/9792 (Valid: 104, Failed: 0, Best: 0.204 ms, No improvement: 50/500)
[Monitor] Progress: 154/9792 (Valid: 154, Failed: 0, Best: 0.204 ms, No improvement: 100/500)
[Monitor] Progress: 204/9792 (Valid: 204, Failed: 0, Best: 0.204 ms, No improvement: 150/500)
[Monitor] Progress: 254/9792 (Valid: 254, Failed: 0, Best: 0.204 ms, No improvement: 200/500)
[Monitor] Progress: 304/9792 (Valid: 304, Failed: 0, Best: 0.204 ms, No improvement: 250/500)
[Monitor] ✓ New best! Config 2787/9792: 0.204 ms (Progress: 316/9792)
[Monitor] Progress: 366/9792 (Valid: 366, Failed: 0, Best: 0.204 ms, No improvement: 50/500)
[Monitor] Progress: 416/9792 (Valid: 416, Failed: 0, Best: 0.204 ms, No improvement: 100/500)
[Monitor] Progress: 466/9792 (Valid: 466, Failed: 0, Best: 0.204 ms, No improvement: 150/500)
[Monitor] Progress: 516/9792 (Valid: 516, Failed: 0, Best: 0.204 ms, No improvement: 200/500)
[Monitor] Progress: 566/9792 (Valid: 566, Failed: 0, Best: 0.204 ms, No improvement: 250/500)
[Monitor] Progress: 616/9792 (Valid: 616, Failed: 0, Best: 0.204 ms, No improvement: 300/500)
[Monitor] Progress: 666/9792 (Valid: 666, Failed: 0, Best: 0.204 ms, No improvement: 350/500)
[Monitor] Progress: 716/9792 (Valid: 716, Failed: 0, Best: 0.204 ms, No improvement: 400/500)
[Monitor] Progress: 766/9792 (Valid: 766, Failed: 0, Best: 0.204 ms, No improvement: 450/500)

[Monitor] ⚠️  Early stopping: No improvement for 500 configs
[Monitor] Best config found: 0.204 ms at index 2787

[Monitor] ================================================================================
[Monitor] RESULTS SUMMARY for fused_mhc: M=1024, n=4, C=32768, sinkhorn_iters=20
[Monitor] ================================================================================
[Monitor] Total configs tested: 816/9792
[Monitor] Valid results: 816
[Monitor] Failed configs: 0
[Monitor] Best time: 0.204 ms
[Monitor] Best config index: 2787
[Monitor] Best config: {'BLOCK_M': 32, 'BLOCK_N': 16, 'BLOCK_K': 256, 'NUM_KSPLIT': 8, 'num_warps': 4, 'num_stages': 1, 'waves_per_eu': 0, 'USE_REDUCE_SPLITC': True, 'BLOCK_M_SPLITC': 16, 'BLOCK_C_SPLITC': 128}
[Monitor] Results saved to: best_configs_mhc_fused_mhc_sk20_M1024_2048_n4_C32768_20260430_151130.json
[Monitor] ================================================================================

[Worker GPU 4] Received stop signal, terminating...
[Worker GPU 6] Received stop signal, terminating...
[Worker GPU 5] Received stop signal, terminating...
[Worker GPU 7] Received stop signal, terminating...
[Main] Completed tuning for fused_mhc: M=1024, n=4, C=32768, sinkhorn_iters=20


================================================================================
Starting tuning for fused_mhc: M=2048, n=4, C=32768, sinkhorn_iters=20
================================================================================
[Main] Testing 9792/9792 configs (skipping 0 already tested)
[aiter] import [module_aiter_core] under /home/anguyenh/aiter/aiter/jit/module_aiter_core.so
[aiter] import [module_aiter_core] under /home/anguyenh/aiter/aiter/jit/module_aiter_core.so

[Monitor] Started monitoring results for fused_mhc: M=2048, n=4, C=32768, sinkhorn_iters=20
[Monitor] Waiting for 9792 benchmark results...
[Monitor] Will stop early if no improvement after 500 configs
[Monitor] ✓ New best! Config 2447/9792: 0.877 ms (Progress: 1/9792)
[aiter] import [module_aiter_core] under /home/anguyenh/aiter/aiter/jit/module_aiter_core.so
[Monitor] ✓ New best! Config 7110/9792: 0.785 ms (Progress: 6/9792)
[Monitor] ✓ New best! Config 9783/9792: 0.440 ms (Progress: 10/9792)
[aiter] import [module_aiter_core] under /home/anguyenh/aiter/aiter/jit/module_aiter_core.so
[aiter] import [module_aiter_core] under /home/anguyenh/aiter/aiter/jit/module_aiter_core.so
[Monitor] ✓ New best! Config 4519/9792: 0.355 ms (Progress: 51/9792)
[Monitor] Progress: 101/9792 (Valid: 101, Failed: 0, Best: 0.355 ms, No improvement: 50/500)
[Monitor] Progress: 151/9792 (Valid: 151, Failed: 0, Best: 0.355 ms, No improvement: 100/500)
[Monitor] Progress: 201/9792 (Valid: 201, Failed: 0, Best: 0.355 ms, No improvement: 150/500)
[Monitor] Progress: 251/9792 (Valid: 251, Failed: 0, Best: 0.355 ms, No improvement: 200/500)
[Monitor] Progress: 301/9792 (Valid: 301, Failed: 0, Best: 0.355 ms, No improvement: 250/500)
[Monitor] Progress: 351/9792 (Valid: 351, Failed: 0, Best: 0.355 ms, No improvement: 300/500)
[Monitor] Progress: 401/9792 (Valid: 401, Failed: 0, Best: 0.355 ms, No improvement: 350/500)
[Monitor] Progress: 451/9792 (Valid: 451, Failed: 0, Best: 0.355 ms, No improvement: 400/500)
[Monitor] Progress: 501/9792 (Valid: 501, Failed: 0, Best: 0.355 ms, No improvement: 450/500)

[Monitor] ⚠️  Early stopping: No improvement for 500 configs
[Monitor] Best config found: 0.355 ms at index 4519

[Monitor] ================================================================================
[Monitor] RESULTS SUMMARY for fused_mhc: M=2048, n=4, C=32768, sinkhorn_iters=20
[Monitor] ================================================================================
[Monitor] Total configs tested: 551/9792
[Monitor] Valid results: 551
[Monitor] Failed configs: 0
[Monitor] Best time: 0.355 ms
[Monitor] Best config index: 4519
[Monitor] Best config: {'BLOCK_M': 64, 'BLOCK_N': 16, 'BLOCK_K': 128, 'NUM_KSPLIT': 8, 'num_warps': 4, 'num_stages': 1, 'waves_per_eu': 0, 'USE_REDUCE_SPLITC': True, 'BLOCK_M_SPLITC': 32, 'BLOCK_C_SPLITC': 128}
[Monitor] Results saved to: best_configs_mhc_fused_mhc_sk20_M1024_2048_n4_C32768_20260430_151130.json
[Monitor] ================================================================================

[Worker GPU 5] Received stop signal, terminating...
[Worker GPU 4] Received stop signal, terminating...
[Worker GPU 6] Received stop signal, terminating...
[Worker GPU 7] Received stop signal, terminating...
[Main] Completed tuning for fused_mhc: M=2048, n=4, C=32768, sinkhorn_iters=20


--------------------------------------------------------------------------------
COMPLETED C=32768
  Time: 0:01:36.093557
  M values tuned: 2
  Results saved to: best_configs_mhc_fused_mhc_sk20_M1024_2048_n4_C32768_20260430_151130.json
--------------------------------------------------------------------------------

================================================================================
TUNING COMPLETE
  Kernel: fused_mhc
  Sinkhorn iterations: 20
  C values tuned: [32768]
  Total time: 0:01:36.097062
  M values per C: 2
  Configs per M value: 9792
  Total benchmarks: 19584
  Output files:
    - best_configs_mhc_fused_mhc_sk20_M1024_2048_n4_C32768_20260430_151130.json
================================================================================
[Thu Apr 30 15:13:06 UTC 2026] === All problem shapes done ===
