[aiter] import [module_aiter_core] under /home/anguyenh/aiter/aiter/jit/module_aiter_core.so
Tuning kernel: fused_mhc
M values: [1024, 2048, 4096, 8192, 16384]
n: 4
C values: [32768]
Sinkhorn iterations: 20
Data type: bf16
Loaded tuning space from 'tuning_results/tuning_space_mhc.json'
Total configurations to tune: 9792 (shuffled randomly)
Using 4 worker(s) on GPU(s): [4, 5, 6, 7]

################################################################################
# TUNING C=32768
################################################################################

================================================================================
Starting tuning for fused_mhc: M=1024, n=4, C=32768, sinkhorn_iters=20
================================================================================
[Main] Testing 9792/9792 configs (skipping 0 already tested)
[aiter] import [module_aiter_core] under /home/anguyenh/aiter/aiter/jit/module_aiter_core.so
[aiter] import [module_aiter_core] under /home/anguyenh/aiter/aiter/jit/module_aiter_core.so

[Monitor] Started monitoring results for fused_mhc: M=1024, n=4, C=32768, sinkhorn_iters=20
[Monitor] Waiting for 9792 benchmark results...
[Monitor] Will stop early if no improvement after 200 configs
[Monitor] ✓ New best! Config 4459/9792: 0.383 ms (Progress: 1/9792)
[aiter] import [module_aiter_core] under /home/anguyenh/aiter/aiter/jit/module_aiter_core.so
[Monitor] ✓ New best! Config 2764/9792: 0.275 ms (Progress: 9/9792)
[aiter] import [module_aiter_core] under /home/anguyenh/aiter/aiter/jit/module_aiter_core.so
[Monitor] ✓ New best! Config 2745/9792: 0.223 ms (Progress: 17/9792)
[aiter] import [module_aiter_core] under /home/anguyenh/aiter/aiter/jit/module_aiter_core.so
[Monitor] Progress: 67/9792 (Valid: 67, Failed: 0, Best: 0.223 ms, No improvement: 50/200)
[Monitor] Progress: 117/9792 (Valid: 117, Failed: 0, Best: 0.223 ms, No improvement: 100/200)
[Monitor] Progress: 167/9792 (Valid: 167, Failed: 0, Best: 0.223 ms, No improvement: 150/200)

[Monitor] ⚠️  Early stopping: No improvement for 200 configs
[Monitor] Best config found: 0.223 ms at index 2745

[Monitor] ================================================================================
[Monitor] RESULTS SUMMARY for fused_mhc: M=1024, n=4, C=32768, sinkhorn_iters=20
[Monitor] ================================================================================
[Monitor] Total configs tested: 217/9792
[Monitor] Valid results: 217
[Monitor] Failed configs: 0
[Monitor] Best time: 0.223 ms
[Monitor] Best config index: 2745
[Monitor] Best config: {'BLOCK_M': 32, 'BLOCK_N': 16, 'BLOCK_K': 256, 'NUM_KSPLIT': 8, 'num_warps': 2, 'num_stages': 1, 'waves_per_eu': 0, 'USE_REDUCE_SPLITC': True, 'BLOCK_M_SPLITC': 64, 'BLOCK_C_SPLITC': 32}
[Monitor] Results saved to: best_configs_mhc_fused_mhc_sk20_M1024_2048_4096_8192_16384_n4_C32768_20260430_143049.json
[Monitor] ================================================================================

[Worker GPU 6] Received stop signal, terminating...
[Worker GPU 7] Received stop signal, terminating...
[Worker GPU 4] Received stop signal, terminating...
[Worker GPU 5] Received stop signal, terminating...
[Main] Completed tuning for fused_mhc: M=1024, n=4, C=32768, sinkhorn_iters=20


================================================================================
Starting tuning for fused_mhc: M=2048, n=4, C=32768, sinkhorn_iters=20
================================================================================
[Main] Testing 9792/9792 configs (skipping 0 already tested)
[aiter] import [module_aiter_core] under /home/anguyenh/aiter/aiter/jit/module_aiter_core.so
[aiter] import [module_aiter_core] under /home/anguyenh/aiter/aiter/jit/module_aiter_core.so

[Monitor] Started monitoring results for fused_mhc: M=2048, n=4, C=32768, sinkhorn_iters=20
[Monitor] Waiting for 9792 benchmark results...
[Monitor] Will stop early if no improvement after 200 configs
[Monitor] ✓ New best! Config 4459/9792: 0.732 ms (Progress: 1/9792)
[Monitor] ✓ New best! Config 3422/9792: 0.614 ms (Progress: 2/9792)
[aiter] import [module_aiter_core] under /home/anguyenh/aiter/aiter/jit/module_aiter_core.so
[Monitor] ✓ New best! Config 3358/9792: 0.579 ms (Progress: 8/9792)
[Monitor] ✓ New best! Config 2764/9792: 0.463 ms (Progress: 11/9792)
[aiter] import [module_aiter_core] under /home/anguyenh/aiter/aiter/jit/module_aiter_core.so
[Monitor] ✓ New best! Config 2745/9792: 0.426 ms (Progress: 15/9792)
[aiter] import [module_aiter_core] under /home/anguyenh/aiter/aiter/jit/module_aiter_core.so
[Monitor] ✓ New best! Config 6886/9792: 0.397 ms (Progress: 42/9792)
[Monitor] ✓ New best! Config 6829/9792: 0.390 ms (Progress: 50/9792)
[Monitor] ✓ New best! Config 5101/9792: 0.353 ms (Progress: 76/9792)
[Monitor] Progress: 126/9792 (Valid: 126, Failed: 0, Best: 0.353 ms, No improvement: 50/200)
[Monitor] Progress: 176/9792 (Valid: 176, Failed: 0, Best: 0.353 ms, No improvement: 100/200)
[Monitor] Progress: 226/9792 (Valid: 226, Failed: 0, Best: 0.353 ms, No improvement: 150/200)

[Monitor] ⚠️  Early stopping: No improvement for 200 configs
[Monitor] Best config found: 0.353 ms at index 5101

[Monitor] ================================================================================
[Monitor] RESULTS SUMMARY for fused_mhc: M=2048, n=4, C=32768, sinkhorn_iters=20
[Monitor] ================================================================================
[Monitor] Total configs tested: 276/9792
[Monitor] Valid results: 276
[Monitor] Failed configs: 0
[Monitor] Best time: 0.353 ms
[Monitor] Best config index: 5101
[Monitor] Best config: {'BLOCK_M': 64, 'BLOCK_N': 16, 'BLOCK_K': 256, 'NUM_KSPLIT': 8, 'num_warps': 4, 'num_stages': 1, 'waves_per_eu': 0, 'USE_REDUCE_SPLITC': True, 'BLOCK_M_SPLITC': 128, 'BLOCK_C_SPLITC': 32}
[Monitor] Results saved to: best_configs_mhc_fused_mhc_sk20_M1024_2048_4096_8192_16384_n4_C32768_20260430_143049.json
[Monitor] ================================================================================

[Worker GPU 7] Received stop signal, terminating...
[Worker GPU 6] Received stop signal, terminating...
[Worker GPU 5] Received stop signal, terminating...
[Worker GPU 4] Received stop signal, terminating...
[Main] Completed tuning for fused_mhc: M=2048, n=4, C=32768, sinkhorn_iters=20


================================================================================
Starting tuning for fused_mhc: M=4096, n=4, C=32768, sinkhorn_iters=20
================================================================================
[Main] Testing 9792/9792 configs (skipping 0 already tested)
[aiter] import [module_aiter_core] under /home/anguyenh/aiter/aiter/jit/module_aiter_core.so
[aiter] import [module_aiter_core] under /home/anguyenh/aiter/aiter/jit/module_aiter_core.so

[Monitor] Started monitoring results for fused_mhc: M=4096, n=4, C=32768, sinkhorn_iters=20
[Monitor] Waiting for 9792 benchmark results...
[Monitor] Will stop early if no improvement after 200 configs
[Monitor] ✓ New best! Config 4459/9792: 1.192 ms (Progress: 1/9792)
[Monitor] ✓ New best! Config 3422/9792: 1.156 ms (Progress: 2/9792)
[Monitor] ✓ New best! Config 1922/9792: 1.071 ms (Progress: 3/9792)
[aiter] import [module_aiter_core] under /home/anguyenh/aiter/aiter/jit/module_aiter_core.so
[Monitor] ✓ New best! Config 3358/9792: 1.045 ms (Progress: 8/9792)
[Monitor] ✓ New best! Config 2764/9792: 0.890 ms (Progress: 11/9792)
[aiter] import [module_aiter_core] under /home/anguyenh/aiter/aiter/jit/module_aiter_core.so
[Monitor] ✓ New best! Config 2745/9792: 0.798 ms (Progress: 15/9792)
[Monitor] ✓ New best! Config 8596/9792: 0.744 ms (Progress: 22/9792)
[aiter] import [module_aiter_core] under /home/anguyenh/aiter/aiter/jit/module_aiter_core.so
[Monitor] ✓ New best! Config 6886/9792: 0.650 ms (Progress: 42/9792)
[Monitor] Progress: 92/9792 (Valid: 92, Failed: 0, Best: 0.650 ms, No improvement: 50/200)
[Monitor] Progress: 142/9792 (Valid: 142, Failed: 0, Best: 0.650 ms, No improvement: 100/200)
[Monitor] Progress: 192/9792 (Valid: 192, Failed: 0, Best: 0.650 ms, No improvement: 150/200)

[Monitor] ⚠️  Early stopping: No improvement for 200 configs
[Monitor] Best config found: 0.650 ms at index 6886

[Monitor] ================================================================================
[Monitor] RESULTS SUMMARY for fused_mhc: M=4096, n=4, C=32768, sinkhorn_iters=20
[Monitor] ================================================================================
[Monitor] Total configs tested: 242/9792
[Monitor] Valid results: 242
[Monitor] Failed configs: 0
[Monitor] Best time: 0.650 ms
[Monitor] Best config index: 6886
[Monitor] Best config: {'BLOCK_M': 128, 'BLOCK_N': 16, 'BLOCK_K': 128, 'NUM_KSPLIT': 8, 'num_warps': 8, 'num_stages': 1, 'waves_per_eu': 1, 'USE_REDUCE_SPLITC': True, 'BLOCK_M_SPLITC': 32, 'BLOCK_C_SPLITC': 64}
[Monitor] Results saved to: best_configs_mhc_fused_mhc_sk20_M1024_2048_4096_8192_16384_n4_C32768_20260430_143049.json
[Monitor] ================================================================================

[Worker GPU 4] Received stop signal, terminating...
[Worker GPU 6] Received stop signal, terminating...
[Worker GPU 7] Received stop signal, terminating...
[Worker GPU 5] Received stop signal, terminating...
[Main] Completed tuning for fused_mhc: M=4096, n=4, C=32768, sinkhorn_iters=20


================================================================================
Starting tuning for fused_mhc: M=8192, n=4, C=32768, sinkhorn_iters=20
================================================================================
[Main] Testing 9792/9792 configs (skipping 0 already tested)
[aiter] import [module_aiter_core] under /home/anguyenh/aiter/aiter/jit/module_aiter_core.so
[aiter] import [module_aiter_core] under /home/anguyenh/aiter/aiter/jit/module_aiter_core.so

[Monitor] Started monitoring results for fused_mhc: M=8192, n=4, C=32768, sinkhorn_iters=20
[Monitor] Waiting for 9792 benchmark results...
[Monitor] Will stop early if no improvement after 200 configs
[Monitor] ✓ New best! Config 4459/9792: 2.394 ms (Progress: 1/9792)
[Monitor] ✓ New best! Config 3422/9792: 2.033 ms (Progress: 2/9792)
[Monitor] ✓ New best! Config 1922/9792: 1.868 ms (Progress: 3/9792)
[aiter] import [module_aiter_core] under /home/anguyenh/aiter/aiter/jit/module_aiter_core.so
[Monitor] ✓ New best! Config 7864/9792: 1.805 ms (Progress: 10/9792)
[aiter] import [module_aiter_core] under /home/anguyenh/aiter/aiter/jit/module_aiter_core.so
[Monitor] ✓ New best! Config 2745/9792: 1.629 ms (Progress: 17/9792)
[Monitor] ✓ New best! Config 1495/9792: 1.573 ms (Progress: 18/9792)
[Monitor] ✓ New best! Config 1888/9792: 1.481 ms (Progress: 23/9792)
[Monitor] ✓ New best! Config 8596/9792: 1.231 ms (Progress: 28/9792)
[aiter] import [module_aiter_core] under /home/anguyenh/aiter/aiter/jit/module_aiter_core.so
[Monitor] Progress: 78/9792 (Valid: 78, Failed: 0, Best: 1.231 ms, No improvement: 50/200)
[Monitor] Progress: 128/9792 (Valid: 128, Failed: 0, Best: 1.231 ms, No improvement: 100/200)
[Monitor] Progress: 178/9792 (Valid: 178, Failed: 0, Best: 1.231 ms, No improvement: 150/200)

[Monitor] ⚠️  Early stopping: No improvement for 200 configs
[Monitor] Best config found: 1.231 ms at index 8596

[Monitor] ================================================================================
[Monitor] RESULTS SUMMARY for fused_mhc: M=8192, n=4, C=32768, sinkhorn_iters=20
[Monitor] ================================================================================
[Monitor] Total configs tested: 228/9792
[Monitor] Valid results: 228
[Monitor] Failed configs: 0
[Monitor] Best time: 1.231 ms
[Monitor] Best config index: 8596
[Monitor] Best config: {'BLOCK_M': 256, 'BLOCK_N': 16, 'BLOCK_K': 64, 'NUM_KSPLIT': 8, 'num_warps': 8, 'num_stages': 1, 'waves_per_eu': 0, 'USE_REDUCE_SPLITC': True, 'BLOCK_M_SPLITC': 16, 'BLOCK_C_SPLITC': 256}
[Monitor] Results saved to: best_configs_mhc_fused_mhc_sk20_M1024_2048_4096_8192_16384_n4_C32768_20260430_143049.json
[Monitor] ================================================================================

[Worker GPU 7] Received stop signal, terminating...
[Worker GPU 4] Received stop signal, terminating...
[Worker GPU 5] Received stop signal, terminating...
[Worker GPU 6] Received stop signal, terminating...
[Main] Completed tuning for fused_mhc: M=8192, n=4, C=32768, sinkhorn_iters=20


================================================================================
Starting tuning for fused_mhc: M=16384, n=4, C=32768, sinkhorn_iters=20
================================================================================
[Main] Testing 9792/9792 configs (skipping 0 already tested)
[aiter] import [module_aiter_core] under /home/anguyenh/aiter/aiter/jit/module_aiter_core.so
[aiter] import [module_aiter_core] under /home/anguyenh/aiter/aiter/jit/module_aiter_core.so

[Monitor] Started monitoring results for fused_mhc: M=16384, n=4, C=32768, sinkhorn_iters=20
[Monitor] Waiting for 9792 benchmark results...
[Monitor] Will stop early if no improvement after 200 configs
[Monitor] ✓ New best! Config 4459/9792: 4.928 ms (Progress: 1/9792)
[Monitor] ✓ New best! Config 3422/9792: 4.171 ms (Progress: 2/9792)
[Monitor] ✓ New best! Config 175/9792: 3.397 ms (Progress: 4/9792)
[aiter] import [module_aiter_core] under /home/anguyenh/aiter/aiter/jit/module_aiter_core.so
[Monitor] ✓ New best! Config 5391/9792: 3.170 ms (Progress: 6/9792)
[Monitor] ✓ New best! Config 8318/9792: 2.859 ms (Progress: 13/9792)
[aiter] import [module_aiter_core] under /home/anguyenh/aiter/aiter/jit/module_aiter_core.so
[Monitor] ✓ New best! Config 8596/9792: 2.458 ms (Progress: 23/9792)
[aiter] import [module_aiter_core] under /home/anguyenh/aiter/aiter/jit/module_aiter_core.so
[Monitor] ✓ New best! Config 6010/9792: 2.356 ms (Progress: 36/9792)
[Monitor] Progress: 86/9792 (Valid: 86, Failed: 0, Best: 2.356 ms, No improvement: 50/200)
[Monitor] Progress: 136/9792 (Valid: 136, Failed: 0, Best: 2.356 ms, No improvement: 100/200)
[Monitor] Progress: 186/9792 (Valid: 186, Failed: 0, Best: 2.356 ms, No improvement: 150/200)

[Monitor] ⚠️  Early stopping: No improvement for 200 configs
[Monitor] Best config found: 2.356 ms at index 6010

[Monitor] ================================================================================
[Monitor] RESULTS SUMMARY for fused_mhc: M=16384, n=4, C=32768, sinkhorn_iters=20
[Monitor] ================================================================================
[Monitor] Total configs tested: 236/9792
[Monitor] Valid results: 236
[Monitor] Failed configs: 0
[Monitor] Best time: 2.356 ms
[Monitor] Best config index: 6010
[Monitor] Best config: {'BLOCK_M': 128, 'BLOCK_N': 16, 'BLOCK_K': 64, 'NUM_KSPLIT': 2, 'num_warps': 8, 'num_stages': 1, 'waves_per_eu': 0, 'USE_REDUCE_SPLITC': True, 'BLOCK_M_SPLITC': 64, 'BLOCK_C_SPLITC': 64}
[Monitor] Results saved to: best_configs_mhc_fused_mhc_sk20_M1024_2048_4096_8192_16384_n4_C32768_20260430_143049.json
[Monitor] ================================================================================

[Worker GPU 6] Received stop signal, terminating...
[Worker GPU 5] Received stop signal, terminating...
[Worker GPU 7] Received stop signal, terminating...
[Worker GPU 4] Received stop signal, terminating...
[Main] Completed tuning for fused_mhc: M=16384, n=4, C=32768, sinkhorn_iters=20


--------------------------------------------------------------------------------
COMPLETED C=32768
  Time: 0:02:21.072002
  M values tuned: 5
  Results saved to: best_configs_mhc_fused_mhc_sk20_M1024_2048_4096_8192_16384_n4_C32768_20260430_143049.json
--------------------------------------------------------------------------------

================================================================================
TUNING COMPLETE
  Kernel: fused_mhc
  Sinkhorn iterations: 20
  C values tuned: [32768]
  Total time: 0:02:21.075382
  M values per C: 5
  Configs per M value: 9792
  Total benchmarks: 48960
  Output files:
    - best_configs_mhc_fused_mhc_sk20_M1024_2048_4096_8192_16384_n4_C32768_20260430_143049.json
================================================================================
