[aiter] import [module_aiter_core] under /home/anguyenh/aiter/aiter/jit/module_aiter_core.so
Tuning kernel: fused_mhc
M values: [1024, 2048, 4096, 8192, 16384]
n: 4
C values: [4096]
Sinkhorn iterations: 20
Data type: bf16
Loaded tuning space from 'tuning_results/tuning_space_mhc.json'
Total configurations to tune: 9792 (shuffled randomly)
Using 4 worker(s) on GPU(s): [4, 5, 6, 7]

################################################################################
# TUNING C=4096
################################################################################

================================================================================
Starting tuning for fused_mhc: M=1024, n=4, C=4096, sinkhorn_iters=20
================================================================================
[Main] Testing 9792/9792 configs (skipping 0 already tested)
[aiter] import [module_aiter_core] under /home/anguyenh/aiter/aiter/jit/module_aiter_core.so
[aiter] import [module_aiter_core] under /home/anguyenh/aiter/aiter/jit/module_aiter_core.so

[Monitor] Started monitoring results for fused_mhc: M=1024, n=4, C=4096, sinkhorn_iters=20
[Monitor] Waiting for 9792 benchmark results...
[Monitor] Will stop early if no improvement after 200 configs
[Monitor] ✓ New best! Config 1579/9792: 0.106 ms (Progress: 1/9792)
[Monitor] ✓ New best! Config 5048/9792: 0.057 ms (Progress: 2/9792)
[aiter] import [module_aiter_core] under /home/anguyenh/aiter/aiter/jit/module_aiter_core.so
[aiter] import [module_aiter_core] under /home/anguyenh/aiter/aiter/jit/module_aiter_core.so
[Monitor] ✓ New best! Config 4996/9792: 0.047 ms (Progress: 21/9792)
[Monitor] ✓ New best! Config 2775/9792: 0.043 ms (Progress: 29/9792)
[Monitor] ✓ New best! Config 5094/9792: 0.042 ms (Progress: 30/9792)
[aiter] import [module_aiter_core] under /home/anguyenh/aiter/aiter/jit/module_aiter_core.so
[Monitor] ✓ New best! Config 2843/9792: 0.042 ms (Progress: 36/9792)
[Monitor] Progress: 86/9792 (Valid: 86, Failed: 0, Best: 0.042 ms, No improvement: 50/200)
[Monitor] Progress: 136/9792 (Valid: 136, Failed: 0, Best: 0.042 ms, No improvement: 100/200)
[Monitor] Progress: 186/9792 (Valid: 186, Failed: 0, Best: 0.042 ms, No improvement: 150/200)

[Monitor] ⚠️  Early stopping: No improvement for 200 configs
[Monitor] Best config found: 0.042 ms at index 2843

[Monitor] ================================================================================
[Monitor] RESULTS SUMMARY for fused_mhc: M=1024, n=4, C=4096, sinkhorn_iters=20
[Monitor] ================================================================================
[Monitor] Total configs tested: 236/9792
[Monitor] Valid results: 236
[Monitor] Failed configs: 0
[Monitor] Best time: 0.042 ms
[Monitor] Best config index: 2843
[Monitor] Best config: {'BLOCK_M': 32, 'BLOCK_N': 16, 'BLOCK_K': 256, 'NUM_KSPLIT': 8, 'num_warps': 8, 'num_stages': 1, 'waves_per_eu': 0, 'USE_REDUCE_SPLITC': True, 'BLOCK_M_SPLITC': 64, 'BLOCK_C_SPLITC': 128}
[Monitor] Results saved to: best_configs_mhc_fused_mhc_sk20_M1024_2048_4096_8192_16384_n4_C4096_20260430_142832.json
[Monitor] ================================================================================

[Worker GPU 5] Received stop signal, terminating...
[Worker GPU 6] Received stop signal, terminating...
[Worker GPU 7] Received stop signal, terminating...
[Worker GPU 4] Received stop signal, terminating...
[Main] Completed tuning for fused_mhc: M=1024, n=4, C=4096, sinkhorn_iters=20


================================================================================
Starting tuning for fused_mhc: M=2048, n=4, C=4096, sinkhorn_iters=20
================================================================================
[Main] Testing 9792/9792 configs (skipping 0 already tested)
[aiter] import [module_aiter_core] under /home/anguyenh/aiter/aiter/jit/module_aiter_core.so
[aiter] import [module_aiter_core] under /home/anguyenh/aiter/aiter/jit/module_aiter_core.so

[Monitor] Started monitoring results for fused_mhc: M=2048, n=4, C=4096, sinkhorn_iters=20
[Monitor] Waiting for 9792 benchmark results...
[Monitor] Will stop early if no improvement after 200 configs
[Monitor] ✓ New best! Config 1579/9792: 0.161 ms (Progress: 1/9792)
[Monitor] ✓ New best! Config 5048/9792: 0.067 ms (Progress: 2/9792)
[aiter] import [module_aiter_core] under /home/anguyenh/aiter/aiter/jit/module_aiter_core.so
[aiter] import [module_aiter_core] under /home/anguyenh/aiter/aiter/jit/module_aiter_core.so
[Monitor] ✓ New best! Config 5094/9792: 0.054 ms (Progress: 27/9792)
[aiter] import [module_aiter_core] under /home/anguyenh/aiter/aiter/jit/module_aiter_core.so
[Monitor] Progress: 77/9792 (Valid: 77, Failed: 0, Best: 0.054 ms, No improvement: 50/200)
[Monitor] Progress: 127/9792 (Valid: 127, Failed: 0, Best: 0.054 ms, No improvement: 100/200)
[Monitor] Progress: 177/9792 (Valid: 177, Failed: 0, Best: 0.054 ms, No improvement: 150/200)

[Monitor] ⚠️  Early stopping: No improvement for 200 configs
[Monitor] Best config found: 0.054 ms at index 5094

[Monitor] ================================================================================
[Monitor] RESULTS SUMMARY for fused_mhc: M=2048, n=4, C=4096, sinkhorn_iters=20
[Monitor] ================================================================================
[Monitor] Total configs tested: 227/9792
[Monitor] Valid results: 227
[Monitor] Failed configs: 0
[Monitor] Best time: 0.054 ms
[Monitor] Best config index: 5094
[Monitor] Best config: {'BLOCK_M': 64, 'BLOCK_N': 16, 'BLOCK_K': 256, 'NUM_KSPLIT': 8, 'num_warps': 4, 'num_stages': 1, 'waves_per_eu': 0, 'USE_REDUCE_SPLITC': True, 'BLOCK_M_SPLITC': 32, 'BLOCK_C_SPLITC': 64}
[Monitor] Results saved to: best_configs_mhc_fused_mhc_sk20_M1024_2048_4096_8192_16384_n4_C4096_20260430_142832.json
[Monitor] ================================================================================

[Worker GPU 5] Received stop signal, terminating...
[Worker GPU 6] Received stop signal, terminating...
[Worker GPU 4] Received stop signal, terminating...
[Worker GPU 7] Received stop signal, terminating...
[Main] Completed tuning for fused_mhc: M=2048, n=4, C=4096, sinkhorn_iters=20


================================================================================
Starting tuning for fused_mhc: M=4096, n=4, C=4096, sinkhorn_iters=20
================================================================================
[Main] Testing 9792/9792 configs (skipping 0 already tested)
[aiter] import [module_aiter_core] under /home/anguyenh/aiter/aiter/jit/module_aiter_core.so
[aiter] import [module_aiter_core] under /home/anguyenh/aiter/aiter/jit/module_aiter_core.so

[Monitor] Started monitoring results for fused_mhc: M=4096, n=4, C=4096, sinkhorn_iters=20
[Monitor] Waiting for 9792 benchmark results...
[Monitor] Will stop early if no improvement after 200 configs
[Monitor] ✓ New best! Config 1579/9792: 0.322 ms (Progress: 1/9792)
[Monitor] ✓ New best! Config 5048/9792: 0.109 ms (Progress: 2/9792)
[aiter] import [module_aiter_core] under /home/anguyenh/aiter/aiter/jit/module_aiter_core.so
[aiter] import [module_aiter_core] under /home/anguyenh/aiter/aiter/jit/module_aiter_core.so
[Monitor] ✓ New best! Config 3796/9792: 0.107 ms (Progress: 19/9792)
[Monitor] ✓ New best! Config 5094/9792: 0.088 ms (Progress: 27/9792)
[aiter] import [module_aiter_core] under /home/anguyenh/aiter/aiter/jit/module_aiter_core.so
[Monitor] Progress: 77/9792 (Valid: 77, Failed: 0, Best: 0.088 ms, No improvement: 50/200)
[Monitor] ✓ New best! Config 238/9792: 0.086 ms (Progress: 102/9792)
[Monitor] Progress: 152/9792 (Valid: 152, Failed: 0, Best: 0.086 ms, No improvement: 50/200)
[Monitor] Progress: 202/9792 (Valid: 202, Failed: 0, Best: 0.086 ms, No improvement: 100/200)
[Monitor] Progress: 252/9792 (Valid: 252, Failed: 0, Best: 0.086 ms, No improvement: 150/200)

[Monitor] ⚠️  Early stopping: No improvement for 200 configs
[Monitor] Best config found: 0.086 ms at index 238

[Monitor] ================================================================================
[Monitor] RESULTS SUMMARY for fused_mhc: M=4096, n=4, C=4096, sinkhorn_iters=20
[Monitor] ================================================================================
[Monitor] Total configs tested: 302/9792
[Monitor] Valid results: 302
[Monitor] Failed configs: 0
[Monitor] Best time: 0.086 ms
[Monitor] Best config index: 238
[Monitor] Best config: {'BLOCK_M': 64, 'BLOCK_N': 16, 'BLOCK_K': 128, 'NUM_KSPLIT': 4, 'num_warps': 4, 'num_stages': 1, 'waves_per_eu': 0, 'USE_REDUCE_SPLITC': False}
[Monitor] Results saved to: best_configs_mhc_fused_mhc_sk20_M1024_2048_4096_8192_16384_n4_C4096_20260430_142832.json
[Monitor] ================================================================================

[Worker GPU 6] Received stop signal, terminating...
[Worker GPU 5] Received stop signal, terminating...
[Worker GPU 4] Received stop signal, terminating...
[Worker GPU 7] Received stop signal, terminating...
[Main] Completed tuning for fused_mhc: M=4096, n=4, C=4096, sinkhorn_iters=20


================================================================================
Starting tuning for fused_mhc: M=8192, n=4, C=4096, sinkhorn_iters=20
================================================================================
[Main] Testing 9792/9792 configs (skipping 0 already tested)
[aiter] import [module_aiter_core] under /home/anguyenh/aiter/aiter/jit/module_aiter_core.so
[aiter] import [module_aiter_core] under /home/anguyenh/aiter/aiter/jit/module_aiter_core.so

[Monitor] Started monitoring results for fused_mhc: M=8192, n=4, C=4096, sinkhorn_iters=20
[Monitor] Waiting for 9792 benchmark results...
[Monitor] Will stop early if no improvement after 200 configs
[Monitor] ✓ New best! Config 1579/9792: 0.626 ms (Progress: 1/9792)
[Monitor] ✓ New best! Config 5048/9792: 0.194 ms (Progress: 2/9792)
[aiter] import [module_aiter_core] under /home/anguyenh/aiter/aiter/jit/module_aiter_core.so
[aiter] import [module_aiter_core] under /home/anguyenh/aiter/aiter/jit/module_aiter_core.so
[Monitor] ✓ New best! Config 5094/9792: 0.172 ms (Progress: 28/9792)
[aiter] import [module_aiter_core] under /home/anguyenh/aiter/aiter/jit/module_aiter_core.so
[Monitor] Progress: 78/9792 (Valid: 78, Failed: 0, Best: 0.172 ms, No improvement: 50/200)
[Monitor] Progress: 128/9792 (Valid: 128, Failed: 0, Best: 0.172 ms, No improvement: 100/200)
[Monitor] Progress: 178/9792 (Valid: 178, Failed: 0, Best: 0.172 ms, No improvement: 150/200)

[Monitor] ⚠️  Early stopping: No improvement for 200 configs
[Monitor] Best config found: 0.172 ms at index 5094

[Monitor] ================================================================================
[Monitor] RESULTS SUMMARY for fused_mhc: M=8192, n=4, C=4096, sinkhorn_iters=20
[Monitor] ================================================================================
[Monitor] Total configs tested: 228/9792
[Monitor] Valid results: 228
[Monitor] Failed configs: 0
[Monitor] Best time: 0.172 ms
[Monitor] Best config index: 5094
[Monitor] Best config: {'BLOCK_M': 64, 'BLOCK_N': 16, 'BLOCK_K': 256, 'NUM_KSPLIT': 8, 'num_warps': 4, 'num_stages': 1, 'waves_per_eu': 0, 'USE_REDUCE_SPLITC': True, 'BLOCK_M_SPLITC': 32, 'BLOCK_C_SPLITC': 64}
[Monitor] Results saved to: best_configs_mhc_fused_mhc_sk20_M1024_2048_4096_8192_16384_n4_C4096_20260430_142832.json
[Monitor] ================================================================================

[Worker GPU 4] Received stop signal, terminating...
[Worker GPU 6] Received stop signal, terminating...
[Worker GPU 5] Received stop signal, terminating...
[Worker GPU 7] Received stop signal, terminating...
[Main] Completed tuning for fused_mhc: M=8192, n=4, C=4096, sinkhorn_iters=20


================================================================================
Starting tuning for fused_mhc: M=16384, n=4, C=4096, sinkhorn_iters=20
================================================================================
[Main] Testing 9792/9792 configs (skipping 0 already tested)
[aiter] import [module_aiter_core] under /home/anguyenh/aiter/aiter/jit/module_aiter_core.so
[aiter] import [module_aiter_core] under /home/anguyenh/aiter/aiter/jit/module_aiter_core.so

[Monitor] Started monitoring results for fused_mhc: M=16384, n=4, C=4096, sinkhorn_iters=20
[Monitor] Waiting for 9792 benchmark results...
[Monitor] Will stop early if no improvement after 200 configs
[Monitor] ✓ New best! Config 1579/9792: 1.262 ms (Progress: 1/9792)
[Monitor] ✓ New best! Config 5048/9792: 0.348 ms (Progress: 2/9792)
[aiter] import [module_aiter_core] under /home/anguyenh/aiter/aiter/jit/module_aiter_core.so
[aiter] import [module_aiter_core] under /home/anguyenh/aiter/aiter/jit/module_aiter_core.so
[aiter] import [module_aiter_core] under /home/anguyenh/aiter/aiter/jit/module_aiter_core.so
[Monitor] Progress: 52/9792 (Valid: 52, Failed: 0, Best: 0.348 ms, No improvement: 50/200)
[Monitor] Progress: 102/9792 (Valid: 102, Failed: 0, Best: 0.348 ms, No improvement: 100/200)
[Monitor] Progress: 152/9792 (Valid: 152, Failed: 0, Best: 0.348 ms, No improvement: 150/200)

[Monitor] ⚠️  Early stopping: No improvement for 200 configs
[Monitor] Best config found: 0.348 ms at index 5048

[Monitor] ================================================================================
[Monitor] RESULTS SUMMARY for fused_mhc: M=16384, n=4, C=4096, sinkhorn_iters=20
[Monitor] ================================================================================
[Monitor] Total configs tested: 202/9792
[Monitor] Valid results: 202
[Monitor] Failed configs: 0
[Monitor] Best time: 0.348 ms
[Monitor] Best config index: 5048
[Monitor] Best config: {'BLOCK_M': 64, 'BLOCK_N': 16, 'BLOCK_K': 256, 'NUM_KSPLIT': 8, 'num_warps': 2, 'num_stages': 1, 'waves_per_eu': 0, 'USE_REDUCE_SPLITC': True, 'BLOCK_M_SPLITC': 32, 'BLOCK_C_SPLITC': 256}
[Monitor] Results saved to: best_configs_mhc_fused_mhc_sk20_M1024_2048_4096_8192_16384_n4_C4096_20260430_142832.json
[Monitor] ================================================================================

[Worker GPU 5] Received stop signal, terminating...
[Worker GPU 7] Received stop signal, terminating...
[Worker GPU 6] Received stop signal, terminating...
[Worker GPU 4] Received stop signal, terminating...
[Main] Completed tuning for fused_mhc: M=16384, n=4, C=4096, sinkhorn_iters=20


--------------------------------------------------------------------------------
COMPLETED C=4096
  Time: 0:02:14.168464
  M values tuned: 5
  Results saved to: best_configs_mhc_fused_mhc_sk20_M1024_2048_4096_8192_16384_n4_C4096_20260430_142832.json
--------------------------------------------------------------------------------

================================================================================
TUNING COMPLETE
  Kernel: fused_mhc
  Sinkhorn iterations: 20
  C values tuned: [4096]
  Total time: 0:02:14.171847
  M values per C: 5
  Configs per M value: 9792
  Total benchmarks: 48960
  Output files:
    - best_configs_mhc_fused_mhc_sk20_M1024_2048_4096_8192_16384_n4_C4096_20260430_142832.json
================================================================================
