[aiter] import [module_aiter_core] under /home/anguyenh/aiter/aiter/jit/module_aiter_core.so
Tuning kernel: fused_mhc
M values: [1024, 2048, 4096, 8192, 16384]
n: 4
C values: [512]
Sinkhorn iterations: 20
Data type: bf16
Loaded tuning space from 'tuning_results/tuning_space_mhc.json'
Total configurations to tune: 9792 (shuffled randomly)
Using 4 worker(s) on GPU(s): [4, 5, 6, 7]

################################################################################
# TUNING C=512
################################################################################

================================================================================
Starting tuning for fused_mhc: M=1024, n=4, C=512, sinkhorn_iters=20
================================================================================
[Main] Testing 9792/9792 configs (skipping 0 already tested)
[aiter] import [module_aiter_core] under /home/anguyenh/aiter/aiter/jit/module_aiter_core.so
[aiter] import [module_aiter_core] under /home/anguyenh/aiter/aiter/jit/module_aiter_core.so

[Monitor] Started monitoring results for fused_mhc: M=1024, n=4, C=512, sinkhorn_iters=20
[Monitor] Waiting for 9792 benchmark results...
[Monitor] Will stop early if no improvement after 200 configs
[Monitor] ✓ New best! Config 3819/9792: 0.050 ms (Progress: 1/9792)
[Monitor] ✓ New best! Config 5685/9792: 0.048 ms (Progress: 2/9792)
[aiter] import [module_aiter_core] under /home/anguyenh/aiter/aiter/jit/module_aiter_core.so
[Monitor] ✓ New best! Config 159/9792: 0.032 ms (Progress: 5/9792)
[aiter] import [module_aiter_core] under /home/anguyenh/aiter/aiter/jit/module_aiter_core.so
[Monitor] ✓ New best! Config 1768/9792: 0.031 ms (Progress: 23/9792)
[Monitor] ✓ New best! Config 2398/9792: 0.026 ms (Progress: 32/9792)
[aiter] import [module_aiter_core] under /home/anguyenh/aiter/aiter/jit/module_aiter_core.so
[Monitor] ✓ New best! Config 74/9792: 0.025 ms (Progress: 68/9792)
[Monitor] Progress: 118/9792 (Valid: 118, Failed: 0, Best: 0.025 ms, No improvement: 50/200)
[Monitor] Progress: 168/9792 (Valid: 168, Failed: 0, Best: 0.025 ms, No improvement: 100/200)
[Monitor] Progress: 218/9792 (Valid: 218, Failed: 0, Best: 0.025 ms, No improvement: 150/200)

[Monitor] ⚠️  Early stopping: No improvement for 200 configs
[Monitor] Best config found: 0.025 ms at index 74

[Monitor] ================================================================================
[Monitor] RESULTS SUMMARY for fused_mhc: M=1024, n=4, C=512, sinkhorn_iters=20
[Monitor] ================================================================================
[Monitor] Total configs tested: 268/9792
[Monitor] Valid results: 268
[Monitor] Failed configs: 0
[Monitor] Best time: 0.025 ms
[Monitor] Best config index: 74
[Monitor] Best config: {'BLOCK_M': 32, 'BLOCK_N': 16, 'BLOCK_K': 128, 'NUM_KSPLIT': 1, 'num_warps': 2, 'num_stages': 1, 'waves_per_eu': 1, 'USE_REDUCE_SPLITC': False}
[Monitor] Results saved to: best_configs_mhc_fused_mhc_sk20_M1024_2048_4096_8192_16384_n4_C512_20260430_142337.json
[Monitor] ================================================================================

[Worker GPU 5] Received stop signal, terminating...
[Worker GPU 6] Received stop signal, terminating...
[Worker GPU 4] Received stop signal, terminating...
[Worker GPU 7] Received stop signal, terminating...
[Main] Completed tuning for fused_mhc: M=1024, n=4, C=512, sinkhorn_iters=20


================================================================================
Starting tuning for fused_mhc: M=2048, n=4, C=512, sinkhorn_iters=20
================================================================================
[Main] Testing 9792/9792 configs (skipping 0 already tested)
[aiter] import [module_aiter_core] under /home/anguyenh/aiter/aiter/jit/module_aiter_core.so
[aiter] import [module_aiter_core] under /home/anguyenh/aiter/aiter/jit/module_aiter_core.so

[Monitor] Started monitoring results for fused_mhc: M=2048, n=4, C=512, sinkhorn_iters=20
[Monitor] Waiting for 9792 benchmark results...
[Monitor] Will stop early if no improvement after 200 configs
[Monitor] ✓ New best! Config 3819/9792: 0.048 ms (Progress: 1/9792)
[Monitor] ✓ New best! Config 159/9792: 0.035 ms (Progress: 5/9792)
[aiter] import [module_aiter_core] under /home/anguyenh/aiter/aiter/jit/module_aiter_core.so
[aiter] import [module_aiter_core] under /home/anguyenh/aiter/aiter/jit/module_aiter_core.so
[Monitor] ✓ New best! Config 1768/9792: 0.032 ms (Progress: 26/9792)
[Monitor] ✓ New best! Config 2398/9792: 0.025 ms (Progress: 31/9792)
[aiter] import [module_aiter_core] under /home/anguyenh/aiter/aiter/jit/module_aiter_core.so
[Monitor] Progress: 81/9792 (Valid: 81, Failed: 0, Best: 0.025 ms, No improvement: 50/200)
[Monitor] Progress: 131/9792 (Valid: 131, Failed: 0, Best: 0.025 ms, No improvement: 100/200)
[Monitor] Progress: 181/9792 (Valid: 181, Failed: 0, Best: 0.025 ms, No improvement: 150/200)

[Monitor] ⚠️  Early stopping: No improvement for 200 configs
[Monitor] Best config found: 0.025 ms at index 2398

[Monitor] ================================================================================
[Monitor] RESULTS SUMMARY for fused_mhc: M=2048, n=4, C=512, sinkhorn_iters=20
[Monitor] ================================================================================
[Monitor] Total configs tested: 231/9792
[Monitor] Valid results: 231
[Monitor] Failed configs: 0
[Monitor] Best time: 0.025 ms
[Monitor] Best config index: 2398
[Monitor] Best config: {'BLOCK_M': 32, 'BLOCK_N': 16, 'BLOCK_K': 256, 'NUM_KSPLIT': 1, 'num_warps': 4, 'num_stages': 1, 'waves_per_eu': 2, 'USE_REDUCE_SPLITC': True, 'BLOCK_M_SPLITC': 128, 'BLOCK_C_SPLITC': 64}
[Monitor] Results saved to: best_configs_mhc_fused_mhc_sk20_M1024_2048_4096_8192_16384_n4_C512_20260430_142337.json
[Monitor] ================================================================================

[Worker GPU 7] Received stop signal, terminating...
[Worker GPU 4] Received stop signal, terminating...
[Worker GPU 6] Received stop signal, terminating...
[Worker GPU 5] Received stop signal, terminating...
[Main] Completed tuning for fused_mhc: M=2048, n=4, C=512, sinkhorn_iters=20


================================================================================
Starting tuning for fused_mhc: M=4096, n=4, C=512, sinkhorn_iters=20
================================================================================
[Main] Testing 9792/9792 configs (skipping 0 already tested)
[aiter] import [module_aiter_core] under /home/anguyenh/aiter/aiter/jit/module_aiter_core.so
[aiter] import [module_aiter_core] under /home/anguyenh/aiter/aiter/jit/module_aiter_core.so

[Monitor] Started monitoring results for fused_mhc: M=4096, n=4, C=512, sinkhorn_iters=20
[Monitor] Waiting for 9792 benchmark results...
[Monitor] Will stop early if no improvement after 200 configs
[Monitor] ✓ New best! Config 3819/9792: 0.042 ms (Progress: 1/9792)
[Monitor] ✓ New best! Config 159/9792: 0.033 ms (Progress: 5/9792)
[aiter] import [module_aiter_core] under /home/anguyenh/aiter/aiter/jit/module_aiter_core.so
[aiter] import [module_aiter_core] under /home/anguyenh/aiter/aiter/jit/module_aiter_core.so
[Monitor] ✓ New best! Config 2398/9792: 0.029 ms (Progress: 32/9792)
[aiter] import [module_aiter_core] under /home/anguyenh/aiter/aiter/jit/module_aiter_core.so
[Monitor] ✓ New best! Config 74/9792: 0.026 ms (Progress: 70/9792)
[Monitor] Progress: 120/9792 (Valid: 120, Failed: 0, Best: 0.026 ms, No improvement: 50/200)
[Monitor] Progress: 170/9792 (Valid: 170, Failed: 0, Best: 0.026 ms, No improvement: 100/200)
[Monitor] Progress: 220/9792 (Valid: 220, Failed: 0, Best: 0.026 ms, No improvement: 150/200)

[Monitor] ⚠️  Early stopping: No improvement for 200 configs
[Monitor] Best config found: 0.026 ms at index 74

[Monitor] ================================================================================
[Monitor] RESULTS SUMMARY for fused_mhc: M=4096, n=4, C=512, sinkhorn_iters=20
[Monitor] ================================================================================
[Monitor] Total configs tested: 270/9792
[Monitor] Valid results: 270
[Monitor] Failed configs: 0
[Monitor] Best time: 0.026 ms
[Monitor] Best config index: 74
[Monitor] Best config: {'BLOCK_M': 32, 'BLOCK_N': 16, 'BLOCK_K': 128, 'NUM_KSPLIT': 1, 'num_warps': 2, 'num_stages': 1, 'waves_per_eu': 1, 'USE_REDUCE_SPLITC': False}
[Monitor] Results saved to: best_configs_mhc_fused_mhc_sk20_M1024_2048_4096_8192_16384_n4_C512_20260430_142337.json
[Monitor] ================================================================================

[Worker GPU 4] Received stop signal, terminating...
[Worker GPU 7] Received stop signal, terminating...
[Worker GPU 5] Received stop signal, terminating...
[Worker GPU 6] Received stop signal, terminating...
[Main] Completed tuning for fused_mhc: M=4096, n=4, C=512, sinkhorn_iters=20


================================================================================
Starting tuning for fused_mhc: M=8192, n=4, C=512, sinkhorn_iters=20
================================================================================
[Main] Testing 9792/9792 configs (skipping 0 already tested)
[aiter] import [module_aiter_core] under /home/anguyenh/aiter/aiter/jit/module_aiter_core.so
[aiter] import [module_aiter_core] under /home/anguyenh/aiter/aiter/jit/module_aiter_core.so

[Monitor] Started monitoring results for fused_mhc: M=8192, n=4, C=512, sinkhorn_iters=20
[Monitor] Waiting for 9792 benchmark results...
[Monitor] Will stop early if no improvement after 200 configs
[Monitor] ✓ New best! Config 3819/9792: 0.062 ms (Progress: 1/9792)
[Monitor] ✓ New best! Config 841/9792: 0.055 ms (Progress: 3/9792)
[Monitor] ✓ New best! Config 5288/9792: 0.053 ms (Progress: 4/9792)
[Monitor] ✓ New best! Config 159/9792: 0.048 ms (Progress: 5/9792)
[aiter] import [module_aiter_core] under /home/anguyenh/aiter/aiter/jit/module_aiter_core.so
[Monitor] ✓ New best! Config 342/9792: 0.046 ms (Progress: 10/9792)
[Monitor] ✓ New best! Config 2944/9792: 0.046 ms (Progress: 17/9792)
[aiter] import [module_aiter_core] under /home/anguyenh/aiter/aiter/jit/module_aiter_core.so
[Monitor] ✓ New best! Config 3711/9792: 0.041 ms (Progress: 21/9792)
[Monitor] ✓ New best! Config 1768/9792: 0.040 ms (Progress: 26/9792)
[aiter] import [module_aiter_core] under /home/anguyenh/aiter/aiter/jit/module_aiter_core.so
[Monitor] ✓ New best! Config 2127/9792: 0.040 ms (Progress: 41/9792)
[Monitor] ✓ New best! Config 1206/9792: 0.039 ms (Progress: 58/9792)
[Monitor] ✓ New best! Config 4698/9792: 0.034 ms (Progress: 71/9792)
[Monitor] ✓ New best! Config 89/9792: 0.034 ms (Progress: 120/9792)
[Monitor] Progress: 170/9792 (Valid: 170, Failed: 0, Best: 0.034 ms, No improvement: 50/200)
[Monitor] Progress: 220/9792 (Valid: 220, Failed: 0, Best: 0.034 ms, No improvement: 100/200)
[Monitor] Progress: 270/9792 (Valid: 270, Failed: 0, Best: 0.034 ms, No improvement: 150/200)

[Monitor] ⚠️  Early stopping: No improvement for 200 configs
[Monitor] Best config found: 0.034 ms at index 89

[Monitor] ================================================================================
[Monitor] RESULTS SUMMARY for fused_mhc: M=8192, n=4, C=512, sinkhorn_iters=20
[Monitor] ================================================================================
[Monitor] Total configs tested: 320/9792
[Monitor] Valid results: 320
[Monitor] Failed configs: 0
[Monitor] Best time: 0.034 ms
[Monitor] Best config index: 89
[Monitor] Best config: {'BLOCK_M': 32, 'BLOCK_N': 16, 'BLOCK_K': 128, 'NUM_KSPLIT': 2, 'num_warps': 8, 'num_stages': 1, 'waves_per_eu': 1, 'USE_REDUCE_SPLITC': False}
[Monitor] Results saved to: best_configs_mhc_fused_mhc_sk20_M1024_2048_4096_8192_16384_n4_C512_20260430_142337.json
[Monitor] ================================================================================

[Worker GPU 4] Received stop signal, terminating...
[Worker GPU 6] Received stop signal, terminating...
[Worker GPU 5] Received stop signal, terminating...
[Worker GPU 7] Received stop signal, terminating...
[Main] Completed tuning for fused_mhc: M=8192, n=4, C=512, sinkhorn_iters=20


================================================================================
Starting tuning for fused_mhc: M=16384, n=4, C=512, sinkhorn_iters=20
================================================================================
[Main] Testing 9792/9792 configs (skipping 0 already tested)
[aiter] import [module_aiter_core] under /home/anguyenh/aiter/aiter/jit/module_aiter_core.so
[aiter] import [module_aiter_core] under /home/anguyenh/aiter/aiter/jit/module_aiter_core.so

[Monitor] Started monitoring results for fused_mhc: M=16384, n=4, C=512, sinkhorn_iters=20
[Monitor] Waiting for 9792 benchmark results...
[Monitor] Will stop early if no improvement after 200 configs
[Monitor] ✓ New best! Config 3819/9792: 0.107 ms (Progress: 1/9792)
[Monitor] ✓ New best! Config 841/9792: 0.097 ms (Progress: 3/9792)
[Monitor] ✓ New best! Config 5288/9792: 0.065 ms (Progress: 4/9792)
[aiter] import [module_aiter_core] under /home/anguyenh/aiter/aiter/jit/module_aiter_core.so
[Monitor] ✓ New best! Config 2944/9792: 0.059 ms (Progress: 17/9792)
[aiter] import [module_aiter_core] under /home/anguyenh/aiter/aiter/jit/module_aiter_core.so
[aiter] import [module_aiter_core] under /home/anguyenh/aiter/aiter/jit/module_aiter_core.so
[Monitor] ✓ New best! Config 1206/9792: 0.059 ms (Progress: 57/9792)
[Monitor] ✓ New best! Config 1498/9792: 0.058 ms (Progress: 95/9792)
[Monitor] ✓ New best! Config 3663/9792: 0.050 ms (Progress: 139/9792)
[Monitor] Progress: 189/9792 (Valid: 189, Failed: 0, Best: 0.050 ms, No improvement: 50/200)
[Monitor] Progress: 239/9792 (Valid: 239, Failed: 0, Best: 0.050 ms, No improvement: 100/200)
[Monitor] Progress: 289/9792 (Valid: 289, Failed: 0, Best: 0.050 ms, No improvement: 150/200)

[Monitor] ⚠️  Early stopping: No improvement for 200 configs
[Monitor] Best config found: 0.050 ms at index 3663

[Monitor] ================================================================================
[Monitor] RESULTS SUMMARY for fused_mhc: M=16384, n=4, C=512, sinkhorn_iters=20
[Monitor] ================================================================================
[Monitor] Total configs tested: 339/9792
[Monitor] Valid results: 339
[Monitor] Failed configs: 0
[Monitor] Best time: 0.050 ms
[Monitor] Best config index: 3663
[Monitor] Best config: {'BLOCK_M': 64, 'BLOCK_N': 16, 'BLOCK_K': 64, 'NUM_KSPLIT': 2, 'num_warps': 4, 'num_stages': 1, 'waves_per_eu': 0, 'USE_REDUCE_SPLITC': True, 'BLOCK_M_SPLITC': 128, 'BLOCK_C_SPLITC': 128}
[Monitor] Results saved to: best_configs_mhc_fused_mhc_sk20_M1024_2048_4096_8192_16384_n4_C512_20260430_142337.json
[Monitor] ================================================================================

[Worker GPU 5] Received stop signal, terminating...
[Worker GPU 7] Received stop signal, terminating...
[Worker GPU 4] Received stop signal, terminating...
[Worker GPU 6] Received stop signal, terminating...
[Main] Completed tuning for fused_mhc: M=16384, n=4, C=512, sinkhorn_iters=20


--------------------------------------------------------------------------------
COMPLETED C=512
  Time: 0:02:33.659576
  M values tuned: 5
  Results saved to: best_configs_mhc_fused_mhc_sk20_M1024_2048_4096_8192_16384_n4_C512_20260430_142337.json
--------------------------------------------------------------------------------

================================================================================
TUNING COMPLETE
  Kernel: fused_mhc
  Sinkhorn iterations: 20
  C values tuned: [512]
  Total time: 0:02:33.662963
  M values per C: 5
  Configs per M value: 9792
  Total benchmarks: 48960
  Output files:
    - best_configs_mhc_fused_mhc_sk20_M1024_2048_4096_8192_16384_n4_C512_20260430_142337.json
================================================================================
