[Thu Apr 30 14:21:01 UTC 2026] === Tuning C=128 ===
[aiter] import [module_aiter_core] under /home/anguyenh/aiter/aiter/jit/module_aiter_core.so
Tuning kernel: fused_mhc
M values: [1024, 2048, 4096, 8192, 16384]
n: 4
C values: [128]
Sinkhorn iterations: 20
Data type: bf16
Loaded tuning space from 'tuning_results/tuning_space_mhc.json'
Total configurations to tune: 9792 (shuffled randomly)
Using 4 worker(s) on GPU(s): [4, 5, 6, 7]

################################################################################
# TUNING C=128
################################################################################

================================================================================
Starting tuning for fused_mhc: M=1024, n=4, C=128, sinkhorn_iters=20
================================================================================
[Main] Testing 9792/9792 configs (skipping 0 already tested)
[aiter] import [module_aiter_core] under /home/anguyenh/aiter/aiter/jit/module_aiter_core.so
[aiter] import [module_aiter_core] under /home/anguyenh/aiter/aiter/jit/module_aiter_core.so

[Monitor] Started monitoring results for fused_mhc: M=1024, n=4, C=128, sinkhorn_iters=20
[Monitor] Waiting for 9792 benchmark results...
[Monitor] Will stop early if no improvement after 200 configs
[Monitor] ✓ New best! Config 758/9792: 0.048 ms (Progress: 1/9792)
[aiter] import [module_aiter_core] under /home/anguyenh/aiter/aiter/jit/module_aiter_core.so
[Monitor] ✓ New best! Config 4637/9792: 0.026 ms (Progress: 5/9792)
[aiter] import [module_aiter_core] under /home/anguyenh/aiter/aiter/jit/module_aiter_core.so
[Monitor] ✓ New best! Config 2408/9792: 0.026 ms (Progress: 32/9792)
[aiter] import [module_aiter_core] under /home/anguyenh/aiter/aiter/jit/module_aiter_core.so
[Monitor] ✓ New best! Config 222/9792: 0.015 ms (Progress: 52/9792)
[Monitor] Progress: 102/9792 (Valid: 102, Failed: 0, Best: 0.015 ms, No improvement: 50/200)
[Monitor] Progress: 152/9792 (Valid: 152, Failed: 0, Best: 0.015 ms, No improvement: 100/200)
[Monitor] Progress: 202/9792 (Valid: 202, Failed: 0, Best: 0.015 ms, No improvement: 150/200)

[Monitor] ⚠️  Early stopping: No improvement for 200 configs
[Monitor] Best config found: 0.015 ms at index 222

[Monitor] ================================================================================
[Monitor] RESULTS SUMMARY for fused_mhc: M=1024, n=4, C=128, sinkhorn_iters=20
[Monitor] ================================================================================
[Monitor] Total configs tested: 252/9792
[Monitor] Valid results: 252
[Monitor] Failed configs: 0
[Monitor] Best time: 0.015 ms
[Monitor] Best config index: 222
[Monitor] Best config: {'BLOCK_M': 64, 'BLOCK_N': 16, 'BLOCK_K': 128, 'NUM_KSPLIT': 1, 'num_warps': 4, 'num_stages': 1, 'waves_per_eu': 2, 'USE_REDUCE_SPLITC': False}
[Monitor] Results saved to: best_configs_mhc_fused_mhc_sk20_M1024_2048_4096_8192_16384_n4_C128_20260430_142103.json
[Monitor] ================================================================================

[Worker GPU 6] Received stop signal, terminating...
[Worker GPU 7] Received stop signal, terminating...
[Worker GPU 5] Received stop signal, terminating...
[Worker GPU 4] Received stop signal, terminating...
[Main] Completed tuning for fused_mhc: M=1024, n=4, C=128, sinkhorn_iters=20


================================================================================
Starting tuning for fused_mhc: M=2048, n=4, C=128, sinkhorn_iters=20
================================================================================
[Main] Testing 9792/9792 configs (skipping 0 already tested)
[aiter] import [module_aiter_core] under /home/anguyenh/aiter/aiter/jit/module_aiter_core.so
[aiter] import [module_aiter_core] under /home/anguyenh/aiter/aiter/jit/module_aiter_core.so

[Monitor] Started monitoring results for fused_mhc: M=2048, n=4, C=128, sinkhorn_iters=20
[Monitor] Waiting for 9792 benchmark results...
[Monitor] Will stop early if no improvement after 200 configs
[Monitor] ✓ New best! Config 758/9792: 0.049 ms (Progress: 1/9792)
[aiter] import [module_aiter_core] under /home/anguyenh/aiter/aiter/jit/module_aiter_core.so
[Monitor] ✓ New best! Config 4637/9792: 0.026 ms (Progress: 5/9792)
[aiter] import [module_aiter_core] under /home/anguyenh/aiter/aiter/jit/module_aiter_core.so
[Monitor] ✓ New best! Config 1273/9792: 0.026 ms (Progress: 42/9792)
[aiter] import [module_aiter_core] under /home/anguyenh/aiter/aiter/jit/module_aiter_core.so
[Monitor] ✓ New best! Config 222/9792: 0.016 ms (Progress: 45/9792)
[Monitor] Progress: 95/9792 (Valid: 95, Failed: 0, Best: 0.016 ms, No improvement: 50/200)
[Monitor] Progress: 145/9792 (Valid: 145, Failed: 0, Best: 0.016 ms, No improvement: 100/200)
[Monitor] Progress: 195/9792 (Valid: 195, Failed: 0, Best: 0.016 ms, No improvement: 150/200)

[Monitor] ⚠️  Early stopping: No improvement for 200 configs
[Monitor] Best config found: 0.016 ms at index 222

[Monitor] ================================================================================
[Monitor] RESULTS SUMMARY for fused_mhc: M=2048, n=4, C=128, sinkhorn_iters=20
[Monitor] ================================================================================
[Monitor] Total configs tested: 245/9792
[Monitor] Valid results: 245
[Monitor] Failed configs: 0
[Monitor] Best time: 0.016 ms
[Monitor] Best config index: 222
[Monitor] Best config: {'BLOCK_M': 64, 'BLOCK_N': 16, 'BLOCK_K': 128, 'NUM_KSPLIT': 1, 'num_warps': 4, 'num_stages': 1, 'waves_per_eu': 2, 'USE_REDUCE_SPLITC': False}
[Monitor] Results saved to: best_configs_mhc_fused_mhc_sk20_M1024_2048_4096_8192_16384_n4_C128_20260430_142103.json
[Monitor] ================================================================================

[Worker GPU 7] Received stop signal, terminating...
[Worker GPU 5] Received stop signal, terminating...
[Worker GPU 6] Received stop signal, terminating...
[Worker GPU 4] Received stop signal, terminating...
[Main] Completed tuning for fused_mhc: M=2048, n=4, C=128, sinkhorn_iters=20


================================================================================
Starting tuning for fused_mhc: M=4096, n=4, C=128, sinkhorn_iters=20
================================================================================
[Main] Testing 9792/9792 configs (skipping 0 already tested)
[aiter] import [module_aiter_core] under /home/anguyenh/aiter/aiter/jit/module_aiter_core.so
[aiter] import [module_aiter_core] under /home/anguyenh/aiter/aiter/jit/module_aiter_core.so

[Monitor] Started monitoring results for fused_mhc: M=4096, n=4, C=128, sinkhorn_iters=20
[Monitor] Waiting for 9792 benchmark results...
[Monitor] Will stop early if no improvement after 200 configs
[Monitor] ✓ New best! Config 758/9792: 0.051 ms (Progress: 1/9792)
[aiter] import [module_aiter_core] under /home/anguyenh/aiter/aiter/jit/module_aiter_core.so
[Monitor] ✓ New best! Config 4637/9792: 0.028 ms (Progress: 5/9792)
[aiter] import [module_aiter_core] under /home/anguyenh/aiter/aiter/jit/module_aiter_core.so
[Monitor] ✓ New best! Config 1867/9792: 0.027 ms (Progress: 28/9792)
[Monitor] ✓ New best! Config 1157/9792: 0.024 ms (Progress: 40/9792)
[aiter] import [module_aiter_core] under /home/anguyenh/aiter/aiter/jit/module_aiter_core.so
[Monitor] ✓ New best! Config 222/9792: 0.016 ms (Progress: 45/9792)
[Monitor] Progress: 95/9792 (Valid: 95, Failed: 0, Best: 0.016 ms, No improvement: 50/200)
[Monitor] Progress: 145/9792 (Valid: 145, Failed: 0, Best: 0.016 ms, No improvement: 100/200)
[Monitor] Progress: 195/9792 (Valid: 195, Failed: 0, Best: 0.016 ms, No improvement: 150/200)

[Monitor] ⚠️  Early stopping: No improvement for 200 configs
[Monitor] Best config found: 0.016 ms at index 222

[Monitor] ================================================================================
[Monitor] RESULTS SUMMARY for fused_mhc: M=4096, n=4, C=128, sinkhorn_iters=20
[Monitor] ================================================================================
[Monitor] Total configs tested: 245/9792
[Monitor] Valid results: 245
[Monitor] Failed configs: 0
[Monitor] Best time: 0.016 ms
[Monitor] Best config index: 222
[Monitor] Best config: {'BLOCK_M': 64, 'BLOCK_N': 16, 'BLOCK_K': 128, 'NUM_KSPLIT': 1, 'num_warps': 4, 'num_stages': 1, 'waves_per_eu': 2, 'USE_REDUCE_SPLITC': False}
[Monitor] Results saved to: best_configs_mhc_fused_mhc_sk20_M1024_2048_4096_8192_16384_n4_C128_20260430_142103.json
[Monitor] ================================================================================

[Worker GPU 5] Received stop signal, terminating...
[Worker GPU 4] Received stop signal, terminating...
[Worker GPU 6] Received stop signal, terminating...
[Worker GPU 7] Received stop signal, terminating...
[Main] Completed tuning for fused_mhc: M=4096, n=4, C=128, sinkhorn_iters=20


================================================================================
Starting tuning for fused_mhc: M=8192, n=4, C=128, sinkhorn_iters=20
================================================================================
[Main] Testing 9792/9792 configs (skipping 0 already tested)
[aiter] import [module_aiter_core] under /home/anguyenh/aiter/aiter/jit/module_aiter_core.so
[aiter] import [module_aiter_core] under /home/anguyenh/aiter/aiter/jit/module_aiter_core.so

[Monitor] Started monitoring results for fused_mhc: M=8192, n=4, C=128, sinkhorn_iters=20
[Monitor] Waiting for 9792 benchmark results...
[Monitor] Will stop early if no improvement after 200 configs
[Monitor] ✓ New best! Config 758/9792: 0.047 ms (Progress: 1/9792)
[Monitor] ✓ New best! Config 6336/9792: 0.044 ms (Progress: 4/9792)
[aiter] import [module_aiter_core] under /home/anguyenh/aiter/aiter/jit/module_aiter_core.so
[Monitor] ✓ New best! Config 4637/9792: 0.028 ms (Progress: 5/9792)
[Monitor] ✓ New best! Config 5304/9792: 0.028 ms (Progress: 8/9792)
[Monitor] ✓ New best! Config 4676/9792: 0.027 ms (Progress: 16/9792)
[aiter] import [module_aiter_core] under /home/anguyenh/aiter/aiter/jit/module_aiter_core.so
[Monitor] ✓ New best! Config 1157/9792: 0.026 ms (Progress: 40/9792)
[aiter] import [module_aiter_core] under /home/anguyenh/aiter/aiter/jit/module_aiter_core.so
[Monitor] ✓ New best! Config 222/9792: 0.018 ms (Progress: 47/9792)
[Monitor] Progress: 97/9792 (Valid: 97, Failed: 0, Best: 0.018 ms, No improvement: 50/200)
[Monitor] Progress: 147/9792 (Valid: 147, Failed: 0, Best: 0.018 ms, No improvement: 100/200)
[Monitor] Progress: 197/9792 (Valid: 197, Failed: 0, Best: 0.018 ms, No improvement: 150/200)

[Monitor] ⚠️  Early stopping: No improvement for 200 configs
[Monitor] Best config found: 0.018 ms at index 222

[Monitor] ================================================================================
[Monitor] RESULTS SUMMARY for fused_mhc: M=8192, n=4, C=128, sinkhorn_iters=20
[Monitor] ================================================================================
[Monitor] Total configs tested: 247/9792
[Monitor] Valid results: 247
[Monitor] Failed configs: 0
[Monitor] Best time: 0.018 ms
[Monitor] Best config index: 222
[Monitor] Best config: {'BLOCK_M': 64, 'BLOCK_N': 16, 'BLOCK_K': 128, 'NUM_KSPLIT': 1, 'num_warps': 4, 'num_stages': 1, 'waves_per_eu': 2, 'USE_REDUCE_SPLITC': False}
[Monitor] Results saved to: best_configs_mhc_fused_mhc_sk20_M1024_2048_4096_8192_16384_n4_C128_20260430_142103.json
[Monitor] ================================================================================

[Worker GPU 5] Received stop signal, terminating...
[Worker GPU 6] Received stop signal, terminating...
[Worker GPU 7] Received stop signal, terminating...
[Worker GPU 4] Received stop signal, terminating...
[Main] Completed tuning for fused_mhc: M=8192, n=4, C=128, sinkhorn_iters=20


================================================================================
Starting tuning for fused_mhc: M=16384, n=4, C=128, sinkhorn_iters=20
================================================================================
[Main] Testing 9792/9792 configs (skipping 0 already tested)
[aiter] import [module_aiter_core] under /home/anguyenh/aiter/aiter/jit/module_aiter_core.so
[aiter] import [module_aiter_core] under /home/anguyenh/aiter/aiter/jit/module_aiter_core.so

[Monitor] Started monitoring results for fused_mhc: M=16384, n=4, C=128, sinkhorn_iters=20
[Monitor] Waiting for 9792 benchmark results...
[Monitor] Will stop early if no improvement after 200 configs
[Monitor] ✓ New best! Config 758/9792: 0.044 ms (Progress: 1/9792)
[Monitor] ✓ New best! Config 2489/9792: 0.044 ms (Progress: 3/9792)
[aiter] import [module_aiter_core] under /home/anguyenh/aiter/aiter/jit/module_aiter_core.so
[Monitor] ✓ New best! Config 4637/9792: 0.038 ms (Progress: 5/9792)
[Monitor] ✓ New best! Config 5304/9792: 0.030 ms (Progress: 8/9792)
[aiter] import [module_aiter_core] under /home/anguyenh/aiter/aiter/jit/module_aiter_core.so
[aiter] import [module_aiter_core] under /home/anguyenh/aiter/aiter/jit/module_aiter_core.so
[Monitor] ✓ New best! Config 222/9792: 0.028 ms (Progress: 46/9792)
[Monitor] Progress: 96/9792 (Valid: 96, Failed: 0, Best: 0.028 ms, No improvement: 50/200)
[Monitor] Progress: 146/9792 (Valid: 146, Failed: 0, Best: 0.028 ms, No improvement: 100/200)
[Monitor] ✓ New best! Config 4691/9792: 0.027 ms (Progress: 153/9792)
[Monitor] Progress: 203/9792 (Valid: 203, Failed: 0, Best: 0.027 ms, No improvement: 50/200)
[Monitor] Progress: 253/9792 (Valid: 253, Failed: 0, Best: 0.027 ms, No improvement: 100/200)
[Monitor] ✓ New best! Config 2943/9792: 0.025 ms (Progress: 291/9792)
[Monitor] ✓ New best! Config 4083/9792: 0.023 ms (Progress: 308/9792)
[Monitor] Progress: 358/9792 (Valid: 358, Failed: 0, Best: 0.023 ms, No improvement: 50/200)
[Monitor] Progress: 408/9792 (Valid: 408, Failed: 0, Best: 0.023 ms, No improvement: 100/200)
[Monitor] Progress: 458/9792 (Valid: 458, Failed: 0, Best: 0.023 ms, No improvement: 150/200)

[Monitor] ⚠️  Early stopping: No improvement for 200 configs
[Monitor] Best config found: 0.023 ms at index 4083

[Monitor] ================================================================================
[Monitor] RESULTS SUMMARY for fused_mhc: M=16384, n=4, C=128, sinkhorn_iters=20
[Monitor] ================================================================================
[Monitor] Total configs tested: 508/9792
[Monitor] Valid results: 508
[Monitor] Failed configs: 0
[Monitor] Best time: 0.023 ms
[Monitor] Best config index: 4083
[Monitor] Best config: {'BLOCK_M': 64, 'BLOCK_N': 16, 'BLOCK_K': 128, 'NUM_KSPLIT': 1, 'num_warps': 4, 'num_stages': 1, 'waves_per_eu': 0, 'USE_REDUCE_SPLITC': True, 'BLOCK_M_SPLITC': 16, 'BLOCK_C_SPLITC': 128}
[Monitor] Results saved to: best_configs_mhc_fused_mhc_sk20_M1024_2048_4096_8192_16384_n4_C128_20260430_142103.json
[Monitor] ================================================================================

[Worker GPU 4] Received stop signal, terminating...
[Worker GPU 7] Received stop signal, terminating...
[Worker GPU 6] Received stop signal, terminating...
[Worker GPU 5] Received stop signal, terminating...
[Main] Completed tuning for fused_mhc: M=16384, n=4, C=128, sinkhorn_iters=20


--------------------------------------------------------------------------------
COMPLETED C=128
  Time: 0:02:30.471719
  M values tuned: 5
  Results saved to: best_configs_mhc_fused_mhc_sk20_M1024_2048_4096_8192_16384_n4_C128_20260430_142103.json
--------------------------------------------------------------------------------

================================================================================
TUNING COMPLETE
  Kernel: fused_mhc
  Sinkhorn iterations: 20
  C values tuned: [128]
  Total time: 0:02:30.475091
  M values per C: 5
  Configs per M value: 9792
  Total benchmarks: 48960
  Output files:
    - best_configs_mhc_fused_mhc_sk20_M1024_2048_4096_8192_16384_n4_C128_20260430_142103.json
================================================================================
[Thu Apr 30 14:23:35 UTC 2026] === Tuning C=512 ===
[aiter] import [module_aiter_core] under /home/anguyenh/aiter/aiter/jit/module_aiter_core.so
Tuning kernel: fused_mhc
M values: [1024, 2048, 4096, 8192, 16384]
n: 4
C values: [512]
Sinkhorn iterations: 20
Data type: bf16
Loaded tuning space from 'tuning_results/tuning_space_mhc.json'
Total configurations to tune: 9792 (shuffled randomly)
Using 4 worker(s) on GPU(s): [4, 5, 6, 7]

################################################################################
# TUNING C=512
################################################################################

================================================================================
Starting tuning for fused_mhc: M=1024, n=4, C=512, sinkhorn_iters=20
================================================================================
[Main] Testing 9792/9792 configs (skipping 0 already tested)
[aiter] import [module_aiter_core] under /home/anguyenh/aiter/aiter/jit/module_aiter_core.so
[aiter] import [module_aiter_core] under /home/anguyenh/aiter/aiter/jit/module_aiter_core.so

[Monitor] Started monitoring results for fused_mhc: M=1024, n=4, C=512, sinkhorn_iters=20
[Monitor] Waiting for 9792 benchmark results...
[Monitor] Will stop early if no improvement after 200 configs
[Monitor] ✓ New best! Config 3819/9792: 0.050 ms (Progress: 1/9792)
[Monitor] ✓ New best! Config 5685/9792: 0.048 ms (Progress: 2/9792)
[aiter] import [module_aiter_core] under /home/anguyenh/aiter/aiter/jit/module_aiter_core.so
[Monitor] ✓ New best! Config 159/9792: 0.032 ms (Progress: 5/9792)
[aiter] import [module_aiter_core] under /home/anguyenh/aiter/aiter/jit/module_aiter_core.so
[Monitor] ✓ New best! Config 1768/9792: 0.031 ms (Progress: 23/9792)
[Monitor] ✓ New best! Config 2398/9792: 0.026 ms (Progress: 32/9792)
[aiter] import [module_aiter_core] under /home/anguyenh/aiter/aiter/jit/module_aiter_core.so
[Monitor] ✓ New best! Config 74/9792: 0.025 ms (Progress: 68/9792)
[Monitor] Progress: 118/9792 (Valid: 118, Failed: 0, Best: 0.025 ms, No improvement: 50/200)
[Monitor] Progress: 168/9792 (Valid: 168, Failed: 0, Best: 0.025 ms, No improvement: 100/200)
[Monitor] Progress: 218/9792 (Valid: 218, Failed: 0, Best: 0.025 ms, No improvement: 150/200)

[Monitor] ⚠️  Early stopping: No improvement for 200 configs
[Monitor] Best config found: 0.025 ms at index 74

[Monitor] ================================================================================
[Monitor] RESULTS SUMMARY for fused_mhc: M=1024, n=4, C=512, sinkhorn_iters=20
[Monitor] ================================================================================
[Monitor] Total configs tested: 268/9792
[Monitor] Valid results: 268
[Monitor] Failed configs: 0
[Monitor] Best time: 0.025 ms
[Monitor] Best config index: 74
[Monitor] Best config: {'BLOCK_M': 32, 'BLOCK_N': 16, 'BLOCK_K': 128, 'NUM_KSPLIT': 1, 'num_warps': 2, 'num_stages': 1, 'waves_per_eu': 1, 'USE_REDUCE_SPLITC': False}
[Monitor] Results saved to: best_configs_mhc_fused_mhc_sk20_M1024_2048_4096_8192_16384_n4_C512_20260430_142337.json
[Monitor] ================================================================================

[Worker GPU 5] Received stop signal, terminating...
[Worker GPU 6] Received stop signal, terminating...
[Worker GPU 4] Received stop signal, terminating...
[Worker GPU 7] Received stop signal, terminating...
[Main] Completed tuning for fused_mhc: M=1024, n=4, C=512, sinkhorn_iters=20


================================================================================
Starting tuning for fused_mhc: M=2048, n=4, C=512, sinkhorn_iters=20
================================================================================
[Main] Testing 9792/9792 configs (skipping 0 already tested)
[aiter] import [module_aiter_core] under /home/anguyenh/aiter/aiter/jit/module_aiter_core.so
[aiter] import [module_aiter_core] under /home/anguyenh/aiter/aiter/jit/module_aiter_core.so

[Monitor] Started monitoring results for fused_mhc: M=2048, n=4, C=512, sinkhorn_iters=20
[Monitor] Waiting for 9792 benchmark results...
[Monitor] Will stop early if no improvement after 200 configs
[Monitor] ✓ New best! Config 3819/9792: 0.048 ms (Progress: 1/9792)
[Monitor] ✓ New best! Config 159/9792: 0.035 ms (Progress: 5/9792)
[aiter] import [module_aiter_core] under /home/anguyenh/aiter/aiter/jit/module_aiter_core.so
[aiter] import [module_aiter_core] under /home/anguyenh/aiter/aiter/jit/module_aiter_core.so
[Monitor] ✓ New best! Config 1768/9792: 0.032 ms (Progress: 26/9792)
[Monitor] ✓ New best! Config 2398/9792: 0.025 ms (Progress: 31/9792)
[aiter] import [module_aiter_core] under /home/anguyenh/aiter/aiter/jit/module_aiter_core.so
[Monitor] Progress: 81/9792 (Valid: 81, Failed: 0, Best: 0.025 ms, No improvement: 50/200)
[Monitor] Progress: 131/9792 (Valid: 131, Failed: 0, Best: 0.025 ms, No improvement: 100/200)
[Monitor] Progress: 181/9792 (Valid: 181, Failed: 0, Best: 0.025 ms, No improvement: 150/200)

[Monitor] ⚠️  Early stopping: No improvement for 200 configs
[Monitor] Best config found: 0.025 ms at index 2398

[Monitor] ================================================================================
[Monitor] RESULTS SUMMARY for fused_mhc: M=2048, n=4, C=512, sinkhorn_iters=20
[Monitor] ================================================================================
[Monitor] Total configs tested: 231/9792
[Monitor] Valid results: 231
[Monitor] Failed configs: 0
[Monitor] Best time: 0.025 ms
[Monitor] Best config index: 2398
[Monitor] Best config: {'BLOCK_M': 32, 'BLOCK_N': 16, 'BLOCK_K': 256, 'NUM_KSPLIT': 1, 'num_warps': 4, 'num_stages': 1, 'waves_per_eu': 2, 'USE_REDUCE_SPLITC': True, 'BLOCK_M_SPLITC': 128, 'BLOCK_C_SPLITC': 64}
[Monitor] Results saved to: best_configs_mhc_fused_mhc_sk20_M1024_2048_4096_8192_16384_n4_C512_20260430_142337.json
[Monitor] ================================================================================

[Worker GPU 7] Received stop signal, terminating...
[Worker GPU 4] Received stop signal, terminating...
[Worker GPU 6] Received stop signal, terminating...
[Worker GPU 5] Received stop signal, terminating...
[Main] Completed tuning for fused_mhc: M=2048, n=4, C=512, sinkhorn_iters=20


================================================================================
Starting tuning for fused_mhc: M=4096, n=4, C=512, sinkhorn_iters=20
================================================================================
[Main] Testing 9792/9792 configs (skipping 0 already tested)
[aiter] import [module_aiter_core] under /home/anguyenh/aiter/aiter/jit/module_aiter_core.so
[aiter] import [module_aiter_core] under /home/anguyenh/aiter/aiter/jit/module_aiter_core.so

[Monitor] Started monitoring results for fused_mhc: M=4096, n=4, C=512, sinkhorn_iters=20
[Monitor] Waiting for 9792 benchmark results...
[Monitor] Will stop early if no improvement after 200 configs
[Monitor] ✓ New best! Config 3819/9792: 0.042 ms (Progress: 1/9792)
[Monitor] ✓ New best! Config 159/9792: 0.033 ms (Progress: 5/9792)
[aiter] import [module_aiter_core] under /home/anguyenh/aiter/aiter/jit/module_aiter_core.so
[aiter] import [module_aiter_core] under /home/anguyenh/aiter/aiter/jit/module_aiter_core.so
[Monitor] ✓ New best! Config 2398/9792: 0.029 ms (Progress: 32/9792)
[aiter] import [module_aiter_core] under /home/anguyenh/aiter/aiter/jit/module_aiter_core.so
[Monitor] ✓ New best! Config 74/9792: 0.026 ms (Progress: 70/9792)
[Monitor] Progress: 120/9792 (Valid: 120, Failed: 0, Best: 0.026 ms, No improvement: 50/200)
[Monitor] Progress: 170/9792 (Valid: 170, Failed: 0, Best: 0.026 ms, No improvement: 100/200)
[Monitor] Progress: 220/9792 (Valid: 220, Failed: 0, Best: 0.026 ms, No improvement: 150/200)

[Monitor] ⚠️  Early stopping: No improvement for 200 configs
[Monitor] Best config found: 0.026 ms at index 74

[Monitor] ================================================================================
[Monitor] RESULTS SUMMARY for fused_mhc: M=4096, n=4, C=512, sinkhorn_iters=20
[Monitor] ================================================================================
[Monitor] Total configs tested: 270/9792
[Monitor] Valid results: 270
[Monitor] Failed configs: 0
[Monitor] Best time: 0.026 ms
[Monitor] Best config index: 74
[Monitor] Best config: {'BLOCK_M': 32, 'BLOCK_N': 16, 'BLOCK_K': 128, 'NUM_KSPLIT': 1, 'num_warps': 2, 'num_stages': 1, 'waves_per_eu': 1, 'USE_REDUCE_SPLITC': False}
[Monitor] Results saved to: best_configs_mhc_fused_mhc_sk20_M1024_2048_4096_8192_16384_n4_C512_20260430_142337.json
[Monitor] ================================================================================

[Worker GPU 4] Received stop signal, terminating...
[Worker GPU 7] Received stop signal, terminating...
[Worker GPU 5] Received stop signal, terminating...
[Worker GPU 6] Received stop signal, terminating...
[Main] Completed tuning for fused_mhc: M=4096, n=4, C=512, sinkhorn_iters=20


================================================================================
Starting tuning for fused_mhc: M=8192, n=4, C=512, sinkhorn_iters=20
================================================================================
[Main] Testing 9792/9792 configs (skipping 0 already tested)
[aiter] import [module_aiter_core] under /home/anguyenh/aiter/aiter/jit/module_aiter_core.so
[aiter] import [module_aiter_core] under /home/anguyenh/aiter/aiter/jit/module_aiter_core.so

[Monitor] Started monitoring results for fused_mhc: M=8192, n=4, C=512, sinkhorn_iters=20
[Monitor] Waiting for 9792 benchmark results...
[Monitor] Will stop early if no improvement after 200 configs
[Monitor] ✓ New best! Config 3819/9792: 0.062 ms (Progress: 1/9792)
[Monitor] ✓ New best! Config 841/9792: 0.055 ms (Progress: 3/9792)
[Monitor] ✓ New best! Config 5288/9792: 0.053 ms (Progress: 4/9792)
[Monitor] ✓ New best! Config 159/9792: 0.048 ms (Progress: 5/9792)
[aiter] import [module_aiter_core] under /home/anguyenh/aiter/aiter/jit/module_aiter_core.so
[Monitor] ✓ New best! Config 342/9792: 0.046 ms (Progress: 10/9792)
[Monitor] ✓ New best! Config 2944/9792: 0.046 ms (Progress: 17/9792)
[aiter] import [module_aiter_core] under /home/anguyenh/aiter/aiter/jit/module_aiter_core.so
[Monitor] ✓ New best! Config 3711/9792: 0.041 ms (Progress: 21/9792)
[Monitor] ✓ New best! Config 1768/9792: 0.040 ms (Progress: 26/9792)
[aiter] import [module_aiter_core] under /home/anguyenh/aiter/aiter/jit/module_aiter_core.so
[Monitor] ✓ New best! Config 2127/9792: 0.040 ms (Progress: 41/9792)
[Monitor] ✓ New best! Config 1206/9792: 0.039 ms (Progress: 58/9792)
[Monitor] ✓ New best! Config 4698/9792: 0.034 ms (Progress: 71/9792)
[Monitor] ✓ New best! Config 89/9792: 0.034 ms (Progress: 120/9792)
[Monitor] Progress: 170/9792 (Valid: 170, Failed: 0, Best: 0.034 ms, No improvement: 50/200)
[Monitor] Progress: 220/9792 (Valid: 220, Failed: 0, Best: 0.034 ms, No improvement: 100/200)
[Monitor] Progress: 270/9792 (Valid: 270, Failed: 0, Best: 0.034 ms, No improvement: 150/200)

[Monitor] ⚠️  Early stopping: No improvement for 200 configs
[Monitor] Best config found: 0.034 ms at index 89

[Monitor] ================================================================================
[Monitor] RESULTS SUMMARY for fused_mhc: M=8192, n=4, C=512, sinkhorn_iters=20
[Monitor] ================================================================================
[Monitor] Total configs tested: 320/9792
[Monitor] Valid results: 320
[Monitor] Failed configs: 0
[Monitor] Best time: 0.034 ms
[Monitor] Best config index: 89
[Monitor] Best config: {'BLOCK_M': 32, 'BLOCK_N': 16, 'BLOCK_K': 128, 'NUM_KSPLIT': 2, 'num_warps': 8, 'num_stages': 1, 'waves_per_eu': 1, 'USE_REDUCE_SPLITC': False}
[Monitor] Results saved to: best_configs_mhc_fused_mhc_sk20_M1024_2048_4096_8192_16384_n4_C512_20260430_142337.json
[Monitor] ================================================================================

[Worker GPU 4] Received stop signal, terminating...
[Worker GPU 6] Received stop signal, terminating...
[Worker GPU 5] Received stop signal, terminating...
[Worker GPU 7] Received stop signal, terminating...
[Main] Completed tuning for fused_mhc: M=8192, n=4, C=512, sinkhorn_iters=20


================================================================================
Starting tuning for fused_mhc: M=16384, n=4, C=512, sinkhorn_iters=20
================================================================================
[Main] Testing 9792/9792 configs (skipping 0 already tested)
[aiter] import [module_aiter_core] under /home/anguyenh/aiter/aiter/jit/module_aiter_core.so
[aiter] import [module_aiter_core] under /home/anguyenh/aiter/aiter/jit/module_aiter_core.so

[Monitor] Started monitoring results for fused_mhc: M=16384, n=4, C=512, sinkhorn_iters=20
[Monitor] Waiting for 9792 benchmark results...
[Monitor] Will stop early if no improvement after 200 configs
[Monitor] ✓ New best! Config 3819/9792: 0.107 ms (Progress: 1/9792)
[Monitor] ✓ New best! Config 841/9792: 0.097 ms (Progress: 3/9792)
[Monitor] ✓ New best! Config 5288/9792: 0.065 ms (Progress: 4/9792)
[aiter] import [module_aiter_core] under /home/anguyenh/aiter/aiter/jit/module_aiter_core.so
[Monitor] ✓ New best! Config 2944/9792: 0.059 ms (Progress: 17/9792)
[aiter] import [module_aiter_core] under /home/anguyenh/aiter/aiter/jit/module_aiter_core.so
[aiter] import [module_aiter_core] under /home/anguyenh/aiter/aiter/jit/module_aiter_core.so
[Monitor] ✓ New best! Config 1206/9792: 0.059 ms (Progress: 57/9792)
[Monitor] ✓ New best! Config 1498/9792: 0.058 ms (Progress: 95/9792)
[Monitor] ✓ New best! Config 3663/9792: 0.050 ms (Progress: 139/9792)
[Monitor] Progress: 189/9792 (Valid: 189, Failed: 0, Best: 0.050 ms, No improvement: 50/200)
[Monitor] Progress: 239/9792 (Valid: 239, Failed: 0, Best: 0.050 ms, No improvement: 100/200)
[Monitor] Progress: 289/9792 (Valid: 289, Failed: 0, Best: 0.050 ms, No improvement: 150/200)

[Monitor] ⚠️  Early stopping: No improvement for 200 configs
[Monitor] Best config found: 0.050 ms at index 3663

[Monitor] ================================================================================
[Monitor] RESULTS SUMMARY for fused_mhc: M=16384, n=4, C=512, sinkhorn_iters=20
[Monitor] ================================================================================
[Monitor] Total configs tested: 339/9792
[Monitor] Valid results: 339
[Monitor] Failed configs: 0
[Monitor] Best time: 0.050 ms
[Monitor] Best config index: 3663
[Monitor] Best config: {'BLOCK_M': 64, 'BLOCK_N': 16, 'BLOCK_K': 64, 'NUM_KSPLIT': 2, 'num_warps': 4, 'num_stages': 1, 'waves_per_eu': 0, 'USE_REDUCE_SPLITC': True, 'BLOCK_M_SPLITC': 128, 'BLOCK_C_SPLITC': 128}
[Monitor] Results saved to: best_configs_mhc_fused_mhc_sk20_M1024_2048_4096_8192_16384_n4_C512_20260430_142337.json
[Monitor] ================================================================================

[Worker GPU 5] Received stop signal, terminating...
[Worker GPU 7] Received stop signal, terminating...
[Worker GPU 4] Received stop signal, terminating...
[Worker GPU 6] Received stop signal, terminating...
[Main] Completed tuning for fused_mhc: M=16384, n=4, C=512, sinkhorn_iters=20


--------------------------------------------------------------------------------
COMPLETED C=512
  Time: 0:02:33.659576
  M values tuned: 5
  Results saved to: best_configs_mhc_fused_mhc_sk20_M1024_2048_4096_8192_16384_n4_C512_20260430_142337.json
--------------------------------------------------------------------------------

================================================================================
TUNING COMPLETE
  Kernel: fused_mhc
  Sinkhorn iterations: 20
  C values tuned: [512]
  Total time: 0:02:33.662963
  M values per C: 5
  Configs per M value: 9792
  Total benchmarks: 48960
  Output files:
    - best_configs_mhc_fused_mhc_sk20_M1024_2048_4096_8192_16384_n4_C512_20260430_142337.json
================================================================================
[Thu Apr 30 14:26:12 UTC 2026] === Tuning C=1024 ===
[aiter] import [module_aiter_core] under /home/anguyenh/aiter/aiter/jit/module_aiter_core.so
Tuning kernel: fused_mhc
M values: [1024, 2048, 4096, 8192, 16384]
n: 4
C values: [1024]
Sinkhorn iterations: 20
Data type: bf16
Loaded tuning space from 'tuning_results/tuning_space_mhc.json'
Total configurations to tune: 9792 (shuffled randomly)
Using 4 worker(s) on GPU(s): [4, 5, 6, 7]

################################################################################
# TUNING C=1024
################################################################################

================================================================================
Starting tuning for fused_mhc: M=1024, n=4, C=1024, sinkhorn_iters=20
================================================================================
[Main] Testing 9792/9792 configs (skipping 0 already tested)
[aiter] import [module_aiter_core] under /home/anguyenh/aiter/aiter/jit/module_aiter_core.so
[aiter] import [module_aiter_core] under /home/anguyenh/aiter/aiter/jit/module_aiter_core.so

[Monitor] Started monitoring results for fused_mhc: M=1024, n=4, C=1024, sinkhorn_iters=20
[Monitor] Waiting for 9792 benchmark results...
[Monitor] Will stop early if no improvement after 200 configs
[Monitor] ✓ New best! Config 654/9792: 0.079 ms (Progress: 1/9792)
[Monitor] ✓ New best! Config 1045/9792: 0.052 ms (Progress: 2/9792)
[Monitor] ✓ New best! Config 5575/9792: 0.051 ms (Progress: 3/9792)
[aiter] import [module_aiter_core] under /home/anguyenh/aiter/aiter/jit/module_aiter_core.so
[Monitor] ✓ New best! Config 250/9792: 0.034 ms (Progress: 6/9792)
[aiter] import [module_aiter_core] under /home/anguyenh/aiter/aiter/jit/module_aiter_core.so
[aiter] import [module_aiter_core] under /home/anguyenh/aiter/aiter/jit/module_aiter_core.so
[Monitor] Progress: 56/9792 (Valid: 56, Failed: 0, Best: 0.034 ms, No improvement: 50/200)
[Monitor] Progress: 106/9792 (Valid: 106, Failed: 0, Best: 0.034 ms, No improvement: 100/200)
[Monitor] Progress: 156/9792 (Valid: 156, Failed: 0, Best: 0.034 ms, No improvement: 150/200)

[Monitor] ⚠️  Early stopping: No improvement for 200 configs
[Monitor] Best config found: 0.034 ms at index 250

[Monitor] ================================================================================
[Monitor] RESULTS SUMMARY for fused_mhc: M=1024, n=4, C=1024, sinkhorn_iters=20
[Monitor] ================================================================================
[Monitor] Total configs tested: 206/9792
[Monitor] Valid results: 206
[Monitor] Failed configs: 0
[Monitor] Best time: 0.034 ms
[Monitor] Best config index: 250
[Monitor] Best config: {'BLOCK_M': 64, 'BLOCK_N': 16, 'BLOCK_K': 128, 'NUM_KSPLIT': 8, 'num_warps': 8, 'num_stages': 1, 'waves_per_eu': 0, 'USE_REDUCE_SPLITC': False}
[Monitor] Results saved to: best_configs_mhc_fused_mhc_sk20_M1024_2048_4096_8192_16384_n4_C1024_20260430_142614.json
[Monitor] ================================================================================

[Worker GPU 4] Received stop signal, terminating...
[Worker GPU 5] Received stop signal, terminating...
[Worker GPU 6] Received stop signal, terminating...
[Worker GPU 7] Received stop signal, terminating...
[Main] Completed tuning for fused_mhc: M=1024, n=4, C=1024, sinkhorn_iters=20


================================================================================
Starting tuning for fused_mhc: M=2048, n=4, C=1024, sinkhorn_iters=20
================================================================================
[Main] Testing 9792/9792 configs (skipping 0 already tested)
[aiter] import [module_aiter_core] under /home/anguyenh/aiter/aiter/jit/module_aiter_core.so
[aiter] import [module_aiter_core] under /home/anguyenh/aiter/aiter/jit/module_aiter_core.so

[Monitor] Started monitoring results for fused_mhc: M=2048, n=4, C=1024, sinkhorn_iters=20
[Monitor] Waiting for 9792 benchmark results...
[Monitor] Will stop early if no improvement after 200 configs
[Monitor] ✓ New best! Config 654/9792: 0.080 ms (Progress: 1/9792)
[Monitor] ✓ New best! Config 1045/9792: 0.046 ms (Progress: 2/9792)
[Monitor] ✓ New best! Config 5575/9792: 0.046 ms (Progress: 3/9792)
[aiter] import [module_aiter_core] under /home/anguyenh/aiter/aiter/jit/module_aiter_core.so
[Monitor] ✓ New best! Config 250/9792: 0.030 ms (Progress: 6/9792)
[aiter] import [module_aiter_core] under /home/anguyenh/aiter/aiter/jit/module_aiter_core.so
[aiter] import [module_aiter_core] under /home/anguyenh/aiter/aiter/jit/module_aiter_core.so
[Monitor] Progress: 56/9792 (Valid: 56, Failed: 0, Best: 0.030 ms, No improvement: 50/200)
[Monitor] Progress: 106/9792 (Valid: 106, Failed: 0, Best: 0.030 ms, No improvement: 100/200)
[Monitor] Progress: 156/9792 (Valid: 156, Failed: 0, Best: 0.030 ms, No improvement: 150/200)

[Monitor] ⚠️  Early stopping: No improvement for 200 configs
[Monitor] Best config found: 0.030 ms at index 250

[Monitor] ================================================================================
[Monitor] RESULTS SUMMARY for fused_mhc: M=2048, n=4, C=1024, sinkhorn_iters=20
[Monitor] ================================================================================
[Monitor] Total configs tested: 206/9792
[Monitor] Valid results: 206
[Monitor] Failed configs: 0
[Monitor] Best time: 0.030 ms
[Monitor] Best config index: 250
[Monitor] Best config: {'BLOCK_M': 64, 'BLOCK_N': 16, 'BLOCK_K': 128, 'NUM_KSPLIT': 8, 'num_warps': 8, 'num_stages': 1, 'waves_per_eu': 0, 'USE_REDUCE_SPLITC': False}
[Monitor] Results saved to: best_configs_mhc_fused_mhc_sk20_M1024_2048_4096_8192_16384_n4_C1024_20260430_142614.json
[Monitor] ================================================================================

[Worker GPU 7] Received stop signal, terminating...
[Worker GPU 6] Received stop signal, terminating...
[Worker GPU 5] Received stop signal, terminating...
[Worker GPU 4] Received stop signal, terminating...
[Main] Completed tuning for fused_mhc: M=2048, n=4, C=1024, sinkhorn_iters=20


================================================================================
Starting tuning for fused_mhc: M=4096, n=4, C=1024, sinkhorn_iters=20
================================================================================
[Main] Testing 9792/9792 configs (skipping 0 already tested)
[aiter] import [module_aiter_core] under /home/anguyenh/aiter/aiter/jit/module_aiter_core.so
[aiter] import [module_aiter_core] under /home/anguyenh/aiter/aiter/jit/module_aiter_core.so

[Monitor] Started monitoring results for fused_mhc: M=4096, n=4, C=1024, sinkhorn_iters=20
[Monitor] Waiting for 9792 benchmark results...
[Monitor] Will stop early if no improvement after 200 configs
[Monitor] ✓ New best! Config 654/9792: 0.133 ms (Progress: 1/9792)
[Monitor] ✓ New best! Config 1045/9792: 0.063 ms (Progress: 2/9792)
[Monitor] ✓ New best! Config 5575/9792: 0.048 ms (Progress: 3/9792)
[aiter] import [module_aiter_core] under /home/anguyenh/aiter/aiter/jit/module_aiter_core.so
[Monitor] ✓ New best! Config 250/9792: 0.031 ms (Progress: 6/9792)
[aiter] import [module_aiter_core] under /home/anguyenh/aiter/aiter/jit/module_aiter_core.so
[aiter] import [module_aiter_core] under /home/anguyenh/aiter/aiter/jit/module_aiter_core.so
[Monitor] Progress: 56/9792 (Valid: 56, Failed: 0, Best: 0.031 ms, No improvement: 50/200)
[Monitor] Progress: 106/9792 (Valid: 106, Failed: 0, Best: 0.031 ms, No improvement: 100/200)
[Monitor] Progress: 156/9792 (Valid: 156, Failed: 0, Best: 0.031 ms, No improvement: 150/200)

[Monitor] ⚠️  Early stopping: No improvement for 200 configs
[Monitor] Best config found: 0.031 ms at index 250

[Monitor] ================================================================================
[Monitor] RESULTS SUMMARY for fused_mhc: M=4096, n=4, C=1024, sinkhorn_iters=20
[Monitor] ================================================================================
[Monitor] Total configs tested: 206/9792
[Monitor] Valid results: 206
[Monitor] Failed configs: 0
[Monitor] Best time: 0.031 ms
[Monitor] Best config index: 250
[Monitor] Best config: {'BLOCK_M': 64, 'BLOCK_N': 16, 'BLOCK_K': 128, 'NUM_KSPLIT': 8, 'num_warps': 8, 'num_stages': 1, 'waves_per_eu': 0, 'USE_REDUCE_SPLITC': False}
[Monitor] Results saved to: best_configs_mhc_fused_mhc_sk20_M1024_2048_4096_8192_16384_n4_C1024_20260430_142614.json
[Monitor] ================================================================================

[Worker GPU 4] Received stop signal, terminating...
[Worker GPU 7] Received stop signal, terminating...
[Worker GPU 6] Received stop signal, terminating...
[Worker GPU 5] Received stop signal, terminating...
[Main] Completed tuning for fused_mhc: M=4096, n=4, C=1024, sinkhorn_iters=20


================================================================================
Starting tuning for fused_mhc: M=8192, n=4, C=1024, sinkhorn_iters=20
================================================================================
[Main] Testing 9792/9792 configs (skipping 0 already tested)
[aiter] import [module_aiter_core] under /home/anguyenh/aiter/aiter/jit/module_aiter_core.so
[aiter] import [module_aiter_core] under /home/anguyenh/aiter/aiter/jit/module_aiter_core.so

[Monitor] Started monitoring results for fused_mhc: M=8192, n=4, C=1024, sinkhorn_iters=20
[Monitor] Waiting for 9792 benchmark results...
[Monitor] Will stop early if no improvement after 200 configs
[Monitor] ✓ New best! Config 654/9792: 0.210 ms (Progress: 1/9792)
[Monitor] ✓ New best! Config 1045/9792: 0.110 ms (Progress: 2/9792)
[Monitor] ✓ New best! Config 5575/9792: 0.061 ms (Progress: 3/9792)
[aiter] import [module_aiter_core] under /home/anguyenh/aiter/aiter/jit/module_aiter_core.so
[Monitor] ✓ New best! Config 250/9792: 0.051 ms (Progress: 6/9792)
[aiter] import [module_aiter_core] under /home/anguyenh/aiter/aiter/jit/module_aiter_core.so
[aiter] import [module_aiter_core] under /home/anguyenh/aiter/aiter/jit/module_aiter_core.so
[Monitor] ✓ New best! Config 4377/9792: 0.050 ms (Progress: 50/9792)
[Monitor] Progress: 100/9792 (Valid: 100, Failed: 0, Best: 0.050 ms, No improvement: 50/200)
[Monitor] Progress: 150/9792 (Valid: 150, Failed: 0, Best: 0.050 ms, No improvement: 100/200)
[Monitor] Progress: 200/9792 (Valid: 200, Failed: 0, Best: 0.050 ms, No improvement: 150/200)

[Monitor] ⚠️  Early stopping: No improvement for 200 configs
[Monitor] Best config found: 0.050 ms at index 4377

[Monitor] ================================================================================
[Monitor] RESULTS SUMMARY for fused_mhc: M=8192, n=4, C=1024, sinkhorn_iters=20
[Monitor] ================================================================================
[Monitor] Total configs tested: 250/9792
[Monitor] Valid results: 250
[Monitor] Failed configs: 0
[Monitor] Best time: 0.050 ms
[Monitor] Best config index: 4377
[Monitor] Best config: {'BLOCK_M': 64, 'BLOCK_N': 16, 'BLOCK_K': 128, 'NUM_KSPLIT': 4, 'num_warps': 4, 'num_stages': 1, 'waves_per_eu': 0, 'USE_REDUCE_SPLITC': True, 'BLOCK_M_SPLITC': 64, 'BLOCK_C_SPLITC': 32}
[Monitor] Results saved to: best_configs_mhc_fused_mhc_sk20_M1024_2048_4096_8192_16384_n4_C1024_20260430_142614.json
[Monitor] ================================================================================

[Worker GPU 4] Received stop signal, terminating...
[Worker GPU 5] Received stop signal, terminating...
[Worker GPU 6] Received stop signal, terminating...
[Worker GPU 7] Received stop signal, terminating...
[Main] Completed tuning for fused_mhc: M=8192, n=4, C=1024, sinkhorn_iters=20


================================================================================
Starting tuning for fused_mhc: M=16384, n=4, C=1024, sinkhorn_iters=20
================================================================================
[Main] Testing 9792/9792 configs (skipping 0 already tested)
[aiter] import [module_aiter_core] under /home/anguyenh/aiter/aiter/jit/module_aiter_core.so
[aiter] import [module_aiter_core] under /home/anguyenh/aiter/aiter/jit/module_aiter_core.so

[Monitor] Started monitoring results for fused_mhc: M=16384, n=4, C=1024, sinkhorn_iters=20
[Monitor] Waiting for 9792 benchmark results...
[Monitor] Will stop early if no improvement after 200 configs
[Monitor] ✓ New best! Config 654/9792: 0.414 ms (Progress: 1/9792)
[Monitor] ✓ New best! Config 1045/9792: 0.211 ms (Progress: 2/9792)
[Monitor] ✓ New best! Config 5575/9792: 0.109 ms (Progress: 3/9792)
[aiter] import [module_aiter_core] under /home/anguyenh/aiter/aiter/jit/module_aiter_core.so
[Monitor] ✓ New best! Config 250/9792: 0.096 ms (Progress: 6/9792)
[aiter] import [module_aiter_core] under /home/anguyenh/aiter/aiter/jit/module_aiter_core.so
[aiter] import [module_aiter_core] under /home/anguyenh/aiter/aiter/jit/module_aiter_core.so
[Monitor] ✓ New best! Config 4377/9792: 0.092 ms (Progress: 48/9792)
[Monitor] Progress: 98/9792 (Valid: 98, Failed: 0, Best: 0.092 ms, No improvement: 50/200)
[Monitor] ✓ New best! Config 391/9792: 0.085 ms (Progress: 100/9792)
[Monitor] Progress: 150/9792 (Valid: 150, Failed: 0, Best: 0.085 ms, No improvement: 50/200)
[Monitor] Progress: 200/9792 (Valid: 200, Failed: 0, Best: 0.085 ms, No improvement: 100/200)
[Monitor] Progress: 250/9792 (Valid: 250, Failed: 0, Best: 0.085 ms, No improvement: 150/200)

[Monitor] ⚠️  Early stopping: No improvement for 200 configs
[Monitor] Best config found: 0.085 ms at index 391

[Monitor] ================================================================================
[Monitor] RESULTS SUMMARY for fused_mhc: M=16384, n=4, C=1024, sinkhorn_iters=20
[Monitor] ================================================================================
[Monitor] Total configs tested: 300/9792
[Monitor] Valid results: 300
[Monitor] Failed configs: 0
[Monitor] Best time: 0.085 ms
[Monitor] Best config index: 391
[Monitor] Best config: {'BLOCK_M': 128, 'BLOCK_N': 16, 'BLOCK_K': 128, 'NUM_KSPLIT': 8, 'num_warps': 4, 'num_stages': 1, 'waves_per_eu': 0, 'USE_REDUCE_SPLITC': False}
[Monitor] Results saved to: best_configs_mhc_fused_mhc_sk20_M1024_2048_4096_8192_16384_n4_C1024_20260430_142614.json
[Monitor] ================================================================================

[Worker GPU 4] Received stop signal, terminating...
[Worker GPU 5] Received stop signal, terminating...
[Worker GPU 7] Received stop signal, terminating...
[Worker GPU 6] Received stop signal, terminating...
[Main] Completed tuning for fused_mhc: M=16384, n=4, C=1024, sinkhorn_iters=20


--------------------------------------------------------------------------------
COMPLETED C=1024
  Time: 0:02:14.003170
  M values tuned: 5
  Results saved to: best_configs_mhc_fused_mhc_sk20_M1024_2048_4096_8192_16384_n4_C1024_20260430_142614.json
--------------------------------------------------------------------------------

================================================================================
TUNING COMPLETE
  Kernel: fused_mhc
  Sinkhorn iterations: 20
  C values tuned: [1024]
  Total time: 0:02:14.006875
  M values per C: 5
  Configs per M value: 9792
  Total benchmarks: 48960
  Output files:
    - best_configs_mhc_fused_mhc_sk20_M1024_2048_4096_8192_16384_n4_C1024_20260430_142614.json
================================================================================
[Thu Apr 30 14:28:29 UTC 2026] === Tuning C=4096 ===
[aiter] import [module_aiter_core] under /home/anguyenh/aiter/aiter/jit/module_aiter_core.so
Tuning kernel: fused_mhc
M values: [1024, 2048, 4096, 8192, 16384]
n: 4
C values: [4096]
Sinkhorn iterations: 20
Data type: bf16
Loaded tuning space from 'tuning_results/tuning_space_mhc.json'
Total configurations to tune: 9792 (shuffled randomly)
Using 4 worker(s) on GPU(s): [4, 5, 6, 7]

################################################################################
# TUNING C=4096
################################################################################

================================================================================
Starting tuning for fused_mhc: M=1024, n=4, C=4096, sinkhorn_iters=20
================================================================================
[Main] Testing 9792/9792 configs (skipping 0 already tested)
[aiter] import [module_aiter_core] under /home/anguyenh/aiter/aiter/jit/module_aiter_core.so
[aiter] import [module_aiter_core] under /home/anguyenh/aiter/aiter/jit/module_aiter_core.so

[Monitor] Started monitoring results for fused_mhc: M=1024, n=4, C=4096, sinkhorn_iters=20
[Monitor] Waiting for 9792 benchmark results...
[Monitor] Will stop early if no improvement after 200 configs
[Monitor] ✓ New best! Config 1579/9792: 0.106 ms (Progress: 1/9792)
[Monitor] ✓ New best! Config 5048/9792: 0.057 ms (Progress: 2/9792)
[aiter] import [module_aiter_core] under /home/anguyenh/aiter/aiter/jit/module_aiter_core.so
[aiter] import [module_aiter_core] under /home/anguyenh/aiter/aiter/jit/module_aiter_core.so
[Monitor] ✓ New best! Config 4996/9792: 0.047 ms (Progress: 21/9792)
[Monitor] ✓ New best! Config 2775/9792: 0.043 ms (Progress: 29/9792)
[Monitor] ✓ New best! Config 5094/9792: 0.042 ms (Progress: 30/9792)
[aiter] import [module_aiter_core] under /home/anguyenh/aiter/aiter/jit/module_aiter_core.so
[Monitor] ✓ New best! Config 2843/9792: 0.042 ms (Progress: 36/9792)
[Monitor] Progress: 86/9792 (Valid: 86, Failed: 0, Best: 0.042 ms, No improvement: 50/200)
[Monitor] Progress: 136/9792 (Valid: 136, Failed: 0, Best: 0.042 ms, No improvement: 100/200)
[Monitor] Progress: 186/9792 (Valid: 186, Failed: 0, Best: 0.042 ms, No improvement: 150/200)

[Monitor] ⚠️  Early stopping: No improvement for 200 configs
[Monitor] Best config found: 0.042 ms at index 2843

[Monitor] ================================================================================
[Monitor] RESULTS SUMMARY for fused_mhc: M=1024, n=4, C=4096, sinkhorn_iters=20
[Monitor] ================================================================================
[Monitor] Total configs tested: 236/9792
[Monitor] Valid results: 236
[Monitor] Failed configs: 0
[Monitor] Best time: 0.042 ms
[Monitor] Best config index: 2843
[Monitor] Best config: {'BLOCK_M': 32, 'BLOCK_N': 16, 'BLOCK_K': 256, 'NUM_KSPLIT': 8, 'num_warps': 8, 'num_stages': 1, 'waves_per_eu': 0, 'USE_REDUCE_SPLITC': True, 'BLOCK_M_SPLITC': 64, 'BLOCK_C_SPLITC': 128}
[Monitor] Results saved to: best_configs_mhc_fused_mhc_sk20_M1024_2048_4096_8192_16384_n4_C4096_20260430_142832.json
[Monitor] ================================================================================

[Worker GPU 5] Received stop signal, terminating...
[Worker GPU 6] Received stop signal, terminating...
[Worker GPU 7] Received stop signal, terminating...
[Worker GPU 4] Received stop signal, terminating...
[Main] Completed tuning for fused_mhc: M=1024, n=4, C=4096, sinkhorn_iters=20


================================================================================
Starting tuning for fused_mhc: M=2048, n=4, C=4096, sinkhorn_iters=20
================================================================================
[Main] Testing 9792/9792 configs (skipping 0 already tested)
[aiter] import [module_aiter_core] under /home/anguyenh/aiter/aiter/jit/module_aiter_core.so
[aiter] import [module_aiter_core] under /home/anguyenh/aiter/aiter/jit/module_aiter_core.so

[Monitor] Started monitoring results for fused_mhc: M=2048, n=4, C=4096, sinkhorn_iters=20
[Monitor] Waiting for 9792 benchmark results...
[Monitor] Will stop early if no improvement after 200 configs
[Monitor] ✓ New best! Config 1579/9792: 0.161 ms (Progress: 1/9792)
[Monitor] ✓ New best! Config 5048/9792: 0.067 ms (Progress: 2/9792)
[aiter] import [module_aiter_core] under /home/anguyenh/aiter/aiter/jit/module_aiter_core.so
[aiter] import [module_aiter_core] under /home/anguyenh/aiter/aiter/jit/module_aiter_core.so
[Monitor] ✓ New best! Config 5094/9792: 0.054 ms (Progress: 27/9792)
[aiter] import [module_aiter_core] under /home/anguyenh/aiter/aiter/jit/module_aiter_core.so
[Monitor] Progress: 77/9792 (Valid: 77, Failed: 0, Best: 0.054 ms, No improvement: 50/200)
[Monitor] Progress: 127/9792 (Valid: 127, Failed: 0, Best: 0.054 ms, No improvement: 100/200)
[Monitor] Progress: 177/9792 (Valid: 177, Failed: 0, Best: 0.054 ms, No improvement: 150/200)

[Monitor] ⚠️  Early stopping: No improvement for 200 configs
[Monitor] Best config found: 0.054 ms at index 5094

[Monitor] ================================================================================
[Monitor] RESULTS SUMMARY for fused_mhc: M=2048, n=4, C=4096, sinkhorn_iters=20
[Monitor] ================================================================================
[Monitor] Total configs tested: 227/9792
[Monitor] Valid results: 227
[Monitor] Failed configs: 0
[Monitor] Best time: 0.054 ms
[Monitor] Best config index: 5094
[Monitor] Best config: {'BLOCK_M': 64, 'BLOCK_N': 16, 'BLOCK_K': 256, 'NUM_KSPLIT': 8, 'num_warps': 4, 'num_stages': 1, 'waves_per_eu': 0, 'USE_REDUCE_SPLITC': True, 'BLOCK_M_SPLITC': 32, 'BLOCK_C_SPLITC': 64}
[Monitor] Results saved to: best_configs_mhc_fused_mhc_sk20_M1024_2048_4096_8192_16384_n4_C4096_20260430_142832.json
[Monitor] ================================================================================

[Worker GPU 5] Received stop signal, terminating...
[Worker GPU 6] Received stop signal, terminating...
[Worker GPU 4] Received stop signal, terminating...
[Worker GPU 7] Received stop signal, terminating...
[Main] Completed tuning for fused_mhc: M=2048, n=4, C=4096, sinkhorn_iters=20


================================================================================
Starting tuning for fused_mhc: M=4096, n=4, C=4096, sinkhorn_iters=20
================================================================================
[Main] Testing 9792/9792 configs (skipping 0 already tested)
[aiter] import [module_aiter_core] under /home/anguyenh/aiter/aiter/jit/module_aiter_core.so
[aiter] import [module_aiter_core] under /home/anguyenh/aiter/aiter/jit/module_aiter_core.so

[Monitor] Started monitoring results for fused_mhc: M=4096, n=4, C=4096, sinkhorn_iters=20
[Monitor] Waiting for 9792 benchmark results...
[Monitor] Will stop early if no improvement after 200 configs
[Monitor] ✓ New best! Config 1579/9792: 0.322 ms (Progress: 1/9792)
[Monitor] ✓ New best! Config 5048/9792: 0.109 ms (Progress: 2/9792)
[aiter] import [module_aiter_core] under /home/anguyenh/aiter/aiter/jit/module_aiter_core.so
[aiter] import [module_aiter_core] under /home/anguyenh/aiter/aiter/jit/module_aiter_core.so
[Monitor] ✓ New best! Config 3796/9792: 0.107 ms (Progress: 19/9792)
[Monitor] ✓ New best! Config 5094/9792: 0.088 ms (Progress: 27/9792)
[aiter] import [module_aiter_core] under /home/anguyenh/aiter/aiter/jit/module_aiter_core.so
[Monitor] Progress: 77/9792 (Valid: 77, Failed: 0, Best: 0.088 ms, No improvement: 50/200)
[Monitor] ✓ New best! Config 238/9792: 0.086 ms (Progress: 102/9792)
[Monitor] Progress: 152/9792 (Valid: 152, Failed: 0, Best: 0.086 ms, No improvement: 50/200)
[Monitor] Progress: 202/9792 (Valid: 202, Failed: 0, Best: 0.086 ms, No improvement: 100/200)
[Monitor] Progress: 252/9792 (Valid: 252, Failed: 0, Best: 0.086 ms, No improvement: 150/200)

[Monitor] ⚠️  Early stopping: No improvement for 200 configs
[Monitor] Best config found: 0.086 ms at index 238

[Monitor] ================================================================================
[Monitor] RESULTS SUMMARY for fused_mhc: M=4096, n=4, C=4096, sinkhorn_iters=20
[Monitor] ================================================================================
[Monitor] Total configs tested: 302/9792
[Monitor] Valid results: 302
[Monitor] Failed configs: 0
[Monitor] Best time: 0.086 ms
[Monitor] Best config index: 238
[Monitor] Best config: {'BLOCK_M': 64, 'BLOCK_N': 16, 'BLOCK_K': 128, 'NUM_KSPLIT': 4, 'num_warps': 4, 'num_stages': 1, 'waves_per_eu': 0, 'USE_REDUCE_SPLITC': False}
[Monitor] Results saved to: best_configs_mhc_fused_mhc_sk20_M1024_2048_4096_8192_16384_n4_C4096_20260430_142832.json
[Monitor] ================================================================================

[Worker GPU 6] Received stop signal, terminating...
[Worker GPU 5] Received stop signal, terminating...
[Worker GPU 4] Received stop signal, terminating...
[Worker GPU 7] Received stop signal, terminating...
[Main] Completed tuning for fused_mhc: M=4096, n=4, C=4096, sinkhorn_iters=20


================================================================================
Starting tuning for fused_mhc: M=8192, n=4, C=4096, sinkhorn_iters=20
================================================================================
[Main] Testing 9792/9792 configs (skipping 0 already tested)
[aiter] import [module_aiter_core] under /home/anguyenh/aiter/aiter/jit/module_aiter_core.so
[aiter] import [module_aiter_core] under /home/anguyenh/aiter/aiter/jit/module_aiter_core.so

[Monitor] Started monitoring results for fused_mhc: M=8192, n=4, C=4096, sinkhorn_iters=20
[Monitor] Waiting for 9792 benchmark results...
[Monitor] Will stop early if no improvement after 200 configs
[Monitor] ✓ New best! Config 1579/9792: 0.626 ms (Progress: 1/9792)
[Monitor] ✓ New best! Config 5048/9792: 0.194 ms (Progress: 2/9792)
[aiter] import [module_aiter_core] under /home/anguyenh/aiter/aiter/jit/module_aiter_core.so
[aiter] import [module_aiter_core] under /home/anguyenh/aiter/aiter/jit/module_aiter_core.so
[Monitor] ✓ New best! Config 5094/9792: 0.172 ms (Progress: 28/9792)
[aiter] import [module_aiter_core] under /home/anguyenh/aiter/aiter/jit/module_aiter_core.so
[Monitor] Progress: 78/9792 (Valid: 78, Failed: 0, Best: 0.172 ms, No improvement: 50/200)
[Monitor] Progress: 128/9792 (Valid: 128, Failed: 0, Best: 0.172 ms, No improvement: 100/200)
[Monitor] Progress: 178/9792 (Valid: 178, Failed: 0, Best: 0.172 ms, No improvement: 150/200)

[Monitor] ⚠️  Early stopping: No improvement for 200 configs
[Monitor] Best config found: 0.172 ms at index 5094

[Monitor] ================================================================================
[Monitor] RESULTS SUMMARY for fused_mhc: M=8192, n=4, C=4096, sinkhorn_iters=20
[Monitor] ================================================================================
[Monitor] Total configs tested: 228/9792
[Monitor] Valid results: 228
[Monitor] Failed configs: 0
[Monitor] Best time: 0.172 ms
[Monitor] Best config index: 5094
[Monitor] Best config: {'BLOCK_M': 64, 'BLOCK_N': 16, 'BLOCK_K': 256, 'NUM_KSPLIT': 8, 'num_warps': 4, 'num_stages': 1, 'waves_per_eu': 0, 'USE_REDUCE_SPLITC': True, 'BLOCK_M_SPLITC': 32, 'BLOCK_C_SPLITC': 64}
[Monitor] Results saved to: best_configs_mhc_fused_mhc_sk20_M1024_2048_4096_8192_16384_n4_C4096_20260430_142832.json
[Monitor] ================================================================================

[Worker GPU 4] Received stop signal, terminating...
[Worker GPU 6] Received stop signal, terminating...
[Worker GPU 5] Received stop signal, terminating...
[Worker GPU 7] Received stop signal, terminating...
[Main] Completed tuning for fused_mhc: M=8192, n=4, C=4096, sinkhorn_iters=20


================================================================================
Starting tuning for fused_mhc: M=16384, n=4, C=4096, sinkhorn_iters=20
================================================================================
[Main] Testing 9792/9792 configs (skipping 0 already tested)
[aiter] import [module_aiter_core] under /home/anguyenh/aiter/aiter/jit/module_aiter_core.so
[aiter] import [module_aiter_core] under /home/anguyenh/aiter/aiter/jit/module_aiter_core.so

[Monitor] Started monitoring results for fused_mhc: M=16384, n=4, C=4096, sinkhorn_iters=20
[Monitor] Waiting for 9792 benchmark results...
[Monitor] Will stop early if no improvement after 200 configs
[Monitor] ✓ New best! Config 1579/9792: 1.262 ms (Progress: 1/9792)
[Monitor] ✓ New best! Config 5048/9792: 0.348 ms (Progress: 2/9792)
[aiter] import [module_aiter_core] under /home/anguyenh/aiter/aiter/jit/module_aiter_core.so
[aiter] import [module_aiter_core] under /home/anguyenh/aiter/aiter/jit/module_aiter_core.so
[aiter] import [module_aiter_core] under /home/anguyenh/aiter/aiter/jit/module_aiter_core.so
[Monitor] Progress: 52/9792 (Valid: 52, Failed: 0, Best: 0.348 ms, No improvement: 50/200)
[Monitor] Progress: 102/9792 (Valid: 102, Failed: 0, Best: 0.348 ms, No improvement: 100/200)
[Monitor] Progress: 152/9792 (Valid: 152, Failed: 0, Best: 0.348 ms, No improvement: 150/200)

[Monitor] ⚠️  Early stopping: No improvement for 200 configs
[Monitor] Best config found: 0.348 ms at index 5048

[Monitor] ================================================================================
[Monitor] RESULTS SUMMARY for fused_mhc: M=16384, n=4, C=4096, sinkhorn_iters=20
[Monitor] ================================================================================
[Monitor] Total configs tested: 202/9792
[Monitor] Valid results: 202
[Monitor] Failed configs: 0
[Monitor] Best time: 0.348 ms
[Monitor] Best config index: 5048
[Monitor] Best config: {'BLOCK_M': 64, 'BLOCK_N': 16, 'BLOCK_K': 256, 'NUM_KSPLIT': 8, 'num_warps': 2, 'num_stages': 1, 'waves_per_eu': 0, 'USE_REDUCE_SPLITC': True, 'BLOCK_M_SPLITC': 32, 'BLOCK_C_SPLITC': 256}
[Monitor] Results saved to: best_configs_mhc_fused_mhc_sk20_M1024_2048_4096_8192_16384_n4_C4096_20260430_142832.json
[Monitor] ================================================================================

[Worker GPU 5] Received stop signal, terminating...
[Worker GPU 7] Received stop signal, terminating...
[Worker GPU 6] Received stop signal, terminating...
[Worker GPU 4] Received stop signal, terminating...
[Main] Completed tuning for fused_mhc: M=16384, n=4, C=4096, sinkhorn_iters=20


--------------------------------------------------------------------------------
COMPLETED C=4096
  Time: 0:02:14.168464
  M values tuned: 5
  Results saved to: best_configs_mhc_fused_mhc_sk20_M1024_2048_4096_8192_16384_n4_C4096_20260430_142832.json
--------------------------------------------------------------------------------

================================================================================
TUNING COMPLETE
  Kernel: fused_mhc
  Sinkhorn iterations: 20
  C values tuned: [4096]
  Total time: 0:02:14.171847
  M values per C: 5
  Configs per M value: 9792
  Total benchmarks: 48960
  Output files:
    - best_configs_mhc_fused_mhc_sk20_M1024_2048_4096_8192_16384_n4_C4096_20260430_142832.json
================================================================================
[Thu Apr 30 14:30:46 UTC 2026] === Tuning C=32768 ===
[aiter] import [module_aiter_core] under /home/anguyenh/aiter/aiter/jit/module_aiter_core.so
Tuning kernel: fused_mhc
M values: [1024, 2048, 4096, 8192, 16384]
n: 4
C values: [32768]
Sinkhorn iterations: 20
Data type: bf16
Loaded tuning space from 'tuning_results/tuning_space_mhc.json'
Total configurations to tune: 9792 (shuffled randomly)
Using 4 worker(s) on GPU(s): [4, 5, 6, 7]

################################################################################
# TUNING C=32768
################################################################################

================================================================================
Starting tuning for fused_mhc: M=1024, n=4, C=32768, sinkhorn_iters=20
================================================================================
[Main] Testing 9792/9792 configs (skipping 0 already tested)
[aiter] import [module_aiter_core] under /home/anguyenh/aiter/aiter/jit/module_aiter_core.so
[aiter] import [module_aiter_core] under /home/anguyenh/aiter/aiter/jit/module_aiter_core.so

[Monitor] Started monitoring results for fused_mhc: M=1024, n=4, C=32768, sinkhorn_iters=20
[Monitor] Waiting for 9792 benchmark results...
[Monitor] Will stop early if no improvement after 200 configs
[Monitor] ✓ New best! Config 4459/9792: 0.383 ms (Progress: 1/9792)
[aiter] import [module_aiter_core] under /home/anguyenh/aiter/aiter/jit/module_aiter_core.so
[Monitor] ✓ New best! Config 2764/9792: 0.275 ms (Progress: 9/9792)
[aiter] import [module_aiter_core] under /home/anguyenh/aiter/aiter/jit/module_aiter_core.so
[Monitor] ✓ New best! Config 2745/9792: 0.223 ms (Progress: 17/9792)
[aiter] import [module_aiter_core] under /home/anguyenh/aiter/aiter/jit/module_aiter_core.so
[Monitor] Progress: 67/9792 (Valid: 67, Failed: 0, Best: 0.223 ms, No improvement: 50/200)
[Monitor] Progress: 117/9792 (Valid: 117, Failed: 0, Best: 0.223 ms, No improvement: 100/200)
[Monitor] Progress: 167/9792 (Valid: 167, Failed: 0, Best: 0.223 ms, No improvement: 150/200)

[Monitor] ⚠️  Early stopping: No improvement for 200 configs
[Monitor] Best config found: 0.223 ms at index 2745

[Monitor] ================================================================================
[Monitor] RESULTS SUMMARY for fused_mhc: M=1024, n=4, C=32768, sinkhorn_iters=20
[Monitor] ================================================================================
[Monitor] Total configs tested: 217/9792
[Monitor] Valid results: 217
[Monitor] Failed configs: 0
[Monitor] Best time: 0.223 ms
[Monitor] Best config index: 2745
[Monitor] Best config: {'BLOCK_M': 32, 'BLOCK_N': 16, 'BLOCK_K': 256, 'NUM_KSPLIT': 8, 'num_warps': 2, 'num_stages': 1, 'waves_per_eu': 0, 'USE_REDUCE_SPLITC': True, 'BLOCK_M_SPLITC': 64, 'BLOCK_C_SPLITC': 32}
[Monitor] Results saved to: best_configs_mhc_fused_mhc_sk20_M1024_2048_4096_8192_16384_n4_C32768_20260430_143049.json
[Monitor] ================================================================================

[Worker GPU 6] Received stop signal, terminating...
[Worker GPU 7] Received stop signal, terminating...
[Worker GPU 4] Received stop signal, terminating...
[Worker GPU 5] Received stop signal, terminating...
[Main] Completed tuning for fused_mhc: M=1024, n=4, C=32768, sinkhorn_iters=20


================================================================================
Starting tuning for fused_mhc: M=2048, n=4, C=32768, sinkhorn_iters=20
================================================================================
[Main] Testing 9792/9792 configs (skipping 0 already tested)
[aiter] import [module_aiter_core] under /home/anguyenh/aiter/aiter/jit/module_aiter_core.so
[aiter] import [module_aiter_core] under /home/anguyenh/aiter/aiter/jit/module_aiter_core.so

[Monitor] Started monitoring results for fused_mhc: M=2048, n=4, C=32768, sinkhorn_iters=20
[Monitor] Waiting for 9792 benchmark results...
[Monitor] Will stop early if no improvement after 200 configs
[Monitor] ✓ New best! Config 4459/9792: 0.732 ms (Progress: 1/9792)
[Monitor] ✓ New best! Config 3422/9792: 0.614 ms (Progress: 2/9792)
[aiter] import [module_aiter_core] under /home/anguyenh/aiter/aiter/jit/module_aiter_core.so
[Monitor] ✓ New best! Config 3358/9792: 0.579 ms (Progress: 8/9792)
[Monitor] ✓ New best! Config 2764/9792: 0.463 ms (Progress: 11/9792)
[aiter] import [module_aiter_core] under /home/anguyenh/aiter/aiter/jit/module_aiter_core.so
[Monitor] ✓ New best! Config 2745/9792: 0.426 ms (Progress: 15/9792)
[aiter] import [module_aiter_core] under /home/anguyenh/aiter/aiter/jit/module_aiter_core.so
[Monitor] ✓ New best! Config 6886/9792: 0.397 ms (Progress: 42/9792)
[Monitor] ✓ New best! Config 6829/9792: 0.390 ms (Progress: 50/9792)
[Monitor] ✓ New best! Config 5101/9792: 0.353 ms (Progress: 76/9792)
[Monitor] Progress: 126/9792 (Valid: 126, Failed: 0, Best: 0.353 ms, No improvement: 50/200)
[Monitor] Progress: 176/9792 (Valid: 176, Failed: 0, Best: 0.353 ms, No improvement: 100/200)
[Monitor] Progress: 226/9792 (Valid: 226, Failed: 0, Best: 0.353 ms, No improvement: 150/200)

[Monitor] ⚠️  Early stopping: No improvement for 200 configs
[Monitor] Best config found: 0.353 ms at index 5101

[Monitor] ================================================================================
[Monitor] RESULTS SUMMARY for fused_mhc: M=2048, n=4, C=32768, sinkhorn_iters=20
[Monitor] ================================================================================
[Monitor] Total configs tested: 276/9792
[Monitor] Valid results: 276
[Monitor] Failed configs: 0
[Monitor] Best time: 0.353 ms
[Monitor] Best config index: 5101
[Monitor] Best config: {'BLOCK_M': 64, 'BLOCK_N': 16, 'BLOCK_K': 256, 'NUM_KSPLIT': 8, 'num_warps': 4, 'num_stages': 1, 'waves_per_eu': 0, 'USE_REDUCE_SPLITC': True, 'BLOCK_M_SPLITC': 128, 'BLOCK_C_SPLITC': 32}
[Monitor] Results saved to: best_configs_mhc_fused_mhc_sk20_M1024_2048_4096_8192_16384_n4_C32768_20260430_143049.json
[Monitor] ================================================================================

[Worker GPU 7] Received stop signal, terminating...
[Worker GPU 6] Received stop signal, terminating...
[Worker GPU 5] Received stop signal, terminating...
[Worker GPU 4] Received stop signal, terminating...
[Main] Completed tuning for fused_mhc: M=2048, n=4, C=32768, sinkhorn_iters=20


================================================================================
Starting tuning for fused_mhc: M=4096, n=4, C=32768, sinkhorn_iters=20
================================================================================
[Main] Testing 9792/9792 configs (skipping 0 already tested)
[aiter] import [module_aiter_core] under /home/anguyenh/aiter/aiter/jit/module_aiter_core.so
[aiter] import [module_aiter_core] under /home/anguyenh/aiter/aiter/jit/module_aiter_core.so

[Monitor] Started monitoring results for fused_mhc: M=4096, n=4, C=32768, sinkhorn_iters=20
[Monitor] Waiting for 9792 benchmark results...
[Monitor] Will stop early if no improvement after 200 configs
[Monitor] ✓ New best! Config 4459/9792: 1.192 ms (Progress: 1/9792)
[Monitor] ✓ New best! Config 3422/9792: 1.156 ms (Progress: 2/9792)
[Monitor] ✓ New best! Config 1922/9792: 1.071 ms (Progress: 3/9792)
[aiter] import [module_aiter_core] under /home/anguyenh/aiter/aiter/jit/module_aiter_core.so
[Monitor] ✓ New best! Config 3358/9792: 1.045 ms (Progress: 8/9792)
[Monitor] ✓ New best! Config 2764/9792: 0.890 ms (Progress: 11/9792)
[aiter] import [module_aiter_core] under /home/anguyenh/aiter/aiter/jit/module_aiter_core.so
[Monitor] ✓ New best! Config 2745/9792: 0.798 ms (Progress: 15/9792)
[Monitor] ✓ New best! Config 8596/9792: 0.744 ms (Progress: 22/9792)
[aiter] import [module_aiter_core] under /home/anguyenh/aiter/aiter/jit/module_aiter_core.so
[Monitor] ✓ New best! Config 6886/9792: 0.650 ms (Progress: 42/9792)
[Monitor] Progress: 92/9792 (Valid: 92, Failed: 0, Best: 0.650 ms, No improvement: 50/200)
[Monitor] Progress: 142/9792 (Valid: 142, Failed: 0, Best: 0.650 ms, No improvement: 100/200)
[Monitor] Progress: 192/9792 (Valid: 192, Failed: 0, Best: 0.650 ms, No improvement: 150/200)

[Monitor] ⚠️  Early stopping: No improvement for 200 configs
[Monitor] Best config found: 0.650 ms at index 6886

[Monitor] ================================================================================
[Monitor] RESULTS SUMMARY for fused_mhc: M=4096, n=4, C=32768, sinkhorn_iters=20
[Monitor] ================================================================================
[Monitor] Total configs tested: 242/9792
[Monitor] Valid results: 242
[Monitor] Failed configs: 0
[Monitor] Best time: 0.650 ms
[Monitor] Best config index: 6886
[Monitor] Best config: {'BLOCK_M': 128, 'BLOCK_N': 16, 'BLOCK_K': 128, 'NUM_KSPLIT': 8, 'num_warps': 8, 'num_stages': 1, 'waves_per_eu': 1, 'USE_REDUCE_SPLITC': True, 'BLOCK_M_SPLITC': 32, 'BLOCK_C_SPLITC': 64}
[Monitor] Results saved to: best_configs_mhc_fused_mhc_sk20_M1024_2048_4096_8192_16384_n4_C32768_20260430_143049.json
[Monitor] ================================================================================

[Worker GPU 4] Received stop signal, terminating...
[Worker GPU 6] Received stop signal, terminating...
[Worker GPU 7] Received stop signal, terminating...
[Worker GPU 5] Received stop signal, terminating...
[Main] Completed tuning for fused_mhc: M=4096, n=4, C=32768, sinkhorn_iters=20


================================================================================
Starting tuning for fused_mhc: M=8192, n=4, C=32768, sinkhorn_iters=20
================================================================================
[Main] Testing 9792/9792 configs (skipping 0 already tested)
[aiter] import [module_aiter_core] under /home/anguyenh/aiter/aiter/jit/module_aiter_core.so
[aiter] import [module_aiter_core] under /home/anguyenh/aiter/aiter/jit/module_aiter_core.so

[Monitor] Started monitoring results for fused_mhc: M=8192, n=4, C=32768, sinkhorn_iters=20
[Monitor] Waiting for 9792 benchmark results...
[Monitor] Will stop early if no improvement after 200 configs
[Monitor] ✓ New best! Config 4459/9792: 2.394 ms (Progress: 1/9792)
[Monitor] ✓ New best! Config 3422/9792: 2.033 ms (Progress: 2/9792)
[Monitor] ✓ New best! Config 1922/9792: 1.868 ms (Progress: 3/9792)
[aiter] import [module_aiter_core] under /home/anguyenh/aiter/aiter/jit/module_aiter_core.so
[Monitor] ✓ New best! Config 7864/9792: 1.805 ms (Progress: 10/9792)
[aiter] import [module_aiter_core] under /home/anguyenh/aiter/aiter/jit/module_aiter_core.so
[Monitor] ✓ New best! Config 2745/9792: 1.629 ms (Progress: 17/9792)
[Monitor] ✓ New best! Config 1495/9792: 1.573 ms (Progress: 18/9792)
[Monitor] ✓ New best! Config 1888/9792: 1.481 ms (Progress: 23/9792)
[Monitor] ✓ New best! Config 8596/9792: 1.231 ms (Progress: 28/9792)
[aiter] import [module_aiter_core] under /home/anguyenh/aiter/aiter/jit/module_aiter_core.so
[Monitor] Progress: 78/9792 (Valid: 78, Failed: 0, Best: 1.231 ms, No improvement: 50/200)
[Monitor] Progress: 128/9792 (Valid: 128, Failed: 0, Best: 1.231 ms, No improvement: 100/200)
[Monitor] Progress: 178/9792 (Valid: 178, Failed: 0, Best: 1.231 ms, No improvement: 150/200)

[Monitor] ⚠️  Early stopping: No improvement for 200 configs
[Monitor] Best config found: 1.231 ms at index 8596

[Monitor] ================================================================================
[Monitor] RESULTS SUMMARY for fused_mhc: M=8192, n=4, C=32768, sinkhorn_iters=20
[Monitor] ================================================================================
[Monitor] Total configs tested: 228/9792
[Monitor] Valid results: 228
[Monitor] Failed configs: 0
[Monitor] Best time: 1.231 ms
[Monitor] Best config index: 8596
[Monitor] Best config: {'BLOCK_M': 256, 'BLOCK_N': 16, 'BLOCK_K': 64, 'NUM_KSPLIT': 8, 'num_warps': 8, 'num_stages': 1, 'waves_per_eu': 0, 'USE_REDUCE_SPLITC': True, 'BLOCK_M_SPLITC': 16, 'BLOCK_C_SPLITC': 256}
[Monitor] Results saved to: best_configs_mhc_fused_mhc_sk20_M1024_2048_4096_8192_16384_n4_C32768_20260430_143049.json
[Monitor] ================================================================================

[Worker GPU 7] Received stop signal, terminating...
[Worker GPU 4] Received stop signal, terminating...
[Worker GPU 5] Received stop signal, terminating...
[Worker GPU 6] Received stop signal, terminating...
[Main] Completed tuning for fused_mhc: M=8192, n=4, C=32768, sinkhorn_iters=20


================================================================================
Starting tuning for fused_mhc: M=16384, n=4, C=32768, sinkhorn_iters=20
================================================================================
[Main] Testing 9792/9792 configs (skipping 0 already tested)
[aiter] import [module_aiter_core] under /home/anguyenh/aiter/aiter/jit/module_aiter_core.so
[aiter] import [module_aiter_core] under /home/anguyenh/aiter/aiter/jit/module_aiter_core.so

[Monitor] Started monitoring results for fused_mhc: M=16384, n=4, C=32768, sinkhorn_iters=20
[Monitor] Waiting for 9792 benchmark results...
[Monitor] Will stop early if no improvement after 200 configs
[Monitor] ✓ New best! Config 4459/9792: 4.928 ms (Progress: 1/9792)
[Monitor] ✓ New best! Config 3422/9792: 4.171 ms (Progress: 2/9792)
[Monitor] ✓ New best! Config 175/9792: 3.397 ms (Progress: 4/9792)
[aiter] import [module_aiter_core] under /home/anguyenh/aiter/aiter/jit/module_aiter_core.so
[Monitor] ✓ New best! Config 5391/9792: 3.170 ms (Progress: 6/9792)
[Monitor] ✓ New best! Config 8318/9792: 2.859 ms (Progress: 13/9792)
[aiter] import [module_aiter_core] under /home/anguyenh/aiter/aiter/jit/module_aiter_core.so
[Monitor] ✓ New best! Config 8596/9792: 2.458 ms (Progress: 23/9792)
[aiter] import [module_aiter_core] under /home/anguyenh/aiter/aiter/jit/module_aiter_core.so
[Monitor] ✓ New best! Config 6010/9792: 2.356 ms (Progress: 36/9792)
[Monitor] Progress: 86/9792 (Valid: 86, Failed: 0, Best: 2.356 ms, No improvement: 50/200)
[Monitor] Progress: 136/9792 (Valid: 136, Failed: 0, Best: 2.356 ms, No improvement: 100/200)
[Monitor] Progress: 186/9792 (Valid: 186, Failed: 0, Best: 2.356 ms, No improvement: 150/200)

[Monitor] ⚠️  Early stopping: No improvement for 200 configs
[Monitor] Best config found: 2.356 ms at index 6010

[Monitor] ================================================================================
[Monitor] RESULTS SUMMARY for fused_mhc: M=16384, n=4, C=32768, sinkhorn_iters=20
[Monitor] ================================================================================
[Monitor] Total configs tested: 236/9792
[Monitor] Valid results: 236
[Monitor] Failed configs: 0
[Monitor] Best time: 2.356 ms
[Monitor] Best config index: 6010
[Monitor] Best config: {'BLOCK_M': 128, 'BLOCK_N': 16, 'BLOCK_K': 64, 'NUM_KSPLIT': 2, 'num_warps': 8, 'num_stages': 1, 'waves_per_eu': 0, 'USE_REDUCE_SPLITC': True, 'BLOCK_M_SPLITC': 64, 'BLOCK_C_SPLITC': 64}
[Monitor] Results saved to: best_configs_mhc_fused_mhc_sk20_M1024_2048_4096_8192_16384_n4_C32768_20260430_143049.json
[Monitor] ================================================================================

[Worker GPU 6] Received stop signal, terminating...
[Worker GPU 5] Received stop signal, terminating...
[Worker GPU 7] Received stop signal, terminating...
[Worker GPU 4] Received stop signal, terminating...
[Main] Completed tuning for fused_mhc: M=16384, n=4, C=32768, sinkhorn_iters=20


--------------------------------------------------------------------------------
COMPLETED C=32768
  Time: 0:02:21.072002
  M values tuned: 5
  Results saved to: best_configs_mhc_fused_mhc_sk20_M1024_2048_4096_8192_16384_n4_C32768_20260430_143049.json
--------------------------------------------------------------------------------

================================================================================
TUNING COMPLETE
  Kernel: fused_mhc
  Sinkhorn iterations: 20
  C values tuned: [32768]
  Total time: 0:02:21.075382
  M values per C: 5
  Configs per M value: 9792
  Total benchmarks: 48960
  Output files:
    - best_configs_mhc_fused_mhc_sk20_M1024_2048_4096_8192_16384_n4_C32768_20260430_143049.json
================================================================================
[Thu Apr 30 14:33:11 UTC 2026] === All C buckets done ===
