[aiter] import [module_aiter_core] under /home/anguyenh/aiter/aiter/jit/module_aiter_core.so
Tuning kernel: fused_mhc
M values: [1024, 2048, 16384]
n: 4
C values: [4096]
Sinkhorn iterations: 20
Data type: bf16
Loaded tuning space from 'tuning_results/tuning_space_mhc.json'
Total configurations to tune: 9792 (shuffled randomly)
Using 4 worker(s) on GPU(s): [4, 5, 6, 7]

################################################################################
# TUNING C=4096
################################################################################

================================================================================
Starting tuning for fused_mhc: M=1024, n=4, C=4096, sinkhorn_iters=20
================================================================================
[Main] Testing 9792/9792 configs (skipping 0 already tested)
[aiter] import [module_aiter_core] under /home/anguyenh/aiter/aiter/jit/module_aiter_core.so
[aiter] import [module_aiter_core] under /home/anguyenh/aiter/aiter/jit/module_aiter_core.so

[Monitor] Started monitoring results for fused_mhc: M=1024, n=4, C=4096, sinkhorn_iters=20
[Monitor] Waiting for 9792 benchmark results...
[Monitor] Will stop early if no improvement after 500 configs
[Monitor] ✓ New best! Config 4776/9792: 0.099 ms (Progress: 1/9792)
[Monitor] ✓ New best! Config 5060/9792: 0.055 ms (Progress: 5/9792)
[aiter] import [module_aiter_core] under /home/anguyenh/aiter/aiter/jit/module_aiter_core.so
[Monitor] ✓ New best! Config 3999/9792: 0.049 ms (Progress: 6/9792)
[Monitor] ✓ New best! Config 2713/9792: 0.044 ms (Progress: 15/9792)
[aiter] import [module_aiter_core] under /home/anguyenh/aiter/aiter/jit/module_aiter_core.so
[Monitor] ✓ New best! Config 132/9792: 0.044 ms (Progress: 28/9792)
[aiter] import [module_aiter_core] under /home/anguyenh/aiter/aiter/jit/module_aiter_core.so
[Monitor] ✓ New best! Config 2787/9792: 0.040 ms (Progress: 60/9792)
[Monitor] Progress: 110/9792 (Valid: 110, Failed: 0, Best: 0.040 ms, No improvement: 50/500)
[Monitor] Progress: 160/9792 (Valid: 160, Failed: 0, Best: 0.040 ms, No improvement: 100/500)
[Monitor] Progress: 210/9792 (Valid: 210, Failed: 0, Best: 0.040 ms, No improvement: 150/500)
[Monitor] Progress: 260/9792 (Valid: 260, Failed: 0, Best: 0.040 ms, No improvement: 200/500)
[Monitor] ✓ New best! Config 2264/9792: 0.038 ms (Progress: 277/9792)
[Monitor] Progress: 327/9792 (Valid: 327, Failed: 0, Best: 0.038 ms, No improvement: 50/500)
[Monitor] Progress: 377/9792 (Valid: 377, Failed: 0, Best: 0.038 ms, No improvement: 100/500)
[Monitor] Progress: 427/9792 (Valid: 427, Failed: 0, Best: 0.038 ms, No improvement: 150/500)
[Monitor] Progress: 477/9792 (Valid: 477, Failed: 0, Best: 0.038 ms, No improvement: 200/500)
[Monitor] Progress: 527/9792 (Valid: 527, Failed: 0, Best: 0.038 ms, No improvement: 250/500)
[Monitor] Progress: 577/9792 (Valid: 577, Failed: 0, Best: 0.038 ms, No improvement: 300/500)
[Monitor] Progress: 627/9792 (Valid: 627, Failed: 0, Best: 0.038 ms, No improvement: 350/500)
[Monitor] Progress: 677/9792 (Valid: 677, Failed: 0, Best: 0.038 ms, No improvement: 400/500)
[Monitor] Progress: 727/9792 (Valid: 727, Failed: 0, Best: 0.038 ms, No improvement: 450/500)

[Monitor] ⚠️  Early stopping: No improvement for 500 configs
[Monitor] Best config found: 0.038 ms at index 2264

[Monitor] ================================================================================
[Monitor] RESULTS SUMMARY for fused_mhc: M=1024, n=4, C=4096, sinkhorn_iters=20
[Monitor] ================================================================================
[Monitor] Total configs tested: 777/9792
[Monitor] Valid results: 777
[Monitor] Failed configs: 0
[Monitor] Best time: 0.038 ms
[Monitor] Best config index: 2264
[Monitor] Best config: {'BLOCK_M': 32, 'BLOCK_N': 16, 'BLOCK_K': 128, 'NUM_KSPLIT': 8, 'num_warps': 8, 'num_stages': 1, 'waves_per_eu': 0, 'USE_REDUCE_SPLITC': True, 'BLOCK_M_SPLITC': 32, 'BLOCK_C_SPLITC': 256}
[Monitor] Results saved to: best_configs_mhc_fused_mhc_sk20_M1024_2048_16384_n4_C4096_20260430_150824.json
[Monitor] ================================================================================

[Worker GPU 4] Received stop signal, terminating...
[Worker GPU 6] Received stop signal, terminating...
[Worker GPU 7] Received stop signal, terminating...
[Worker GPU 5] Received stop signal, terminating...
[Main] Completed tuning for fused_mhc: M=1024, n=4, C=4096, sinkhorn_iters=20


================================================================================
Starting tuning for fused_mhc: M=2048, n=4, C=4096, sinkhorn_iters=20
================================================================================
[Main] Testing 9792/9792 configs (skipping 0 already tested)
[aiter] import [module_aiter_core] under /home/anguyenh/aiter/aiter/jit/module_aiter_core.so
[aiter] import [module_aiter_core] under /home/anguyenh/aiter/aiter/jit/module_aiter_core.so

[Monitor] Started monitoring results for fused_mhc: M=2048, n=4, C=4096, sinkhorn_iters=20
[Monitor] Waiting for 9792 benchmark results...
[Monitor] Will stop early if no improvement after 500 configs
[Monitor] ✓ New best! Config 4776/9792: 0.107 ms (Progress: 1/9792)
[aiter] import [module_aiter_core] under /home/anguyenh/aiter/aiter/jit/module_aiter_core.so
[Monitor] ✓ New best! Config 5060/9792: 0.074 ms (Progress: 5/9792)
[Monitor] ✓ New best! Config 3999/9792: 0.061 ms (Progress: 6/9792)
[aiter] import [module_aiter_core] under /home/anguyenh/aiter/aiter/jit/module_aiter_core.so
[aiter] import [module_aiter_core] under /home/anguyenh/aiter/aiter/jit/module_aiter_core.so
[Monitor] Progress: 56/9792 (Valid: 56, Failed: 0, Best: 0.061 ms, No improvement: 50/500)
[Monitor] ✓ New best! Config 2787/9792: 0.055 ms (Progress: 61/9792)
[Monitor] Progress: 111/9792 (Valid: 111, Failed: 0, Best: 0.055 ms, No improvement: 50/500)
[Monitor] Progress: 161/9792 (Valid: 161, Failed: 0, Best: 0.055 ms, No improvement: 100/500)
[Monitor] Progress: 211/9792 (Valid: 211, Failed: 0, Best: 0.055 ms, No improvement: 150/500)
[Monitor] Progress: 261/9792 (Valid: 261, Failed: 0, Best: 0.055 ms, No improvement: 200/500)
[Monitor] Progress: 311/9792 (Valid: 311, Failed: 0, Best: 0.055 ms, No improvement: 250/500)
[Monitor] Progress: 361/9792 (Valid: 361, Failed: 0, Best: 0.055 ms, No improvement: 300/500)
[Monitor] Progress: 411/9792 (Valid: 411, Failed: 0, Best: 0.055 ms, No improvement: 350/500)
[Monitor] ✓ New best! Config 5091/9792: 0.053 ms (Progress: 441/9792)
[Monitor] Progress: 491/9792 (Valid: 491, Failed: 0, Best: 0.053 ms, No improvement: 50/500)
[Monitor] Progress: 541/9792 (Valid: 541, Failed: 0, Best: 0.053 ms, No improvement: 100/500)
[Monitor] Progress: 591/9792 (Valid: 591, Failed: 0, Best: 0.053 ms, No improvement: 150/500)
[Monitor] Progress: 641/9792 (Valid: 641, Failed: 0, Best: 0.053 ms, No improvement: 200/500)
[Monitor] Progress: 691/9792 (Valid: 691, Failed: 0, Best: 0.053 ms, No improvement: 250/500)
[Monitor] Progress: 741/9792 (Valid: 741, Failed: 0, Best: 0.053 ms, No improvement: 300/500)
[Monitor] Progress: 791/9792 (Valid: 791, Failed: 0, Best: 0.053 ms, No improvement: 350/500)
[Monitor] Progress: 841/9792 (Valid: 841, Failed: 0, Best: 0.053 ms, No improvement: 400/500)
[Monitor] Progress: 891/9792 (Valid: 891, Failed: 0, Best: 0.053 ms, No improvement: 450/500)

[Monitor] ⚠️  Early stopping: No improvement for 500 configs
[Monitor] Best config found: 0.053 ms at index 5091

[Monitor] ================================================================================
[Monitor] RESULTS SUMMARY for fused_mhc: M=2048, n=4, C=4096, sinkhorn_iters=20
[Monitor] ================================================================================
[Monitor] Total configs tested: 941/9792
[Monitor] Valid results: 941
[Monitor] Failed configs: 0
[Monitor] Best time: 0.053 ms
[Monitor] Best config index: 5091
[Monitor] Best config: {'BLOCK_M': 64, 'BLOCK_N': 16, 'BLOCK_K': 256, 'NUM_KSPLIT': 8, 'num_warps': 4, 'num_stages': 1, 'waves_per_eu': 0, 'USE_REDUCE_SPLITC': True, 'BLOCK_M_SPLITC': 16, 'BLOCK_C_SPLITC': 128}
[Monitor] Results saved to: best_configs_mhc_fused_mhc_sk20_M1024_2048_16384_n4_C4096_20260430_150824.json
[Monitor] ================================================================================

[Worker GPU 7] Received stop signal, terminating...
[Worker GPU 6] Received stop signal, terminating...
[Worker GPU 4] Received stop signal, terminating...
[Worker GPU 5] Received stop signal, terminating...
[Main] Completed tuning for fused_mhc: M=2048, n=4, C=4096, sinkhorn_iters=20


================================================================================
Starting tuning for fused_mhc: M=16384, n=4, C=4096, sinkhorn_iters=20
================================================================================
[Main] Testing 9792/9792 configs (skipping 0 already tested)
[aiter] import [module_aiter_core] under /home/anguyenh/aiter/aiter/jit/module_aiter_core.so
[aiter] import [module_aiter_core] under /home/anguyenh/aiter/aiter/jit/module_aiter_core.so

[Monitor] Started monitoring results for fused_mhc: M=16384, n=4, C=4096, sinkhorn_iters=20
[Monitor] Waiting for 9792 benchmark results...
[Monitor] Will stop early if no improvement after 500 configs
[Monitor] ✓ New best! Config 4776/9792: 0.407 ms (Progress: 1/9792)
[Monitor] ✓ New best! Config 3662/9792: 0.350 ms (Progress: 3/9792)
[aiter] import [module_aiter_core] under /home/anguyenh/aiter/aiter/jit/module_aiter_core.so
[aiter] import [module_aiter_core] under /home/anguyenh/aiter/aiter/jit/module_aiter_core.so
[aiter] import [module_aiter_core] under /home/anguyenh/aiter/aiter/jit/module_aiter_core.so
[Monitor] Progress: 53/9792 (Valid: 53, Failed: 0, Best: 0.350 ms, No improvement: 50/500)
[Monitor] ✓ New best! Config 6892/9792: 0.332 ms (Progress: 58/9792)
[Monitor] ✓ New best! Config 6744/9792: 0.330 ms (Progress: 73/9792)
[Monitor] Progress: 123/9792 (Valid: 123, Failed: 0, Best: 0.330 ms, No improvement: 50/500)
[Monitor] Progress: 173/9792 (Valid: 173, Failed: 0, Best: 0.330 ms, No improvement: 100/500)
[Monitor] Progress: 223/9792 (Valid: 223, Failed: 0, Best: 0.330 ms, No improvement: 150/500)
[Monitor] Progress: 273/9792 (Valid: 273, Failed: 0, Best: 0.330 ms, No improvement: 200/500)
[Monitor] Progress: 323/9792 (Valid: 323, Failed: 0, Best: 0.330 ms, No improvement: 250/500)
[Monitor] Progress: 373/9792 (Valid: 373, Failed: 0, Best: 0.330 ms, No improvement: 300/500)
[Monitor] Progress: 423/9792 (Valid: 423, Failed: 0, Best: 0.330 ms, No improvement: 350/500)
[Monitor] Progress: 473/9792 (Valid: 473, Failed: 0, Best: 0.330 ms, No improvement: 400/500)
[Monitor] ✓ New best! Config 4808/9792: 0.317 ms (Progress: 495/9792)
[Monitor] Progress: 545/9792 (Valid: 545, Failed: 0, Best: 0.317 ms, No improvement: 50/500)
[Monitor] ✓ New best! Config 283/9792: 0.317 ms (Progress: 551/9792)
[Monitor] Progress: 601/9792 (Valid: 601, Failed: 0, Best: 0.317 ms, No improvement: 50/500)
[Monitor] Progress: 651/9792 (Valid: 651, Failed: 0, Best: 0.317 ms, No improvement: 100/500)
[Monitor] ✓ New best! Config 4952/9792: 0.316 ms (Progress: 663/9792)
[Monitor] Progress: 713/9792 (Valid: 713, Failed: 0, Best: 0.316 ms, No improvement: 50/500)
[Monitor] Progress: 763/9792 (Valid: 763, Failed: 0, Best: 0.316 ms, No improvement: 100/500)
[Monitor] Progress: 813/9792 (Valid: 813, Failed: 0, Best: 0.316 ms, No improvement: 150/500)
[Monitor] Progress: 863/9792 (Valid: 863, Failed: 0, Best: 0.316 ms, No improvement: 200/500)
[Monitor] Progress: 913/9792 (Valid: 913, Failed: 0, Best: 0.316 ms, No improvement: 250/500)
[Monitor] Progress: 963/9792 (Valid: 963, Failed: 0, Best: 0.316 ms, No improvement: 300/500)
[Monitor] Progress: 1013/9792 (Valid: 1013, Failed: 0, Best: 0.316 ms, No improvement: 350/500)
[Monitor] Progress: 1063/9792 (Valid: 1063, Failed: 0, Best: 0.316 ms, No improvement: 400/500)
[Monitor] Progress: 1113/9792 (Valid: 1113, Failed: 0, Best: 0.316 ms, No improvement: 450/500)

[Monitor] ⚠️  Early stopping: No improvement for 500 configs
[Monitor] Best config found: 0.316 ms at index 4952

[Monitor] ================================================================================
[Monitor] RESULTS SUMMARY for fused_mhc: M=16384, n=4, C=4096, sinkhorn_iters=20
[Monitor] ================================================================================
[Monitor] Total configs tested: 1163/9792
[Monitor] Valid results: 1163
[Monitor] Failed configs: 0
[Monitor] Best time: 0.316 ms
[Monitor] Best config index: 4952
[Monitor] Best config: {'BLOCK_M': 64, 'BLOCK_N': 16, 'BLOCK_K': 256, 'NUM_KSPLIT': 4, 'num_warps': 4, 'num_stages': 1, 'waves_per_eu': 0, 'USE_REDUCE_SPLITC': True, 'BLOCK_M_SPLITC': 32, 'BLOCK_C_SPLITC': 256}
[Monitor] Results saved to: best_configs_mhc_fused_mhc_sk20_M1024_2048_16384_n4_C4096_20260430_150824.json
[Monitor] ================================================================================

[Worker GPU 5] Received stop signal, terminating...
[Worker GPU 7] Received stop signal, terminating...
[Worker GPU 6] Received stop signal, terminating...
[Worker GPU 4] Received stop signal, terminating...
[Main] Completed tuning for fused_mhc: M=16384, n=4, C=4096, sinkhorn_iters=20


--------------------------------------------------------------------------------
COMPLETED C=4096
  Time: 0:03:02.663449
  M values tuned: 3
  Results saved to: best_configs_mhc_fused_mhc_sk20_M1024_2048_16384_n4_C4096_20260430_150824.json
--------------------------------------------------------------------------------

================================================================================
TUNING COMPLETE
  Kernel: fused_mhc
  Sinkhorn iterations: 20
  C values tuned: [4096]
  Total time: 0:03:02.666985
  M values per C: 3
  Configs per M value: 9792
  Total benchmarks: 29376
  Output files:
    - best_configs_mhc_fused_mhc_sk20_M1024_2048_16384_n4_C4096_20260430_150824.json
================================================================================
