[aiter] import [module_aiter_core] under /home/anguyenh/aiter/aiter/jit/module_aiter_core.so
Tuning kernel: fused_mhc
M values: [1024, 2048]
n: 4
C values: [32768]
Sinkhorn iterations: 20
Data type: bf16
Loaded tuning space from 'tuning_results/tuning_space_mhc.json'
Total configurations to tune: 9792 (shuffled randomly)
Using 4 worker(s) on GPU(s): [4, 5, 6, 7]

################################################################################
# TUNING C=32768
################################################################################

================================================================================
Starting tuning for fused_mhc: M=1024, n=4, C=32768, sinkhorn_iters=20
================================================================================
[Main] Testing 9792/9792 configs (skipping 0 already tested)
[aiter] import [module_aiter_core] under /home/anguyenh/aiter/aiter/jit/module_aiter_core.so
[aiter] import [module_aiter_core] under /home/anguyenh/aiter/aiter/jit/module_aiter_core.so

[Monitor] Started monitoring results for fused_mhc: M=1024, n=4, C=32768, sinkhorn_iters=20
[Monitor] Waiting for 9792 benchmark results...
[Monitor] Will stop early if no improvement after 500 configs
[Monitor] ✓ New best! Config 2447/9792: 0.795 ms (Progress: 1/9792)
[aiter] import [module_aiter_core] under /home/anguyenh/aiter/aiter/jit/module_aiter_core.so
[Monitor] ✓ New best! Config 7110/9792: 0.697 ms (Progress: 6/9792)
[Monitor] ✓ New best! Config 9783/9792: 0.349 ms (Progress: 10/9792)
[aiter] import [module_aiter_core] under /home/anguyenh/aiter/aiter/jit/module_aiter_core.so
[aiter] import [module_aiter_core] under /home/anguyenh/aiter/aiter/jit/module_aiter_core.so
[Monitor] ✓ New best! Config 4519/9792: 0.233 ms (Progress: 50/9792)
[Monitor] ✓ New best! Config 2788/9792: 0.204 ms (Progress: 54/9792)
[Monitor] Progress: 104/9792 (Valid: 104, Failed: 0, Best: 0.204 ms, No improvement: 50/500)
[Monitor] Progress: 154/9792 (Valid: 154, Failed: 0, Best: 0.204 ms, No improvement: 100/500)
[Monitor] Progress: 204/9792 (Valid: 204, Failed: 0, Best: 0.204 ms, No improvement: 150/500)
[Monitor] Progress: 254/9792 (Valid: 254, Failed: 0, Best: 0.204 ms, No improvement: 200/500)
[Monitor] Progress: 304/9792 (Valid: 304, Failed: 0, Best: 0.204 ms, No improvement: 250/500)
[Monitor] ✓ New best! Config 2787/9792: 0.204 ms (Progress: 316/9792)
[Monitor] Progress: 366/9792 (Valid: 366, Failed: 0, Best: 0.204 ms, No improvement: 50/500)
[Monitor] Progress: 416/9792 (Valid: 416, Failed: 0, Best: 0.204 ms, No improvement: 100/500)
[Monitor] Progress: 466/9792 (Valid: 466, Failed: 0, Best: 0.204 ms, No improvement: 150/500)
[Monitor] Progress: 516/9792 (Valid: 516, Failed: 0, Best: 0.204 ms, No improvement: 200/500)
[Monitor] Progress: 566/9792 (Valid: 566, Failed: 0, Best: 0.204 ms, No improvement: 250/500)
[Monitor] Progress: 616/9792 (Valid: 616, Failed: 0, Best: 0.204 ms, No improvement: 300/500)
[Monitor] Progress: 666/9792 (Valid: 666, Failed: 0, Best: 0.204 ms, No improvement: 350/500)
[Monitor] Progress: 716/9792 (Valid: 716, Failed: 0, Best: 0.204 ms, No improvement: 400/500)
[Monitor] Progress: 766/9792 (Valid: 766, Failed: 0, Best: 0.204 ms, No improvement: 450/500)

[Monitor] ⚠️  Early stopping: No improvement for 500 configs
[Monitor] Best config found: 0.204 ms at index 2787

[Monitor] ================================================================================
[Monitor] RESULTS SUMMARY for fused_mhc: M=1024, n=4, C=32768, sinkhorn_iters=20
[Monitor] ================================================================================
[Monitor] Total configs tested: 816/9792
[Monitor] Valid results: 816
[Monitor] Failed configs: 0
[Monitor] Best time: 0.204 ms
[Monitor] Best config index: 2787
[Monitor] Best config: {'BLOCK_M': 32, 'BLOCK_N': 16, 'BLOCK_K': 256, 'NUM_KSPLIT': 8, 'num_warps': 4, 'num_stages': 1, 'waves_per_eu': 0, 'USE_REDUCE_SPLITC': True, 'BLOCK_M_SPLITC': 16, 'BLOCK_C_SPLITC': 128}
[Monitor] Results saved to: best_configs_mhc_fused_mhc_sk20_M1024_2048_n4_C32768_20260430_151130.json
[Monitor] ================================================================================

[Worker GPU 4] Received stop signal, terminating...
[Worker GPU 6] Received stop signal, terminating...
[Worker GPU 5] Received stop signal, terminating...
[Worker GPU 7] Received stop signal, terminating...
[Main] Completed tuning for fused_mhc: M=1024, n=4, C=32768, sinkhorn_iters=20


================================================================================
Starting tuning for fused_mhc: M=2048, n=4, C=32768, sinkhorn_iters=20
================================================================================
[Main] Testing 9792/9792 configs (skipping 0 already tested)
[aiter] import [module_aiter_core] under /home/anguyenh/aiter/aiter/jit/module_aiter_core.so
[aiter] import [module_aiter_core] under /home/anguyenh/aiter/aiter/jit/module_aiter_core.so

[Monitor] Started monitoring results for fused_mhc: M=2048, n=4, C=32768, sinkhorn_iters=20
[Monitor] Waiting for 9792 benchmark results...
[Monitor] Will stop early if no improvement after 500 configs
[Monitor] ✓ New best! Config 2447/9792: 0.877 ms (Progress: 1/9792)
[aiter] import [module_aiter_core] under /home/anguyenh/aiter/aiter/jit/module_aiter_core.so
[Monitor] ✓ New best! Config 7110/9792: 0.785 ms (Progress: 6/9792)
[Monitor] ✓ New best! Config 9783/9792: 0.440 ms (Progress: 10/9792)
[aiter] import [module_aiter_core] under /home/anguyenh/aiter/aiter/jit/module_aiter_core.so
[aiter] import [module_aiter_core] under /home/anguyenh/aiter/aiter/jit/module_aiter_core.so
[Monitor] ✓ New best! Config 4519/9792: 0.355 ms (Progress: 51/9792)
[Monitor] Progress: 101/9792 (Valid: 101, Failed: 0, Best: 0.355 ms, No improvement: 50/500)
[Monitor] Progress: 151/9792 (Valid: 151, Failed: 0, Best: 0.355 ms, No improvement: 100/500)
[Monitor] Progress: 201/9792 (Valid: 201, Failed: 0, Best: 0.355 ms, No improvement: 150/500)
[Monitor] Progress: 251/9792 (Valid: 251, Failed: 0, Best: 0.355 ms, No improvement: 200/500)
[Monitor] Progress: 301/9792 (Valid: 301, Failed: 0, Best: 0.355 ms, No improvement: 250/500)
[Monitor] Progress: 351/9792 (Valid: 351, Failed: 0, Best: 0.355 ms, No improvement: 300/500)
[Monitor] Progress: 401/9792 (Valid: 401, Failed: 0, Best: 0.355 ms, No improvement: 350/500)
[Monitor] Progress: 451/9792 (Valid: 451, Failed: 0, Best: 0.355 ms, No improvement: 400/500)
[Monitor] Progress: 501/9792 (Valid: 501, Failed: 0, Best: 0.355 ms, No improvement: 450/500)

[Monitor] ⚠️  Early stopping: No improvement for 500 configs
[Monitor] Best config found: 0.355 ms at index 4519

[Monitor] ================================================================================
[Monitor] RESULTS SUMMARY for fused_mhc: M=2048, n=4, C=32768, sinkhorn_iters=20
[Monitor] ================================================================================
[Monitor] Total configs tested: 551/9792
[Monitor] Valid results: 551
[Monitor] Failed configs: 0
[Monitor] Best time: 0.355 ms
[Monitor] Best config index: 4519
[Monitor] Best config: {'BLOCK_M': 64, 'BLOCK_N': 16, 'BLOCK_K': 128, 'NUM_KSPLIT': 8, 'num_warps': 4, 'num_stages': 1, 'waves_per_eu': 0, 'USE_REDUCE_SPLITC': True, 'BLOCK_M_SPLITC': 32, 'BLOCK_C_SPLITC': 128}
[Monitor] Results saved to: best_configs_mhc_fused_mhc_sk20_M1024_2048_n4_C32768_20260430_151130.json
[Monitor] ================================================================================

[Worker GPU 5] Received stop signal, terminating...
[Worker GPU 4] Received stop signal, terminating...
[Worker GPU 6] Received stop signal, terminating...
[Worker GPU 7] Received stop signal, terminating...
[Main] Completed tuning for fused_mhc: M=2048, n=4, C=32768, sinkhorn_iters=20


--------------------------------------------------------------------------------
COMPLETED C=32768
  Time: 0:01:36.093557
  M values tuned: 2
  Results saved to: best_configs_mhc_fused_mhc_sk20_M1024_2048_n4_C32768_20260430_151130.json
--------------------------------------------------------------------------------

================================================================================
TUNING COMPLETE
  Kernel: fused_mhc
  Sinkhorn iterations: 20
  C values tuned: [32768]
  Total time: 0:01:36.097062
  M values per C: 2
  Configs per M value: 9792
  Total benchmarks: 19584
  Output files:
    - best_configs_mhc_fused_mhc_sk20_M1024_2048_n4_C32768_20260430_151130.json
================================================================================
